{"C:\\Users\\RICHEY_SON\\Desktop\\AgentOS-web3\\src\\controllers\\PaymentController.js": {"path":"C:\\Users\\RICHEY_SON\\Desktop\\AgentOS-web3\\src\\controllers\\PaymentController.js","statementMap":{"0":{"start":{"line":1,"column":23},"end":{"line":1,"column":65}},"1":{"start":{"line":2,"column":22},"end":{"line":2,"column":63}},"2":{"start":{"line":3,"column":25},"end":{"line":3,"column":69}},"3":{"start":{"line":4,"column":25},"end":{"line":4,"column":62}},"4":{"start":{"line":5,"column":15},"end":{"line":5,"column":41}},"5":{"start":{"line":11,"column":24},"end":{"line":28,"column":6}},"6":{"start":{"line":12,"column":40},"end":{"line":12,"column":48}},"7":{"start":{"line":14,"column":8},"end":{"line":19,"column":9}},"8":{"start":{"line":15,"column":12},"end":{"line":18,"column":15}},"9":{"start":{"line":21,"column":24},"end":{"line":21,"column":90}},"10":{"start":{"line":23,"column":8},"end":{"line":27,"column":11}},"11":{"start":{"line":33,"column":21},"end":{"line":50,"column":6}},"12":{"start":{"line":34,"column":48},"end":{"line":34,"column":56}},"13":{"start":{"line":36,"column":8},"end":{"line":41,"column":9}},"14":{"start":{"line":37,"column":12},"end":{"line":40,"column":15}},"15":{"start":{"line":43,"column":25},"end":{"line":43,"column":95}},"16":{"start":{"line":45,"column":8},"end":{"line":49,"column":11}},"17":{"start":{"line":55,"column":24},"end":{"line":72,"column":6}},"18":{"start":{"line":56,"column":35},"end":{"line":56,"column":43}},"19":{"start":{"line":58,"column":8},"end":{"line":63,"column":9}},"20":{"start":{"line":59,"column":12},"end":{"line":62,"column":15}},"21":{"start":{"line":65,"column":24},"end":{"line":65,"column":78}},"22":{"start":{"line":67,"column":8},"end":{"line":71,"column":11}},"23":{"start":{"line":77,"column":19},"end":{"line":94,"column":6}},"24":{"start":{"line":78,"column":43},"end":{"line":78,"column":51}},"25":{"start":{"line":80,"column":8},"end":{"line":85,"column":9}},"26":{"start":{"line":81,"column":12},"end":{"line":84,"column":15}},"27":{"start":{"line":87,"column":27},"end":{"line":87,"column":92}},"28":{"start":{"line":89,"column":8},"end":{"line":93,"column":11}},"29":{"start":{"line":99,"column":21},"end":{"line":116,"column":6}},"30":{"start":{"line":100,"column":50},"end":{"line":100,"column":58}},"31":{"start":{"line":102,"column":8},"end":{"line":107,"column":9}},"32":{"start":{"line":103,"column":12},"end":{"line":106,"column":15}},"33":{"start":{"line":109,"column":23},"end":{"line":109,"column":89}},"34":{"start":{"line":111,"column":8},"end":{"line":115,"column":11}},"35":{"start":{"line":121,"column":24},"end":{"line":136,"column":6}},"36":{"start":{"line":122,"column":27},"end":{"line":122,"column":37}},"37":{"start":{"line":123,"column":31},"end":{"line":123,"column":40}},"38":{"start":{"line":125,"column":24},"end":{"line":125,"column":87}},"39":{"start":{"line":127,"column":8},"end":{"line":135,"column":11}},"40":{"start":{"line":141,"column":19},"end":{"line":158,"column":6}},"41":{"start":{"line":142,"column":34},"end":{"line":142,"column":42}},"42":{"start":{"line":144,"column":8},"end":{"line":149,"column":9}},"43":{"start":{"line":145,"column":12},"end":{"line":148,"column":15}},"44":{"start":{"line":151,"column":23},"end":{"line":151,"column":78}},"45":{"start":{"line":153,"column":8},"end":{"line":157,"column":11}},"46":{"start":{"line":163,"column":23},"end":{"line":180,"column":6}},"47":{"start":{"line":164,"column":37},"end":{"line":164,"column":45}},"48":{"start":{"line":166,"column":8},"end":{"line":171,"column":9}},"49":{"start":{"line":167,"column":12},"end":{"line":170,"column":15}},"50":{"start":{"line":173,"column":23},"end":{"line":173,"column":77}},"51":{"start":{"line":175,"column":8},"end":{"line":179,"column":11}},"52":{"start":{"line":185,"column":24},"end":{"line":209,"column":6}},"53":{"start":{"line":186,"column":36},"end":{"line":186,"column":44}},"54":{"start":{"line":188,"column":8},"end":{"line":193,"column":9}},"55":{"start":{"line":189,"column":12},"end":{"line":192,"column":15}},"56":{"start":{"line":195,"column":23},"end":{"line":195,"column":60}},"57":{"start":{"line":196,"column":33},"end":{"line":196,"column":63}},"58":{"start":{"line":198,"column":8},"end":{"line":200,"column":9}},"59":{"start":{"line":199,"column":12},"end":{"line":199,"column":57}},"60":{"start":{"line":202,"column":23},"end":{"line":202,"column":88}},"61":{"start":{"line":204,"column":8},"end":{"line":208,"column":11}},"62":{"start":{"line":214,"column":27},"end":{"line":235,"column":6}},"63":{"start":{"line":215,"column":36},"end":{"line":215,"column":44}},"64":{"start":{"line":217,"column":8},"end":{"line":222,"column":9}},"65":{"start":{"line":218,"column":12},"end":{"line":221,"column":15}},"66":{"start":{"line":224,"column":23},"end":{"line":224,"column":60}},"67":{"start":{"line":225,"column":33},"end":{"line":226,"column":73}},"68":{"start":{"line":226,"column":28},"end":{"line":226,"column":72}},"69":{"start":{"line":228,"column":23},"end":{"line":228,"column":88}},"70":{"start":{"line":230,"column":8},"end":{"line":234,"column":11}},"71":{"start":{"line":240,"column":23},"end":{"line":264,"column":6}},"72":{"start":{"line":241,"column":36},"end":{"line":241,"column":44}},"73":{"start":{"line":243,"column":8},"end":{"line":248,"column":9}},"74":{"start":{"line":244,"column":12},"end":{"line":247,"column":15}},"75":{"start":{"line":250,"column":23},"end":{"line":250,"column":60}},"76":{"start":{"line":251,"column":32},"end":{"line":251,"column":61}},"77":{"start":{"line":253,"column":8},"end":{"line":255,"column":9}},"78":{"start":{"line":254,"column":12},"end":{"line":254,"column":56}},"79":{"start":{"line":257,"column":23},"end":{"line":257,"column":86}},"80":{"start":{"line":259,"column":8},"end":{"line":263,"column":11}},"81":{"start":{"line":269,"column":23},"end":{"line":279,"column":6}},"82":{"start":{"line":270,"column":27},"end":{"line":270,"column":37}},"83":{"start":{"line":272,"column":24},"end":{"line":272,"column":68}},"84":{"start":{"line":274,"column":8},"end":{"line":278,"column":11}},"85":{"start":{"line":284,"column":24},"end":{"line":301,"column":6}},"86":{"start":{"line":285,"column":35},"end":{"line":285,"column":43}},"87":{"start":{"line":287,"column":8},"end":{"line":292,"column":9}},"88":{"start":{"line":288,"column":12},"end":{"line":291,"column":15}},"89":{"start":{"line":294,"column":26},"end":{"line":294,"column":89}},"90":{"start":{"line":296,"column":8},"end":{"line":300,"column":11}},"91":{"start":{"line":306,"column":22},"end":{"line":327,"column":6}},"92":{"start":{"line":307,"column":46},"end":{"line":307,"column":54}},"93":{"start":{"line":309,"column":8},"end":{"line":314,"column":9}},"94":{"start":{"line":310,"column":12},"end":{"line":313,"column":15}},"95":{"start":{"line":316,"column":24},"end":{"line":316,"column":89}},"96":{"start":{"line":318,"column":8},"end":{"line":326,"column":11}},"97":{"start":{"line":332,"column":33},"end":{"line":349,"column":6}},"98":{"start":{"line":333,"column":28},"end":{"line":333,"column":36}},"99":{"start":{"line":335,"column":8},"end":{"line":340,"column":9}},"100":{"start":{"line":336,"column":12},"end":{"line":339,"column":15}},"101":{"start":{"line":342,"column":26},"end":{"line":342,"column":81}},"102":{"start":{"line":344,"column":8},"end":{"line":348,"column":11}},"103":{"start":{"line":354,"column":23},"end":{"line":375,"column":6}},"104":{"start":{"line":355,"column":52},"end":{"line":355,"column":60}},"105":{"start":{"line":357,"column":8},"end":{"line":362,"column":9}},"106":{"start":{"line":358,"column":12},"end":{"line":361,"column":15}},"107":{"start":{"line":364,"column":26},"end":{"line":368,"column":9}},"108":{"start":{"line":370,"column":8},"end":{"line":374,"column":11}},"109":{"start":{"line":378,"column":0},"end":{"line":378,"column":41}}},"fnMap":{"0":{"name":"(anonymous_0)","decl":{"start":{"line":11,"column":37},"end":{"line":11,"column":38}},"loc":{"start":{"line":11,"column":57},"end":{"line":28,"column":5}},"line":11},"1":{"name":"(anonymous_1)","decl":{"start":{"line":33,"column":34},"end":{"line":33,"column":35}},"loc":{"start":{"line":33,"column":54},"end":{"line":50,"column":5}},"line":33},"2":{"name":"(anonymous_2)","decl":{"start":{"line":55,"column":37},"end":{"line":55,"column":38}},"loc":{"start":{"line":55,"column":57},"end":{"line":72,"column":5}},"line":55},"3":{"name":"(anonymous_3)","decl":{"start":{"line":77,"column":32},"end":{"line":77,"column":33}},"loc":{"start":{"line":77,"column":52},"end":{"line":94,"column":5}},"line":77},"4":{"name":"(anonymous_4)","decl":{"start":{"line":99,"column":34},"end":{"line":99,"column":35}},"loc":{"start":{"line":99,"column":54},"end":{"line":116,"column":5}},"line":99},"5":{"name":"(anonymous_5)","decl":{"start":{"line":121,"column":37},"end":{"line":121,"column":38}},"loc":{"start":{"line":121,"column":57},"end":{"line":136,"column":5}},"line":121},"6":{"name":"(anonymous_6)","decl":{"start":{"line":141,"column":32},"end":{"line":141,"column":33}},"loc":{"start":{"line":141,"column":52},"end":{"line":158,"column":5}},"line":141},"7":{"name":"(anonymous_7)","decl":{"start":{"line":163,"column":36},"end":{"line":163,"column":37}},"loc":{"start":{"line":163,"column":56},"end":{"line":180,"column":5}},"line":163},"8":{"name":"(anonymous_8)","decl":{"start":{"line":185,"column":37},"end":{"line":185,"column":38}},"loc":{"start":{"line":185,"column":57},"end":{"line":209,"column":5}},"line":185},"9":{"name":"(anonymous_9)","decl":{"start":{"line":214,"column":40},"end":{"line":214,"column":41}},"loc":{"start":{"line":214,"column":60},"end":{"line":235,"column":5}},"line":214},"10":{"name":"(anonymous_10)","decl":{"start":{"line":226,"column":20},"end":{"line":226,"column":21}},"loc":{"start":{"line":226,"column":28},"end":{"line":226,"column":72}},"line":226},"11":{"name":"(anonymous_11)","decl":{"start":{"line":240,"column":36},"end":{"line":240,"column":37}},"loc":{"start":{"line":240,"column":56},"end":{"line":264,"column":5}},"line":240},"12":{"name":"(anonymous_12)","decl":{"start":{"line":269,"column":36},"end":{"line":269,"column":37}},"loc":{"start":{"line":269,"column":56},"end":{"line":279,"column":5}},"line":269},"13":{"name":"(anonymous_13)","decl":{"start":{"line":284,"column":37},"end":{"line":284,"column":38}},"loc":{"start":{"line":284,"column":57},"end":{"line":301,"column":5}},"line":284},"14":{"name":"(anonymous_14)","decl":{"start":{"line":306,"column":35},"end":{"line":306,"column":36}},"loc":{"start":{"line":306,"column":55},"end":{"line":327,"column":5}},"line":306},"15":{"name":"(anonymous_15)","decl":{"start":{"line":332,"column":46},"end":{"line":332,"column":47}},"loc":{"start":{"line":332,"column":66},"end":{"line":349,"column":5}},"line":332},"16":{"name":"(anonymous_16)","decl":{"start":{"line":354,"column":36},"end":{"line":354,"column":37}},"loc":{"start":{"line":354,"column":56},"end":{"line":375,"column":5}},"line":354}},"branchMap":{"0":{"loc":{"start":{"line":14,"column":8},"end":{"line":19,"column":9}},"type":"if","locations":[{"start":{"line":14,"column":8},"end":{"line":19,"column":9}},{"start":{},"end":{}}],"line":14},"1":{"loc":{"start":{"line":14,"column":12},"end":{"line":14,"column":35}},"type":"binary-expr","locations":[{"start":{"line":14,"column":12},"end":{"line":14,"column":19}},{"start":{"line":14,"column":23},"end":{"line":14,"column":35}}],"line":14},"2":{"loc":{"start":{"line":36,"column":8},"end":{"line":41,"column":9}},"type":"if","locations":[{"start":{"line":36,"column":8},"end":{"line":41,"column":9}},{"start":{},"end":{}}],"line":36},"3":{"loc":{"start":{"line":36,"column":12},"end":{"line":36,"column":33}},"type":"binary-expr","locations":[{"start":{"line":36,"column":12},"end":{"line":36,"column":19}},{"start":{"line":36,"column":23},"end":{"line":36,"column":33}}],"line":36},"4":{"loc":{"start":{"line":43,"column":80},"end":{"line":43,"column":94}},"type":"binary-expr","locations":[{"start":{"line":43,"column":80},"end":{"line":43,"column":88}},{"start":{"line":43,"column":92},"end":{"line":43,"column":94}}],"line":43},"5":{"loc":{"start":{"line":58,"column":8},"end":{"line":63,"column":9}},"type":"if","locations":[{"start":{"line":58,"column":8},"end":{"line":63,"column":9}},{"start":{},"end":{}}],"line":58},"6":{"loc":{"start":{"line":80,"column":8},"end":{"line":85,"column":9}},"type":"if","locations":[{"start":{"line":80,"column":8},"end":{"line":85,"column":9}},{"start":{},"end":{}}],"line":80},"7":{"loc":{"start":{"line":80,"column":12},"end":{"line":80,"column":38}},"type":"binary-expr","locations":[{"start":{"line":80,"column":12},"end":{"line":80,"column":27}},{"start":{"line":80,"column":31},"end":{"line":80,"column":38}}],"line":80},"8":{"loc":{"start":{"line":102,"column":8},"end":{"line":107,"column":9}},"type":"if","locations":[{"start":{"line":102,"column":8},"end":{"line":107,"column":9}},{"start":{},"end":{}}],"line":102},"9":{"loc":{"start":{"line":102,"column":12},"end":{"line":102,"column":45}},"type":"binary-expr","locations":[{"start":{"line":102,"column":12},"end":{"line":102,"column":26}},{"start":{"line":102,"column":30},"end":{"line":102,"column":45}}],"line":102},"10":{"loc":{"start":{"line":123,"column":16},"end":{"line":123,"column":26}},"type":"default-arg","locations":[{"start":{"line":123,"column":24},"end":{"line":123,"column":26}}],"line":123},"11":{"loc":{"start":{"line":144,"column":8},"end":{"line":149,"column":9}},"type":"if","locations":[{"start":{"line":144,"column":8},"end":{"line":149,"column":9}},{"start":{},"end":{}}],"line":144},"12":{"loc":{"start":{"line":144,"column":12},"end":{"line":144,"column":29}},"type":"binary-expr","locations":[{"start":{"line":144,"column":12},"end":{"line":144,"column":19}},{"start":{"line":144,"column":23},"end":{"line":144,"column":29}}],"line":144},"13":{"loc":{"start":{"line":166,"column":8},"end":{"line":171,"column":9}},"type":"if","locations":[{"start":{"line":166,"column":8},"end":{"line":171,"column":9}},{"start":{},"end":{}}],"line":166},"14":{"loc":{"start":{"line":166,"column":12},"end":{"line":166,"column":32}},"type":"binary-expr","locations":[{"start":{"line":166,"column":12},"end":{"line":166,"column":19}},{"start":{"line":166,"column":23},"end":{"line":166,"column":32}}],"line":166},"15":{"loc":{"start":{"line":188,"column":8},"end":{"line":193,"column":9}},"type":"if","locations":[{"start":{"line":188,"column":8},"end":{"line":193,"column":9}},{"start":{},"end":{}}],"line":188},"16":{"loc":{"start":{"line":188,"column":12},"end":{"line":188,"column":31}},"type":"binary-expr","locations":[{"start":{"line":188,"column":12},"end":{"line":188,"column":19}},{"start":{"line":188,"column":23},"end":{"line":188,"column":31}}],"line":188},"17":{"loc":{"start":{"line":196,"column":33},"end":{"line":196,"column":63}},"type":"binary-expr","locations":[{"start":{"line":196,"column":33},"end":{"line":196,"column":57}},{"start":{"line":196,"column":61},"end":{"line":196,"column":63}}],"line":196},"18":{"loc":{"start":{"line":198,"column":8},"end":{"line":200,"column":9}},"type":"if","locations":[{"start":{"line":198,"column":8},"end":{"line":200,"column":9}},{"start":{},"end":{}}],"line":198},"19":{"loc":{"start":{"line":217,"column":8},"end":{"line":222,"column":9}},"type":"if","locations":[{"start":{"line":217,"column":8},"end":{"line":222,"column":9}},{"start":{},"end":{}}],"line":217},"20":{"loc":{"start":{"line":217,"column":12},"end":{"line":217,"column":31}},"type":"binary-expr","locations":[{"start":{"line":217,"column":12},"end":{"line":217,"column":19}},{"start":{"line":217,"column":23},"end":{"line":217,"column":31}}],"line":217},"21":{"loc":{"start":{"line":225,"column":34},"end":{"line":225,"column":64}},"type":"binary-expr","locations":[{"start":{"line":225,"column":34},"end":{"line":225,"column":58}},{"start":{"line":225,"column":62},"end":{"line":225,"column":64}}],"line":225},"22":{"loc":{"start":{"line":243,"column":8},"end":{"line":248,"column":9}},"type":"if","locations":[{"start":{"line":243,"column":8},"end":{"line":248,"column":9}},{"start":{},"end":{}}],"line":243},"23":{"loc":{"start":{"line":243,"column":12},"end":{"line":243,"column":31}},"type":"binary-expr","locations":[{"start":{"line":243,"column":12},"end":{"line":243,"column":19}},{"start":{"line":243,"column":23},"end":{"line":243,"column":31}}],"line":243},"24":{"loc":{"start":{"line":251,"column":32},"end":{"line":251,"column":61}},"type":"binary-expr","locations":[{"start":{"line":251,"column":32},"end":{"line":251,"column":55}},{"start":{"line":251,"column":59},"end":{"line":251,"column":61}}],"line":251},"25":{"loc":{"start":{"line":253,"column":8},"end":{"line":255,"column":9}},"type":"if","locations":[{"start":{"line":253,"column":8},"end":{"line":255,"column":9}},{"start":{},"end":{}}],"line":253},"26":{"loc":{"start":{"line":287,"column":8},"end":{"line":292,"column":9}},"type":"if","locations":[{"start":{"line":287,"column":8},"end":{"line":292,"column":9}},{"start":{},"end":{}}],"line":287},"27":{"loc":{"start":{"line":309,"column":8},"end":{"line":314,"column":9}},"type":"if","locations":[{"start":{"line":309,"column":8},"end":{"line":314,"column":9}},{"start":{},"end":{}}],"line":309},"28":{"loc":{"start":{"line":309,"column":12},"end":{"line":309,"column":41}},"type":"binary-expr","locations":[{"start":{"line":309,"column":12},"end":{"line":309,"column":22}},{"start":{"line":309,"column":26},"end":{"line":309,"column":41}}],"line":309},"29":{"loc":{"start":{"line":335,"column":8},"end":{"line":340,"column":9}},"type":"if","locations":[{"start":{"line":335,"column":8},"end":{"line":340,"column":9}},{"start":{},"end":{}}],"line":335},"30":{"loc":{"start":{"line":335,"column":12},"end":{"line":335,"column":47}},"type":"binary-expr","locations":[{"start":{"line":335,"column":12},"end":{"line":335,"column":20}},{"start":{"line":335,"column":24},"end":{"line":335,"column":47}}],"line":335},"31":{"loc":{"start":{"line":357,"column":8},"end":{"line":362,"column":9}},"type":"if","locations":[{"start":{"line":357,"column":8},"end":{"line":362,"column":9}},{"start":{},"end":{}}],"line":357},"32":{"loc":{"start":{"line":357,"column":12},"end":{"line":357,"column":39}},"type":"binary-expr","locations":[{"start":{"line":357,"column":12},"end":{"line":357,"column":28}},{"start":{"line":357,"column":32},"end":{"line":357,"column":39}}],"line":357},"33":{"loc":{"start":{"line":367,"column":12},"end":{"line":367,"column":24}},"type":"binary-expr","locations":[{"start":{"line":367,"column":12},"end":{"line":367,"column":18}},{"start":{"line":367,"column":22},"end":{"line":367,"column":24}}],"line":367}},"s":{"0":1,"1":1,"2":1,"3":1,"4":1,"5":1,"6":0,"7":0,"8":0,"9":0,"10":0,"11":1,"12":1,"13":1,"14":0,"15":1,"16":1,"17":1,"18":0,"19":0,"20":0,"21":0,"22":0,"23":1,"24":0,"25":0,"26":0,"27":0,"28":0,"29":1,"30":0,"31":0,"32":0,"33":0,"34":0,"35":1,"36":0,"37":0,"38":0,"39":0,"40":1,"41":0,"42":0,"43":0,"44":0,"45":0,"46":1,"47":1,"48":1,"49":0,"50":1,"51":1,"52":1,"53":0,"54":0,"55":0,"56":0,"57":0,"58":0,"59":0,"60":0,"61":0,"62":1,"63":0,"64":0,"65":0,"66":0,"67":0,"68":0,"69":0,"70":0,"71":1,"72":0,"73":0,"74":0,"75":0,"76":0,"77":0,"78":0,"79":0,"80":0,"81":1,"82":0,"83":0,"84":0,"85":1,"86":0,"87":0,"88":0,"89":0,"90":0,"91":1,"92":0,"93":0,"94":0,"95":0,"96":0,"97":1,"98":0,"99":0,"100":0,"101":0,"102":0,"103":1,"104":0,"105":0,"106":0,"107":0,"108":0,"109":1},"f":{"0":0,"1":1,"2":0,"3":0,"4":0,"5":0,"6":0,"7":1,"8":0,"9":0,"10":0,"11":0,"12":0,"13":0,"14":0,"15":0,"16":0},"b":{"0":[0,0],"1":[0,0],"2":[0,1],"3":[1,1],"4":[1,0],"5":[0,0],"6":[0,0],"7":[0,0],"8":[0,0],"9":[0,0],"10":[0],"11":[0,0],"12":[0,0],"13":[0,1],"14":[1,1],"15":[0,0],"16":[0,0],"17":[0,0],"18":[0,0],"19":[0,0],"20":[0,0],"21":[0,0],"22":[0,0],"23":[0,0],"24":[0,0],"25":[0,0],"26":[0,0],"27":[0,0],"28":[0,0],"29":[0,0],"30":[0,0],"31":[0,0],"32":[0,0],"33":[0,0]},"_coverageSchema":"1a1c01bbd47fc00a2c39e90264f33305004495a9","hash":"dda2993edd1b38504827b4021d46e339761a5b2d"}
,"C:\\Users\\RICHEY_SON\\Desktop\\AgentOS-web3\\src\\controllers\\chainGPTController.js": {"path":"C:\\Users\\RICHEY_SON\\Desktop\\AgentOS-web3\\src\\controllers\\chainGPTController.js","statementMap":{"0":{"start":{"line":1,"column":19},"end":{"line":1,"column":61}},"1":{"start":{"line":2,"column":25},"end":{"line":2,"column":73}},"2":{"start":{"line":3,"column":23},"end":{"line":3,"column":69}},"3":{"start":{"line":4,"column":25},"end":{"line":4,"column":62}},"4":{"start":{"line":5,"column":15},"end":{"line":5,"column":41}},"5":{"start":{"line":11,"column":11},"end":{"line":30,"column":6}},"6":{"start":{"line":12,"column":49},"end":{"line":12,"column":57}},"7":{"start":{"line":14,"column":8},"end":{"line":19,"column":9}},"8":{"start":{"line":15,"column":12},"end":{"line":18,"column":15}},"9":{"start":{"line":21,"column":8},"end":{"line":21,"column":47}},"10":{"start":{"line":23,"column":23},"end":{"line":23,"column":74}},"11":{"start":{"line":25,"column":8},"end":{"line":29,"column":11}},"12":{"start":{"line":35,"column":22},"end":{"line":54,"column":6}},"13":{"start":{"line":36,"column":33},"end":{"line":36,"column":41}},"14":{"start":{"line":38,"column":8},"end":{"line":43,"column":9}},"15":{"start":{"line":39,"column":12},"end":{"line":42,"column":15}},"16":{"start":{"line":45,"column":8},"end":{"line":45,"column":42}},"17":{"start":{"line":47,"column":23},"end":{"line":47,"column":69}},"18":{"start":{"line":49,"column":8},"end":{"line":53,"column":11}},"19":{"start":{"line":59,"column":23},"end":{"line":99,"column":6}},"20":{"start":{"line":60,"column":46},"end":{"line":60,"column":54}},"21":{"start":{"line":62,"column":8},"end":{"line":67,"column":9}},"22":{"start":{"line":63,"column":12},"end":{"line":66,"column":15}},"23":{"start":{"line":69,"column":8},"end":{"line":69,"column":64}},"24":{"start":{"line":73,"column":8},"end":{"line":92,"column":9}},"25":{"start":{"line":75,"column":16},"end":{"line":75,"column":76}},"26":{"start":{"line":76,"column":16},"end":{"line":76,"column":22}},"27":{"start":{"line":79,"column":16},"end":{"line":79,"column":77}},"28":{"start":{"line":80,"column":16},"end":{"line":80,"column":22}},"29":{"start":{"line":82,"column":16},"end":{"line":85,"column":18}},"30":{"start":{"line":86,"column":16},"end":{"line":86,"column":22}},"31":{"start":{"line":88,"column":16},"end":{"line":88,"column":75}},"32":{"start":{"line":89,"column":16},"end":{"line":89,"column":22}},"33":{"start":{"line":91,"column":16},"end":{"line":91,"column":77}},"34":{"start":{"line":94,"column":8},"end":{"line":98,"column":11}},"35":{"start":{"line":104,"column":20},"end":{"line":137,"column":6}},"36":{"start":{"line":105,"column":44},"end":{"line":105,"column":52}},"37":{"start":{"line":107,"column":8},"end":{"line":112,"column":9}},"38":{"start":{"line":108,"column":12},"end":{"line":111,"column":15}},"39":{"start":{"line":114,"column":8},"end":{"line":114,"column":65}},"40":{"start":{"line":118,"column":8},"end":{"line":130,"column":9}},"41":{"start":{"line":120,"column":16},"end":{"line":120,"column":74}},"42":{"start":{"line":121,"column":16},"end":{"line":121,"column":22}},"43":{"start":{"line":123,"column":16},"end":{"line":123,"column":80}},"44":{"start":{"line":124,"column":16},"end":{"line":124,"column":22}},"45":{"start":{"line":126,"column":16},"end":{"line":126,"column":75}},"46":{"start":{"line":127,"column":16},"end":{"line":127,"column":22}},"47":{"start":{"line":129,"column":16},"end":{"line":129,"column":74}},"48":{"start":{"line":132,"column":8},"end":{"line":136,"column":11}},"49":{"start":{"line":142,"column":25},"end":{"line":161,"column":6}},"50":{"start":{"line":143,"column":36},"end":{"line":143,"column":44}},"51":{"start":{"line":145,"column":8},"end":{"line":150,"column":9}},"52":{"start":{"line":146,"column":12},"end":{"line":149,"column":15}},"53":{"start":{"line":152,"column":8},"end":{"line":152,"column":46}},"54":{"start":{"line":154,"column":23},"end":{"line":154,"column":75}},"55":{"start":{"line":156,"column":8},"end":{"line":160,"column":11}},"56":{"start":{"line":166,"column":19},"end":{"line":198,"column":6}},"57":{"start":{"line":167,"column":36},"end":{"line":167,"column":44}},"58":{"start":{"line":169,"column":8},"end":{"line":174,"column":9}},"59":{"start":{"line":170,"column":12},"end":{"line":173,"column":15}},"60":{"start":{"line":177,"column":30},"end":{"line":180,"column":9}},"61":{"start":{"line":178,"column":12},"end":{"line":179,"column":62}},"62":{"start":{"line":182,"column":8},"end":{"line":187,"column":9}},"63":{"start":{"line":183,"column":12},"end":{"line":186,"column":15}},"64":{"start":{"line":189,"column":8},"end":{"line":189,"column":80}},"65":{"start":{"line":191,"column":23},"end":{"line":191,"column":69}},"66":{"start":{"line":193,"column":8},"end":{"line":197,"column":11}},"67":{"start":{"line":203,"column":20},"end":{"line":215,"column":6}},"68":{"start":{"line":204,"column":23},"end":{"line":204,"column":31}},"69":{"start":{"line":206,"column":8},"end":{"line":206,"column":46}},"70":{"start":{"line":208,"column":23},"end":{"line":208,"column":67}},"71":{"start":{"line":210,"column":8},"end":{"line":214,"column":11}},"72":{"start":{"line":220,"column":21},"end":{"line":232,"column":6}},"73":{"start":{"line":221,"column":23},"end":{"line":221,"column":31}},"74":{"start":{"line":223,"column":8},"end":{"line":223,"column":45}},"75":{"start":{"line":225,"column":23},"end":{"line":225,"column":68}},"76":{"start":{"line":227,"column":8},"end":{"line":231,"column":11}},"77":{"start":{"line":237,"column":20},"end":{"line":256,"column":6}},"78":{"start":{"line":238,"column":33},"end":{"line":238,"column":41}},"79":{"start":{"line":240,"column":8},"end":{"line":245,"column":9}},"80":{"start":{"line":241,"column":12},"end":{"line":244,"column":15}},"81":{"start":{"line":247,"column":8},"end":{"line":247,"column":49}},"82":{"start":{"line":249,"column":23},"end":{"line":249,"column":71}},"83":{"start":{"line":251,"column":8},"end":{"line":255,"column":11}},"84":{"start":{"line":261,"column":26},"end":{"line":280,"column":6}},"85":{"start":{"line":262,"column":33},"end":{"line":262,"column":41}},"86":{"start":{"line":264,"column":8},"end":{"line":269,"column":9}},"87":{"start":{"line":265,"column":12},"end":{"line":268,"column":15}},"88":{"start":{"line":271,"column":8},"end":{"line":271,"column":47}},"89":{"start":{"line":273,"column":23},"end":{"line":273,"column":77}},"90":{"start":{"line":275,"column":8},"end":{"line":279,"column":11}},"91":{"start":{"line":285,"column":17},"end":{"line":295,"column":6}},"92":{"start":{"line":286,"column":8},"end":{"line":286,"column":42}},"93":{"start":{"line":288,"column":8},"end":{"line":288,"column":32}},"94":{"start":{"line":290,"column":8},"end":{"line":294,"column":11}},"95":{"start":{"line":298,"column":0},"end":{"line":298,"column":42}}},"fnMap":{"0":{"name":"(anonymous_0)","decl":{"start":{"line":11,"column":24},"end":{"line":11,"column":25}},"loc":{"start":{"line":11,"column":44},"end":{"line":30,"column":5}},"line":11},"1":{"name":"(anonymous_1)","decl":{"start":{"line":35,"column":35},"end":{"line":35,"column":36}},"loc":{"start":{"line":35,"column":55},"end":{"line":54,"column":5}},"line":35},"2":{"name":"(anonymous_2)","decl":{"start":{"line":59,"column":36},"end":{"line":59,"column":37}},"loc":{"start":{"line":59,"column":56},"end":{"line":99,"column":5}},"line":59},"3":{"name":"(anonymous_3)","decl":{"start":{"line":104,"column":33},"end":{"line":104,"column":34}},"loc":{"start":{"line":104,"column":53},"end":{"line":137,"column":5}},"line":104},"4":{"name":"(anonymous_4)","decl":{"start":{"line":142,"column":38},"end":{"line":142,"column":39}},"loc":{"start":{"line":142,"column":58},"end":{"line":161,"column":5}},"line":142},"5":{"name":"(anonymous_5)","decl":{"start":{"line":166,"column":32},"end":{"line":166,"column":33}},"loc":{"start":{"line":166,"column":52},"end":{"line":198,"column":5}},"line":166},"6":{"name":"(anonymous_6)","decl":{"start":{"line":177,"column":45},"end":{"line":177,"column":46}},"loc":{"start":{"line":178,"column":12},"end":{"line":179,"column":62}},"line":178},"7":{"name":"(anonymous_7)","decl":{"start":{"line":203,"column":33},"end":{"line":203,"column":34}},"loc":{"start":{"line":203,"column":53},"end":{"line":215,"column":5}},"line":203},"8":{"name":"(anonymous_8)","decl":{"start":{"line":220,"column":34},"end":{"line":220,"column":35}},"loc":{"start":{"line":220,"column":54},"end":{"line":232,"column":5}},"line":220},"9":{"name":"(anonymous_9)","decl":{"start":{"line":237,"column":33},"end":{"line":237,"column":34}},"loc":{"start":{"line":237,"column":53},"end":{"line":256,"column":5}},"line":237},"10":{"name":"(anonymous_10)","decl":{"start":{"line":261,"column":39},"end":{"line":261,"column":40}},"loc":{"start":{"line":261,"column":59},"end":{"line":280,"column":5}},"line":261},"11":{"name":"(anonymous_11)","decl":{"start":{"line":285,"column":30},"end":{"line":285,"column":31}},"loc":{"start":{"line":285,"column":50},"end":{"line":295,"column":5}},"line":285}},"branchMap":{"0":{"loc":{"start":{"line":14,"column":8},"end":{"line":19,"column":9}},"type":"if","locations":[{"start":{"line":14,"column":8},"end":{"line":19,"column":9}},{"start":{},"end":{}}],"line":14},"1":{"loc":{"start":{"line":38,"column":8},"end":{"line":43,"column":9}},"type":"if","locations":[{"start":{"line":38,"column":8},"end":{"line":43,"column":9}},{"start":{},"end":{}}],"line":38},"2":{"loc":{"start":{"line":62,"column":8},"end":{"line":67,"column":9}},"type":"if","locations":[{"start":{"line":62,"column":8},"end":{"line":67,"column":9}},{"start":{},"end":{}}],"line":62},"3":{"loc":{"start":{"line":62,"column":12},"end":{"line":62,"column":33}},"type":"binary-expr","locations":[{"start":{"line":62,"column":12},"end":{"line":62,"column":24}},{"start":{"line":62,"column":28},"end":{"line":62,"column":33}}],"line":62},"4":{"loc":{"start":{"line":69,"column":44},"end":{"line":69,"column":60}},"type":"binary-expr","locations":[{"start":{"line":69,"column":44},"end":{"line":69,"column":48}},{"start":{"line":69,"column":52},"end":{"line":69,"column":60}}],"line":69},"5":{"loc":{"start":{"line":73,"column":8},"end":{"line":92,"column":9}},"type":"switch","locations":[{"start":{"line":74,"column":12},"end":{"line":76,"column":22}},{"start":{"line":77,"column":12},"end":{"line":77,"column":26}},{"start":{"line":78,"column":12},"end":{"line":80,"column":22}},{"start":{"line":81,"column":12},"end":{"line":86,"column":22}},{"start":{"line":87,"column":12},"end":{"line":89,"column":22}},{"start":{"line":90,"column":12},"end":{"line":91,"column":77}}],"line":73},"6":{"loc":{"start":{"line":75,"column":62},"end":{"line":75,"column":74}},"type":"binary-expr","locations":[{"start":{"line":75,"column":62},"end":{"line":75,"column":68}},{"start":{"line":75,"column":72},"end":{"line":75,"column":74}}],"line":75},"7":{"loc":{"start":{"line":79,"column":63},"end":{"line":79,"column":75}},"type":"binary-expr","locations":[{"start":{"line":79,"column":63},"end":{"line":79,"column":69}},{"start":{"line":79,"column":73},"end":{"line":79,"column":75}}],"line":79},"8":{"loc":{"start":{"line":83,"column":20},"end":{"line":83,"column":49}},"type":"binary-expr","locations":[{"start":{"line":83,"column":20},"end":{"line":83,"column":37}},{"start":{"line":83,"column":41},"end":{"line":83,"column":49}}],"line":83},"9":{"loc":{"start":{"line":84,"column":20},"end":{"line":84,"column":47}},"type":"binary-expr","locations":[{"start":{"line":84,"column":20},"end":{"line":84,"column":35}},{"start":{"line":84,"column":39},"end":{"line":84,"column":47}}],"line":84},"10":{"loc":{"start":{"line":107,"column":8},"end":{"line":112,"column":9}},"type":"if","locations":[{"start":{"line":107,"column":8},"end":{"line":112,"column":9}},{"start":{},"end":{}}],"line":107},"11":{"loc":{"start":{"line":114,"column":42},"end":{"line":114,"column":61}},"type":"binary-expr","locations":[{"start":{"line":114,"column":42},"end":{"line":114,"column":51}},{"start":{"line":114,"column":55},"end":{"line":114,"column":61}}],"line":114},"12":{"loc":{"start":{"line":118,"column":8},"end":{"line":130,"column":9}},"type":"switch","locations":[{"start":{"line":119,"column":12},"end":{"line":121,"column":22}},{"start":{"line":122,"column":12},"end":{"line":124,"column":22}},{"start":{"line":125,"column":12},"end":{"line":127,"column":22}},{"start":{"line":128,"column":12},"end":{"line":129,"column":74}}],"line":118},"13":{"loc":{"start":{"line":145,"column":8},"end":{"line":150,"column":9}},"type":"if","locations":[{"start":{"line":145,"column":8},"end":{"line":150,"column":9}},{"start":{},"end":{}}],"line":145},"14":{"loc":{"start":{"line":169,"column":8},"end":{"line":174,"column":9}},"type":"if","locations":[{"start":{"line":169,"column":8},"end":{"line":174,"column":9}},{"start":{},"end":{}}],"line":169},"15":{"loc":{"start":{"line":169,"column":12},"end":{"line":169,"column":74}},"type":"binary-expr","locations":[{"start":{"line":169,"column":12},"end":{"line":169,"column":21}},{"start":{"line":169,"column":25},"end":{"line":169,"column":49}},{"start":{"line":169,"column":53},"end":{"line":169,"column":74}}],"line":169},"16":{"loc":{"start":{"line":178,"column":12},"end":{"line":179,"column":62}},"type":"binary-expr","locations":[{"start":{"line":178,"column":12},"end":{"line":178,"column":20}},{"start":{"line":178,"column":24},"end":{"line":178,"column":35}},{"start":{"line":179,"column":12},"end":{"line":179,"column":62}}],"line":178},"17":{"loc":{"start":{"line":182,"column":8},"end":{"line":187,"column":9}},"type":"if","locations":[{"start":{"line":182,"column":8},"end":{"line":187,"column":9}},{"start":{},"end":{}}],"line":182},"18":{"loc":{"start":{"line":240,"column":8},"end":{"line":245,"column":9}},"type":"if","locations":[{"start":{"line":240,"column":8},"end":{"line":245,"column":9}},{"start":{},"end":{}}],"line":240},"19":{"loc":{"start":{"line":264,"column":8},"end":{"line":269,"column":9}},"type":"if","locations":[{"start":{"line":264,"column":8},"end":{"line":269,"column":9}},{"start":{},"end":{}}],"line":264}},"s":{"0":1,"1":1,"2":1,"3":1,"4":1,"5":1,"6":0,"7":0,"8":0,"9":0,"10":0,"11":0,"12":1,"13":0,"14":0,"15":0,"16":0,"17":0,"18":0,"19":1,"20":0,"21":0,"22":0,"23":0,"24":0,"25":0,"26":0,"27":0,"28":0,"29":0,"30":0,"31":0,"32":0,"33":0,"34":0,"35":1,"36":0,"37":0,"38":0,"39":0,"40":0,"41":0,"42":0,"43":0,"44":0,"45":0,"46":0,"47":0,"48":0,"49":1,"50":0,"51":0,"52":0,"53":0,"54":0,"55":0,"56":1,"57":0,"58":0,"59":0,"60":0,"61":0,"62":0,"63":0,"64":0,"65":0,"66":0,"67":1,"68":0,"69":0,"70":0,"71":0,"72":1,"73":0,"74":0,"75":0,"76":0,"77":1,"78":0,"79":0,"80":0,"81":0,"82":0,"83":0,"84":1,"85":0,"86":0,"87":0,"88":0,"89":0,"90":0,"91":1,"92":0,"93":0,"94":0,"95":1},"f":{"0":0,"1":0,"2":0,"3":0,"4":0,"5":0,"6":0,"7":0,"8":0,"9":0,"10":0,"11":0},"b":{"0":[0,0],"1":[0,0],"2":[0,0],"3":[0,0],"4":[0,0],"5":[0,0,0,0,0,0],"6":[0,0],"7":[0,0],"8":[0,0],"9":[0,0],"10":[0,0],"11":[0,0],"12":[0,0,0,0],"13":[0,0],"14":[0,0],"15":[0,0,0],"16":[0,0,0],"17":[0,0],"18":[0,0],"19":[0,0]},"_coverageSchema":"1a1c01bbd47fc00a2c39e90264f33305004495a9","hash":"0b1752d38ac6695016d13e6f4290ce4e6b9e7c75"}
,"C:\\Users\\RICHEY_SON\\Desktop\\AgentOS-web3\\src\\middleware\\errorHandler.js": {"path":"C:\\Users\\RICHEY_SON\\Desktop\\AgentOS-web3\\src\\middleware\\errorHandler.js","statementMap":{"0":{"start":{"line":1,"column":15},"end":{"line":1,"column":41}},"1":{"start":{"line":6,"column":8},"end":{"line":6,"column":23}},"2":{"start":{"line":7,"column":8},"end":{"line":7,"column":37}},"3":{"start":{"line":8,"column":8},"end":{"line":8,"column":73}},"4":{"start":{"line":9,"column":8},"end":{"line":9,"column":34}},"5":{"start":{"line":11,"column":8},"end":{"line":11,"column":56}},"6":{"start":{"line":16,"column":21},"end":{"line":20,"column":1}},"7":{"start":{"line":17,"column":4},"end":{"line":19,"column":6}},"8":{"start":{"line":18,"column":8},"end":{"line":18,"column":56}},"9":{"start":{"line":23,"column":24},"end":{"line":54,"column":1}},"10":{"start":{"line":24,"column":18},"end":{"line":24,"column":31}},"11":{"start":{"line":25,"column":21},"end":{"line":25,"column":24}},"12":{"start":{"line":28,"column":4},"end":{"line":51,"column":5}},"13":{"start":{"line":29,"column":8},"end":{"line":29,"column":25}},"14":{"start":{"line":30,"column":8},"end":{"line":30,"column":55}},"15":{"start":{"line":33,"column":9},"end":{"line":51,"column":5}},"16":{"start":{"line":34,"column":8},"end":{"line":34,"column":25}},"17":{"start":{"line":35,"column":8},"end":{"line":35,"column":56}},"18":{"start":{"line":38,"column":9},"end":{"line":51,"column":5}},"19":{"start":{"line":39,"column":8},"end":{"line":39,"column":25}},"20":{"start":{"line":40,"column":8},"end":{"line":40,"column":54}},"21":{"start":{"line":43,"column":9},"end":{"line":51,"column":5}},"22":{"start":{"line":44,"column":8},"end":{"line":44,"column":25}},"23":{"start":{"line":45,"column":8},"end":{"line":45,"column":47}},"24":{"start":{"line":48,"column":9},"end":{"line":51,"column":5}},"25":{"start":{"line":49,"column":8},"end":{"line":49,"column":25}},"26":{"start":{"line":50,"column":8},"end":{"line":50,"column":56}},"27":{"start":{"line":53,"column":4},"end":{"line":53,"column":45}},"28":{"start":{"line":57,"column":21},"end":{"line":120,"column":1}},"29":{"start":{"line":58,"column":16},"end":{"line":58,"column":26}},"30":{"start":{"line":59,"column":4},"end":{"line":59,"column":32}},"31":{"start":{"line":62,"column":4},"end":{"line":68,"column":7}},"32":{"start":{"line":71,"column":4},"end":{"line":79,"column":5}},"33":{"start":{"line":78,"column":8},"end":{"line":78,"column":37}},"34":{"start":{"line":82,"column":4},"end":{"line":85,"column":5}},"35":{"start":{"line":83,"column":24},"end":{"line":83,"column":44}},"36":{"start":{"line":84,"column":8},"end":{"line":84,"column":43}},"37":{"start":{"line":88,"column":4},"end":{"line":91,"column":5}},"38":{"start":{"line":89,"column":24},"end":{"line":89,"column":55}},"39":{"start":{"line":90,"column":8},"end":{"line":90,"column":43}},"40":{"start":{"line":94,"column":4},"end":{"line":97,"column":5}},"41":{"start":{"line":95,"column":24},"end":{"line":95,"column":84}},"42":{"start":{"line":95,"column":61},"end":{"line":95,"column":72}},"43":{"start":{"line":96,"column":8},"end":{"line":96,"column":43}},"44":{"start":{"line":100,"column":4},"end":{"line":103,"column":5}},"45":{"start":{"line":101,"column":24},"end":{"line":101,"column":39}},"46":{"start":{"line":102,"column":8},"end":{"line":102,"column":43}},"47":{"start":{"line":105,"column":4},"end":{"line":108,"column":5}},"48":{"start":{"line":106,"column":24},"end":{"line":106,"column":39}},"49":{"start":{"line":107,"column":8},"end":{"line":107,"column":43}},"50":{"start":{"line":111,"column":4},"end":{"line":119,"column":7}},"51":{"start":{"line":123,"column":24},"end":{"line":126,"column":1}},"52":{"start":{"line":124,"column":18},"end":{"line":124,"column":73}},"53":{"start":{"line":125,"column":4},"end":{"line":125,"column":16}},"54":{"start":{"line":128,"column":0},"end":{"line":134,"column":2}}},"fnMap":{"0":{"name":"(anonymous_0)","decl":{"start":{"line":5,"column":4},"end":{"line":5,"column":5}},"loc":{"start":{"line":5,"column":37},"end":{"line":12,"column":5}},"line":5},"1":{"name":"(anonymous_1)","decl":{"start":{"line":16,"column":21},"end":{"line":16,"column":22}},"loc":{"start":{"line":16,"column":29},"end":{"line":20,"column":1}},"line":16},"2":{"name":"(anonymous_2)","decl":{"start":{"line":17,"column":11},"end":{"line":17,"column":12}},"loc":{"start":{"line":17,"column":31},"end":{"line":19,"column":5}},"line":17},"3":{"name":"(anonymous_3)","decl":{"start":{"line":23,"column":24},"end":{"line":23,"column":25}},"loc":{"start":{"line":23,"column":35},"end":{"line":54,"column":1}},"line":23},"4":{"name":"(anonymous_4)","decl":{"start":{"line":57,"column":21},"end":{"line":57,"column":22}},"loc":{"start":{"line":57,"column":46},"end":{"line":120,"column":1}},"line":57},"5":{"name":"(anonymous_5)","decl":{"start":{"line":95,"column":54},"end":{"line":95,"column":55}},"loc":{"start":{"line":95,"column":61},"end":{"line":95,"column":72}},"line":95},"6":{"name":"(anonymous_6)","decl":{"start":{"line":123,"column":24},"end":{"line":123,"column":25}},"loc":{"start":{"line":123,"column":44},"end":{"line":126,"column":1}},"line":123}},"branchMap":{"0":{"loc":{"start":{"line":8,"column":22},"end":{"line":8,"column":72}},"type":"cond-expr","locations":[{"start":{"line":8,"column":56},"end":{"line":8,"column":62}},{"start":{"line":8,"column":65},"end":{"line":8,"column":72}}],"line":8},"1":{"loc":{"start":{"line":28,"column":4},"end":{"line":51,"column":5}},"type":"if","locations":[{"start":{"line":28,"column":4},"end":{"line":51,"column":5}},{"start":{"line":33,"column":9},"end":{"line":51,"column":5}}],"line":28},"2":{"loc":{"start":{"line":33,"column":9},"end":{"line":51,"column":5}},"type":"if","locations":[{"start":{"line":33,"column":9},"end":{"line":51,"column":5}},{"start":{"line":38,"column":9},"end":{"line":51,"column":5}}],"line":33},"3":{"loc":{"start":{"line":38,"column":9},"end":{"line":51,"column":5}},"type":"if","locations":[{"start":{"line":38,"column":9},"end":{"line":51,"column":5}},{"start":{"line":43,"column":9},"end":{"line":51,"column":5}}],"line":38},"4":{"loc":{"start":{"line":43,"column":9},"end":{"line":51,"column":5}},"type":"if","locations":[{"start":{"line":43,"column":9},"end":{"line":51,"column":5}},{"start":{"line":48,"column":9},"end":{"line":51,"column":5}}],"line":43},"5":{"loc":{"start":{"line":48,"column":9},"end":{"line":51,"column":5}},"type":"if","locations":[{"start":{"line":48,"column":9},"end":{"line":51,"column":5}},{"start":{},"end":{}}],"line":48},"6":{"loc":{"start":{"line":48,"column":13},"end":{"line":48,"column":74}},"type":"binary-expr","locations":[{"start":{"line":48,"column":13},"end":{"line":48,"column":40}},{"start":{"line":48,"column":44},"end":{"line":48,"column":74}}],"line":48},"7":{"loc":{"start":{"line":71,"column":4},"end":{"line":79,"column":5}},"type":"if","locations":[{"start":{"line":71,"column":4},"end":{"line":79,"column":5}},{"start":{},"end":{}}],"line":71},"8":{"loc":{"start":{"line":71,"column":8},"end":{"line":77,"column":5}},"type":"binary-expr","locations":[{"start":{"line":71,"column":8},"end":{"line":71,"column":19}},{"start":{"line":72,"column":8},"end":{"line":72,"column":36}},{"start":{"line":73,"column":8},"end":{"line":73,"column":40}},{"start":{"line":74,"column":8},"end":{"line":74,"column":43}},{"start":{"line":75,"column":8},"end":{"line":75,"column":35}},{"start":{"line":76,"column":8},"end":{"line":76,"column":37}}],"line":71},"9":{"loc":{"start":{"line":82,"column":4},"end":{"line":85,"column":5}},"type":"if","locations":[{"start":{"line":82,"column":4},"end":{"line":85,"column":5}},{"start":{},"end":{}}],"line":82},"10":{"loc":{"start":{"line":88,"column":4},"end":{"line":91,"column":5}},"type":"if","locations":[{"start":{"line":88,"column":4},"end":{"line":91,"column":5}},{"start":{},"end":{}}],"line":88},"11":{"loc":{"start":{"line":94,"column":4},"end":{"line":97,"column":5}},"type":"if","locations":[{"start":{"line":94,"column":4},"end":{"line":97,"column":5}},{"start":{},"end":{}}],"line":94},"12":{"loc":{"start":{"line":100,"column":4},"end":{"line":103,"column":5}},"type":"if","locations":[{"start":{"line":100,"column":4},"end":{"line":103,"column":5}},{"start":{},"end":{}}],"line":100},"13":{"loc":{"start":{"line":105,"column":4},"end":{"line":108,"column":5}},"type":"if","locations":[{"start":{"line":105,"column":4},"end":{"line":108,"column":5}},{"start":{},"end":{}}],"line":105},"14":{"loc":{"start":{"line":111,"column":15},"end":{"line":111,"column":38}},"type":"binary-expr","locations":[{"start":{"line":111,"column":15},"end":{"line":111,"column":31}},{"start":{"line":111,"column":35},"end":{"line":111,"column":38}}],"line":111},"15":{"loc":{"start":{"line":114,"column":21},"end":{"line":114,"column":61}},"type":"binary-expr","locations":[{"start":{"line":114,"column":21},"end":{"line":114,"column":34}},{"start":{"line":114,"column":38},"end":{"line":114,"column":61}}],"line":114},"16":{"loc":{"start":{"line":115,"column":24},"end":{"line":115,"column":47}},"type":"binary-expr","locations":[{"start":{"line":115,"column":24},"end":{"line":115,"column":40}},{"start":{"line":115,"column":44},"end":{"line":115,"column":47}}],"line":115},"17":{"loc":{"start":{"line":116,"column":16},"end":{"line":116,"column":78}},"type":"binary-expr","locations":[{"start":{"line":116,"column":16},"end":{"line":116,"column":54}},{"start":{"line":116,"column":58},"end":{"line":116,"column":78}}],"line":116}},"s":{"0":6,"1":1,"2":1,"3":1,"4":1,"5":1,"6":6,"7":74,"8":26,"9":6,"10":0,"11":0,"12":0,"13":0,"14":0,"15":0,"16":0,"17":0,"18":0,"19":0,"20":0,"21":0,"22":0,"23":0,"24":0,"25":0,"26":0,"27":0,"28":6,"29":0,"30":0,"31":0,"32":0,"33":0,"34":0,"35":0,"36":0,"37":0,"38":0,"39":0,"40":0,"41":0,"42":0,"43":0,"44":0,"45":0,"46":0,"47":0,"48":0,"49":0,"50":0,"51":6,"52":0,"53":0,"54":6},"f":{"0":1,"1":74,"2":26,"3":0,"4":0,"5":0,"6":0},"b":{"0":[1,0],"1":[0,0],"2":[0,0],"3":[0,0],"4":[0,0],"5":[0,0],"6":[0,0],"7":[0,0],"8":[0,0,0,0,0,0],"9":[0,0],"10":[0,0],"11":[0,0],"12":[0,0],"13":[0,0],"14":[0,0],"15":[0,0],"16":[0,0],"17":[0,0]},"_coverageSchema":"1a1c01bbd47fc00a2c39e90264f33305004495a9","hash":"5ea8409587e9fa9a76ed97030022ef2b266a3fd3"}
,"C:\\Users\\RICHEY_SON\\Desktop\\AgentOS-web3\\src\\middleware\\validation.js": {"path":"C:\\Users\\RICHEY_SON\\Desktop\\AgentOS-web3\\src\\middleware\\validation.js","statementMap":{"0":{"start":{"line":1,"column":21},"end":{"line":1,"column":46}},"1":{"start":{"line":4,"column":23},"end":{"line":6,"column":1}},"2":{"start":{"line":5,"column":4},"end":{"line":5,"column":47}},"3":{"start":{"line":9,"column":26},"end":{"line":11,"column":1}},"4":{"start":{"line":10,"column":4},"end":{"line":10,"column":46}},"5":{"start":{"line":14,"column":22},"end":{"line":16,"column":1}},"6":{"start":{"line":15,"column":4},"end":{"line":15,"column":44}},"7":{"start":{"line":19,"column":23},"end":{"line":22,"column":1}},"8":{"start":{"line":20,"column":4},"end":{"line":20,"column":43}},"9":{"start":{"line":20,"column":33},"end":{"line":20,"column":43}},"10":{"start":{"line":21,"column":4},"end":{"line":21,"column":43}},"11":{"start":{"line":25,"column":24},"end":{"line":38,"column":1}},"12":{"start":{"line":26,"column":24},"end":{"line":26,"column":32}},"13":{"start":{"line":28,"column":4},"end":{"line":30,"column":5}},"14":{"start":{"line":29,"column":8},"end":{"line":29,"column":55}},"15":{"start":{"line":32,"column":4},"end":{"line":34,"column":5}},"16":{"start":{"line":33,"column":8},"end":{"line":33,"column":67}},"17":{"start":{"line":36,"column":4},"end":{"line":36,"column":45}},"18":{"start":{"line":37,"column":4},"end":{"line":37,"column":11}},"19":{"start":{"line":41,"column":28},"end":{"line":65,"column":1}},"20":{"start":{"line":42,"column":32},"end":{"line":42,"column":40}},"21":{"start":{"line":44,"column":4},"end":{"line":46,"column":5}},"22":{"start":{"line":45,"column":8},"end":{"line":45,"column":70}},"23":{"start":{"line":48,"column":4},"end":{"line":50,"column":5}},"24":{"start":{"line":49,"column":8},"end":{"line":49,"column":68}},"25":{"start":{"line":52,"column":4},"end":{"line":57,"column":5}},"26":{"start":{"line":53,"column":25},"end":{"line":53,"column":42}},"27":{"start":{"line":54,"column":8},"end":{"line":56,"column":9}},"28":{"start":{"line":55,"column":12},"end":{"line":55,"column":65}},"29":{"start":{"line":59,"column":4},"end":{"line":61,"column":5}},"30":{"start":{"line":60,"column":8},"end":{"line":60,"column":69}},"31":{"start":{"line":63,"column":4},"end":{"line":63,"column":35}},"32":{"start":{"line":64,"column":4},"end":{"line":64,"column":11}},"33":{"start":{"line":68,"column":31},"end":{"line":90,"column":1}},"34":{"start":{"line":69,"column":30},"end":{"line":69,"column":38}},"35":{"start":{"line":71,"column":4},"end":{"line":73,"column":5}},"36":{"start":{"line":72,"column":8},"end":{"line":72,"column":60}},"37":{"start":{"line":75,"column":4},"end":{"line":77,"column":5}},"38":{"start":{"line":76,"column":8},"end":{"line":76,"column":65}},"39":{"start":{"line":79,"column":4},"end":{"line":83,"column":5}},"40":{"start":{"line":80,"column":8},"end":{"line":80,"column":72}},"41":{"start":{"line":82,"column":8},"end":{"line":82,"column":54}},"42":{"start":{"line":85,"column":4},"end":{"line":87,"column":5}},"43":{"start":{"line":86,"column":8},"end":{"line":86,"column":59}},"44":{"start":{"line":89,"column":4},"end":{"line":89,"column":11}},"45":{"start":{"line":93,"column":28},"end":{"line":104,"column":1}},"46":{"start":{"line":94,"column":4},"end":{"line":103,"column":6}},"47":{"start":{"line":95,"column":26},"end":{"line":95,"column":48}},"48":{"start":{"line":96,"column":30},"end":{"line":96,"column":83}},"49":{"start":{"line":96,"column":54},"end":{"line":96,"column":82}},"50":{"start":{"line":98,"column":8},"end":{"line":100,"column":9}},"51":{"start":{"line":99,"column":12},"end":{"line":99,"column":93}},"52":{"start":{"line":102,"column":8},"end":{"line":102,"column":15}},"53":{"start":{"line":107,"column":23},"end":{"line":126,"column":1}},"54":{"start":{"line":108,"column":4},"end":{"line":125,"column":6}},"55":{"start":{"line":109,"column":25},"end":{"line":109,"column":46}},"56":{"start":{"line":110,"column":30},"end":{"line":110,"column":68}},"57":{"start":{"line":113,"column":30},"end":{"line":113,"column":87}},"58":{"start":{"line":113,"column":61},"end":{"line":113,"column":86}},"59":{"start":{"line":114,"column":8},"end":{"line":116,"column":9}},"60":{"start":{"line":115,"column":12},"end":{"line":115,"column":92}},"61":{"start":{"line":119,"column":33},"end":{"line":119,"column":85}},"62":{"start":{"line":119,"column":56},"end":{"line":119,"column":84}},"63":{"start":{"line":120,"column":8},"end":{"line":122,"column":9}},"64":{"start":{"line":121,"column":12},"end":{"line":121,"column":89}},"65":{"start":{"line":124,"column":8},"end":{"line":124,"column":15}},"66":{"start":{"line":129,"column":22},"end":{"line":147,"column":1}},"67":{"start":{"line":130,"column":4},"end":{"line":146,"column":6}},"68":{"start":{"line":131,"column":8},"end":{"line":143,"column":9}},"69":{"start":{"line":132,"column":26},"end":{"line":132,"column":41}},"70":{"start":{"line":134,"column":12},"end":{"line":134,"column":46}},"71":{"start":{"line":134,"column":37},"end":{"line":134,"column":46}},"72":{"start":{"line":136,"column":31},"end":{"line":136,"column":43}},"73":{"start":{"line":138,"column":12},"end":{"line":142,"column":13}},"74":{"start":{"line":139,"column":16},"end":{"line":139,"column":77}},"75":{"start":{"line":140,"column":19},"end":{"line":142,"column":13}},"76":{"start":{"line":141,"column":16},"end":{"line":141,"column":92}},"77":{"start":{"line":145,"column":8},"end":{"line":145,"column":15}},"78":{"start":{"line":149,"column":0},"end":{"line":160,"column":2}}},"fnMap":{"0":{"name":"(anonymous_0)","decl":{"start":{"line":4,"column":23},"end":{"line":4,"column":24}},"loc":{"start":{"line":4,"column":36},"end":{"line":6,"column":1}},"line":4},"1":{"name":"(anonymous_1)","decl":{"start":{"line":9,"column":26},"end":{"line":9,"column":27}},"loc":{"start":{"line":9,"column":35},"end":{"line":11,"column":1}},"line":9},"2":{"name":"(anonymous_2)","decl":{"start":{"line":14,"column":22},"end":{"line":14,"column":23}},"loc":{"start":{"line":14,"column":32},"end":{"line":16,"column":1}},"line":14},"3":{"name":"(anonymous_3)","decl":{"start":{"line":19,"column":23},"end":{"line":19,"column":24}},"loc":{"start":{"line":19,"column":32},"end":{"line":22,"column":1}},"line":19},"4":{"name":"(anonymous_4)","decl":{"start":{"line":25,"column":24},"end":{"line":25,"column":25}},"loc":{"start":{"line":25,"column":44},"end":{"line":38,"column":1}},"line":25},"5":{"name":"(anonymous_5)","decl":{"start":{"line":41,"column":28},"end":{"line":41,"column":29}},"loc":{"start":{"line":41,"column":48},"end":{"line":65,"column":1}},"line":41},"6":{"name":"(anonymous_6)","decl":{"start":{"line":68,"column":31},"end":{"line":68,"column":32}},"loc":{"start":{"line":68,"column":51},"end":{"line":90,"column":1}},"line":68},"7":{"name":"(anonymous_7)","decl":{"start":{"line":93,"column":28},"end":{"line":93,"column":29}},"loc":{"start":{"line":93,"column":47},"end":{"line":104,"column":1}},"line":93},"8":{"name":"(anonymous_8)","decl":{"start":{"line":94,"column":11},"end":{"line":94,"column":12}},"loc":{"start":{"line":94,"column":31},"end":{"line":103,"column":5}},"line":94},"9":{"name":"(anonymous_9)","decl":{"start":{"line":96,"column":47},"end":{"line":96,"column":48}},"loc":{"start":{"line":96,"column":54},"end":{"line":96,"column":82}},"line":96},"10":{"name":"(anonymous_10)","decl":{"start":{"line":107,"column":23},"end":{"line":107,"column":24}},"loc":{"start":{"line":107,"column":64},"end":{"line":126,"column":1}},"line":107},"11":{"name":"(anonymous_11)","decl":{"start":{"line":108,"column":11},"end":{"line":108,"column":12}},"loc":{"start":{"line":108,"column":31},"end":{"line":125,"column":5}},"line":108},"12":{"name":"(anonymous_12)","decl":{"start":{"line":113,"column":52},"end":{"line":113,"column":53}},"loc":{"start":{"line":113,"column":61},"end":{"line":113,"column":86}},"line":113},"13":{"name":"(anonymous_13)","decl":{"start":{"line":119,"column":49},"end":{"line":119,"column":50}},"loc":{"start":{"line":119,"column":56},"end":{"line":119,"column":84}},"line":119},"14":{"name":"(anonymous_14)","decl":{"start":{"line":129,"column":22},"end":{"line":129,"column":23}},"loc":{"start":{"line":129,"column":34},"end":{"line":147,"column":1}},"line":129},"15":{"name":"(anonymous_15)","decl":{"start":{"line":130,"column":11},"end":{"line":130,"column":12}},"loc":{"start":{"line":130,"column":31},"end":{"line":146,"column":5}},"line":130}},"branchMap":{"0":{"loc":{"start":{"line":20,"column":4},"end":{"line":20,"column":43}},"type":"if","locations":[{"start":{"line":20,"column":4},"end":{"line":20,"column":43}},{"start":{},"end":{}}],"line":20},"1":{"loc":{"start":{"line":28,"column":4},"end":{"line":30,"column":5}},"type":"if","locations":[{"start":{"line":28,"column":4},"end":{"line":30,"column":5}},{"start":{},"end":{}}],"line":28},"2":{"loc":{"start":{"line":32,"column":4},"end":{"line":34,"column":5}},"type":"if","locations":[{"start":{"line":32,"column":4},"end":{"line":34,"column":5}},{"start":{},"end":{}}],"line":32},"3":{"loc":{"start":{"line":44,"column":4},"end":{"line":46,"column":5}},"type":"if","locations":[{"start":{"line":44,"column":4},"end":{"line":46,"column":5}},{"start":{},"end":{}}],"line":44},"4":{"loc":{"start":{"line":48,"column":4},"end":{"line":50,"column":5}},"type":"if","locations":[{"start":{"line":48,"column":4},"end":{"line":50,"column":5}},{"start":{},"end":{}}],"line":48},"5":{"loc":{"start":{"line":52,"column":4},"end":{"line":57,"column":5}},"type":"if","locations":[{"start":{"line":52,"column":4},"end":{"line":57,"column":5}},{"start":{},"end":{}}],"line":52},"6":{"loc":{"start":{"line":54,"column":8},"end":{"line":56,"column":9}},"type":"if","locations":[{"start":{"line":54,"column":8},"end":{"line":56,"column":9}},{"start":{},"end":{}}],"line":54},"7":{"loc":{"start":{"line":54,"column":12},"end":{"line":54,"column":43}},"type":"binary-expr","locations":[{"start":{"line":54,"column":12},"end":{"line":54,"column":27}},{"start":{"line":54,"column":31},"end":{"line":54,"column":43}}],"line":54},"8":{"loc":{"start":{"line":59,"column":4},"end":{"line":61,"column":5}},"type":"if","locations":[{"start":{"line":59,"column":4},"end":{"line":61,"column":5}},{"start":{},"end":{}}],"line":59},"9":{"loc":{"start":{"line":59,"column":8},"end":{"line":59,"column":40}},"type":"binary-expr","locations":[{"start":{"line":59,"column":8},"end":{"line":59,"column":12}},{"start":{"line":59,"column":16},"end":{"line":59,"column":40}}],"line":59},"10":{"loc":{"start":{"line":71,"column":4},"end":{"line":73,"column":5}},"type":"if","locations":[{"start":{"line":71,"column":4},"end":{"line":73,"column":5}},{"start":{},"end":{}}],"line":71},"11":{"loc":{"start":{"line":75,"column":4},"end":{"line":77,"column":5}},"type":"if","locations":[{"start":{"line":75,"column":4},"end":{"line":77,"column":5}},{"start":{},"end":{}}],"line":75},"12":{"loc":{"start":{"line":80,"column":19},"end":{"line":80,"column":70}},"type":"cond-expr","locations":[{"start":{"line":80,"column":45},"end":{"line":80,"column":48}},{"start":{"line":80,"column":51},"end":{"line":80,"column":70}}],"line":80},"13":{"loc":{"start":{"line":85,"column":4},"end":{"line":87,"column":5}},"type":"if","locations":[{"start":{"line":85,"column":4},"end":{"line":87,"column":5}},{"start":{},"end":{}}],"line":85},"14":{"loc":{"start":{"line":85,"column":8},"end":{"line":85,"column":66}},"type":"binary-expr","locations":[{"start":{"line":85,"column":8},"end":{"line":85,"column":36}},{"start":{"line":85,"column":40},"end":{"line":85,"column":66}}],"line":85},"15":{"loc":{"start":{"line":98,"column":8},"end":{"line":100,"column":9}},"type":"if","locations":[{"start":{"line":98,"column":8},"end":{"line":100,"column":9}},{"start":{},"end":{}}],"line":98},"16":{"loc":{"start":{"line":107,"column":40},"end":{"line":107,"column":59}},"type":"default-arg","locations":[{"start":{"line":107,"column":57},"end":{"line":107,"column":59}}],"line":107},"17":{"loc":{"start":{"line":114,"column":8},"end":{"line":116,"column":9}},"type":"if","locations":[{"start":{"line":114,"column":8},"end":{"line":116,"column":9}},{"start":{},"end":{}}],"line":114},"18":{"loc":{"start":{"line":120,"column":8},"end":{"line":122,"column":9}},"type":"if","locations":[{"start":{"line":120,"column":8},"end":{"line":122,"column":9}},{"start":{},"end":{}}],"line":120},"19":{"loc":{"start":{"line":134,"column":12},"end":{"line":134,"column":46}},"type":"if","locations":[{"start":{"line":134,"column":12},"end":{"line":134,"column":46}},{"start":{},"end":{}}],"line":134},"20":{"loc":{"start":{"line":138,"column":12},"end":{"line":142,"column":13}},"type":"if","locations":[{"start":{"line":138,"column":12},"end":{"line":142,"column":13}},{"start":{"line":140,"column":19},"end":{"line":142,"column":13}}],"line":138},"21":{"loc":{"start":{"line":138,"column":16},"end":{"line":138,"column":65}},"type":"binary-expr","locations":[{"start":{"line":138,"column":16},"end":{"line":138,"column":40}},{"start":{"line":138,"column":44},"end":{"line":138,"column":65}}],"line":138},"22":{"loc":{"start":{"line":140,"column":19},"end":{"line":142,"column":13}},"type":"if","locations":[{"start":{"line":140,"column":19},"end":{"line":142,"column":13}},{"start":{},"end":{}}],"line":140},"23":{"loc":{"start":{"line":140,"column":23},"end":{"line":140,"column":78}},"type":"binary-expr","locations":[{"start":{"line":140,"column":23},"end":{"line":140,"column":47}},{"start":{"line":140,"column":51},"end":{"line":140,"column":78}}],"line":140}},"s":{"0":1,"1":1,"2":0,"3":1,"4":0,"5":1,"6":0,"7":1,"8":0,"9":0,"10":0,"11":1,"12":0,"13":0,"14":0,"15":0,"16":0,"17":0,"18":0,"19":1,"20":0,"21":0,"22":0,"23":0,"24":0,"25":0,"26":0,"27":0,"28":0,"29":0,"30":0,"31":0,"32":0,"33":1,"34":0,"35":0,"36":0,"37":0,"38":0,"39":0,"40":0,"41":0,"42":0,"43":0,"44":0,"45":1,"46":0,"47":0,"48":0,"49":0,"50":0,"51":0,"52":0,"53":1,"54":7,"55":1,"56":1,"57":1,"58":1,"59":1,"60":1,"61":0,"62":0,"63":0,"64":0,"65":0,"66":1,"67":6,"68":0,"69":0,"70":0,"71":0,"72":0,"73":0,"74":0,"75":0,"76":0,"77":0,"78":1},"f":{"0":0,"1":0,"2":0,"3":0,"4":0,"5":0,"6":0,"7":0,"8":0,"9":0,"10":7,"11":1,"12":1,"13":0,"14":6,"15":0},"b":{"0":[0,0],"1":[0,0],"2":[0,0],"3":[0,0],"4":[0,0],"5":[0,0],"6":[0,0],"7":[0,0],"8":[0,0],"9":[0,0],"10":[0,0],"11":[0,0],"12":[0,0],"13":[0,0],"14":[0,0],"15":[0,0],"16":[4],"17":[1,0],"18":[0,0],"19":[0,0],"20":[0,0],"21":[0,0],"22":[0,0],"23":[0,0]},"_coverageSchema":"1a1c01bbd47fc00a2c39e90264f33305004495a9","hash":"197a8017eb401e2feb7009c3464c287192ba8fa5"}
,"C:\\Users\\RICHEY_SON\\Desktop\\AgentOS-web3\\src\\routes\\audit.js": {"path":"C:\\Users\\RICHEY_SON\\Desktop\\AgentOS-web3\\src\\routes\\audit.js","statementMap":{"0":{"start":{"line":1,"column":16},"end":{"line":1,"column":34}},"1":{"start":{"line":2,"column":15},"end":{"line":2,"column":31}},"2":{"start":{"line":3,"column":25},"end":{"line":3,"column":62}},"3":{"start":{"line":4,"column":21},"end":{"line":4,"column":62}},"4":{"start":{"line":5,"column":15},"end":{"line":5,"column":41}},"5":{"start":{"line":12,"column":0},"end":{"line":49,"column":4}},"6":{"start":{"line":21,"column":8},"end":{"line":21,"column":17}},"7":{"start":{"line":23,"column":20},"end":{"line":31,"column":5}},"8":{"start":{"line":34,"column":4},"end":{"line":36,"column":6}},"9":{"start":{"line":35,"column":8},"end":{"line":35,"column":57}},"10":{"start":{"line":38,"column":23},"end":{"line":38,"column":64}},"11":{"start":{"line":40,"column":4},"end":{"line":48,"column":7}},"12":{"start":{"line":56,"column":0},"end":{"line":70,"column":4}},"13":{"start":{"line":57,"column":37},"end":{"line":57,"column":46}},"14":{"start":{"line":59,"column":22},"end":{"line":59,"column":24}},"15":{"start":{"line":60,"column":4},"end":{"line":60,"column":54}},"16":{"start":{"line":60,"column":20},"end":{"line":60,"column":54}},"17":{"start":{"line":61,"column":4},"end":{"line":61,"column":48}},"18":{"start":{"line":61,"column":18},"end":{"line":61,"column":48}},"19":{"start":{"line":63,"column":19},"end":{"line":63,"column":73}},"20":{"start":{"line":65,"column":4},"end":{"line":69,"column":7}},"21":{"start":{"line":77,"column":0},"end":{"line":92,"column":4}},"22":{"start":{"line":78,"column":23},"end":{"line":78,"column":33}},"23":{"start":{"line":79,"column":28},"end":{"line":79,"column":37}},"24":{"start":{"line":81,"column":23},"end":{"line":81,"column":84}},"25":{"start":{"line":83,"column":4},"end":{"line":91,"column":7}},"26":{"start":{"line":99,"column":0},"end":{"line":116,"column":4}},"27":{"start":{"line":100,"column":23},"end":{"line":100,"column":33}},"28":{"start":{"line":102,"column":23},"end":{"line":102,"column":69}},"29":{"start":{"line":104,"column":4},"end":{"line":109,"column":5}},"30":{"start":{"line":105,"column":8},"end":{"line":108,"column":11}},"31":{"start":{"line":111,"column":4},"end":{"line":115,"column":7}},"32":{"start":{"line":123,"column":0},"end":{"line":146,"column":4}},"33":{"start":{"line":124,"column":64},"end":{"line":124,"column":72}},"34":{"start":{"line":126,"column":4},"end":{"line":131,"column":5}},"35":{"start":{"line":127,"column":8},"end":{"line":130,"column":11}},"36":{"start":{"line":133,"column":23},"end":{"line":139,"column":5}},"37":{"start":{"line":141,"column":4},"end":{"line":145,"column":7}},"38":{"start":{"line":153,"column":0},"end":{"line":170,"column":4}},"39":{"start":{"line":154,"column":40},"end":{"line":154,"column":48}},"40":{"start":{"line":156,"column":4},"end":{"line":161,"column":5}},"41":{"start":{"line":157,"column":8},"end":{"line":160,"column":11}},"42":{"start":{"line":163,"column":23},"end":{"line":163,"column":81}},"43":{"start":{"line":165,"column":4},"end":{"line":169,"column":7}},"44":{"start":{"line":177,"column":0},"end":{"line":199,"column":4}},"45":{"start":{"line":178,"column":53},"end":{"line":178,"column":61}},"46":{"start":{"line":180,"column":4},"end":{"line":185,"column":5}},"47":{"start":{"line":181,"column":8},"end":{"line":184,"column":11}},"48":{"start":{"line":187,"column":23},"end":{"line":192,"column":5}},"49":{"start":{"line":194,"column":4},"end":{"line":198,"column":7}},"50":{"start":{"line":206,"column":0},"end":{"line":227,"column":4}},"51":{"start":{"line":207,"column":44},"end":{"line":207,"column":52}},"52":{"start":{"line":209,"column":4},"end":{"line":214,"column":5}},"53":{"start":{"line":210,"column":8},"end":{"line":213,"column":11}},"54":{"start":{"line":216,"column":23},"end":{"line":220,"column":5}},"55":{"start":{"line":222,"column":4},"end":{"line":226,"column":7}},"56":{"start":{"line":234,"column":0},"end":{"line":250,"column":4}},"57":{"start":{"line":235,"column":37},"end":{"line":235,"column":46}},"58":{"start":{"line":237,"column":17},"end":{"line":241,"column":6}},"59":{"start":{"line":243,"column":23},"end":{"line":243,"column":60}},"60":{"start":{"line":245,"column":4},"end":{"line":249,"column":7}},"61":{"start":{"line":257,"column":0},"end":{"line":284,"column":4}},"62":{"start":{"line":258,"column":37},"end":{"line":258,"column":46}},"63":{"start":{"line":260,"column":17},"end":{"line":264,"column":6}},"64":{"start":{"line":266,"column":28},"end":{"line":266,"column":64}},"65":{"start":{"line":269,"column":22},"end":{"line":274,"column":7}},"66":{"start":{"line":269,"column":80},"end":{"line":274,"column":5}},"67":{"start":{"line":272,"column":43},"end":{"line":272,"column":65}},"68":{"start":{"line":273,"column":42},"end":{"line":273,"column":63}},"69":{"start":{"line":276,"column":4},"end":{"line":283,"column":7}},"70":{"start":{"line":291,"column":0},"end":{"line":315,"column":4}},"71":{"start":{"line":292,"column":50},"end":{"line":292,"column":59}},"72":{"start":{"line":294,"column":17},"end":{"line":298,"column":6}},"73":{"start":{"line":300,"column":25},"end":{"line":300,"column":55}},"74":{"start":{"line":303,"column":19},"end":{"line":305,"column":34}},"75":{"start":{"line":304,"column":24},"end":{"line":304,"column":57}},"76":{"start":{"line":307,"column":4},"end":{"line":314,"column":7}},"77":{"start":{"line":322,"column":0},"end":{"line":341,"column":4}},"78":{"start":{"line":323,"column":37},"end":{"line":323,"column":46}},"79":{"start":{"line":325,"column":17},"end":{"line":329,"column":6}},"80":{"start":{"line":331,"column":22},"end":{"line":331,"column":58}},"81":{"start":{"line":333,"column":4},"end":{"line":340,"column":7}},"82":{"start":{"line":348,"column":0},"end":{"line":382,"column":4}},"83":{"start":{"line":355,"column":8},"end":{"line":355,"column":17}},"84":{"start":{"line":357,"column":17},"end":{"line":363,"column":6}},"85":{"start":{"line":365,"column":4},"end":{"line":381,"column":5}},"86":{"start":{"line":367,"column":20},"end":{"line":367,"column":38}},"87":{"start":{"line":368,"column":8},"end":{"line":368,"column":50}},"88":{"start":{"line":369,"column":8},"end":{"line":369,"column":84}},"89":{"start":{"line":370,"column":8},"end":{"line":370,"column":22}},"90":{"start":{"line":373,"column":8},"end":{"line":380,"column":11}},"91":{"start":{"line":389,"column":0},"end":{"line":413,"column":4}},"92":{"start":{"line":390,"column":19},"end":{"line":390,"column":29}},"93":{"start":{"line":393,"column":16},"end":{"line":393,"column":47}},"94":{"start":{"line":395,"column":4},"end":{"line":399,"column":5}},"95":{"start":{"line":397,"column":24},"end":{"line":397,"column":73}},"96":{"start":{"line":398,"column":8},"end":{"line":398,"column":47}},"97":{"start":{"line":398,"column":34},"end":{"line":398,"column":45}},"98":{"start":{"line":401,"column":4},"end":{"line":406,"column":5}},"99":{"start":{"line":402,"column":8},"end":{"line":405,"column":11}},"100":{"start":{"line":408,"column":4},"end":{"line":412,"column":7}},"101":{"start":{"line":419,"column":4},"end":{"line":419,"column":37}},"102":{"start":{"line":419,"column":27},"end":{"line":419,"column":37}},"103":{"start":{"line":421,"column":20},"end":{"line":430,"column":5}},"104":{"start":{"line":432,"column":17},"end":{"line":441,"column":6}},"105":{"start":{"line":432,"column":33},"end":{"line":441,"column":5}},"106":{"start":{"line":443,"column":23},"end":{"line":446,"column":16}},"107":{"start":{"line":445,"column":27},"end":{"line":445,"column":65}},"108":{"start":{"line":445,"column":43},"end":{"line":445,"column":54}},"109":{"start":{"line":448,"column":4},"end":{"line":448,"column":22}},"110":{"start":{"line":451,"column":0},"end":{"line":451,"column":24}}},"fnMap":{"0":{"name":"(anonymous_0)","decl":{"start":{"line":12,"column":32},"end":{"line":12,"column":33}},"loc":{"start":{"line":12,"column":52},"end":{"line":49,"column":1}},"line":12},"1":{"name":"(anonymous_1)","decl":{"start":{"line":34,"column":33},"end":{"line":34,"column":34}},"loc":{"start":{"line":35,"column":8},"end":{"line":35,"column":57}},"line":35},"2":{"name":"(anonymous_2)","decl":{"start":{"line":56,"column":35},"end":{"line":56,"column":36}},"loc":{"start":{"line":56,"column":55},"end":{"line":70,"column":1}},"line":56},"3":{"name":"(anonymous_3)","decl":{"start":{"line":77,"column":41},"end":{"line":77,"column":42}},"loc":{"start":{"line":77,"column":61},"end":{"line":92,"column":1}},"line":77},"4":{"name":"(anonymous_4)","decl":{"start":{"line":99,"column":48},"end":{"line":99,"column":49}},"loc":{"start":{"line":99,"column":68},"end":{"line":116,"column":1}},"line":99},"5":{"name":"(anonymous_5)","decl":{"start":{"line":123,"column":40},"end":{"line":123,"column":41}},"loc":{"start":{"line":123,"column":60},"end":{"line":146,"column":1}},"line":123},"6":{"name":"(anonymous_6)","decl":{"start":{"line":153,"column":45},"end":{"line":153,"column":46}},"loc":{"start":{"line":153,"column":65},"end":{"line":170,"column":1}},"line":153},"7":{"name":"(anonymous_7)","decl":{"start":{"line":177,"column":47},"end":{"line":177,"column":48}},"loc":{"start":{"line":177,"column":67},"end":{"line":199,"column":1}},"line":177},"8":{"name":"(anonymous_8)","decl":{"start":{"line":206,"column":38},"end":{"line":206,"column":39}},"loc":{"start":{"line":206,"column":58},"end":{"line":227,"column":1}},"line":206},"9":{"name":"(anonymous_9)","decl":{"start":{"line":234,"column":39},"end":{"line":234,"column":40}},"loc":{"start":{"line":234,"column":59},"end":{"line":250,"column":1}},"line":234},"10":{"name":"(anonymous_10)","decl":{"start":{"line":257,"column":41},"end":{"line":257,"column":42}},"loc":{"start":{"line":257,"column":61},"end":{"line":284,"column":1}},"line":257},"11":{"name":"(anonymous_11)","decl":{"start":{"line":269,"column":58},"end":{"line":269,"column":59}},"loc":{"start":{"line":269,"column":80},"end":{"line":274,"column":5}},"line":269},"12":{"name":"(anonymous_12)","decl":{"start":{"line":272,"column":38},"end":{"line":272,"column":39}},"loc":{"start":{"line":272,"column":43},"end":{"line":272,"column":65}},"line":272},"13":{"name":"(anonymous_13)","decl":{"start":{"line":273,"column":37},"end":{"line":273,"column":38}},"loc":{"start":{"line":273,"column":42},"end":{"line":273,"column":63}},"line":273},"14":{"name":"(anonymous_14)","decl":{"start":{"line":291,"column":42},"end":{"line":291,"column":43}},"loc":{"start":{"line":291,"column":62},"end":{"line":315,"column":1}},"line":291},"15":{"name":"(anonymous_15)","decl":{"start":{"line":304,"column":14},"end":{"line":304,"column":15}},"loc":{"start":{"line":304,"column":24},"end":{"line":304,"column":57}},"line":304},"16":{"name":"(anonymous_16)","decl":{"start":{"line":322,"column":38},"end":{"line":322,"column":39}},"loc":{"start":{"line":322,"column":58},"end":{"line":341,"column":1}},"line":322},"17":{"name":"(anonymous_17)","decl":{"start":{"line":348,"column":35},"end":{"line":348,"column":36}},"loc":{"start":{"line":348,"column":55},"end":{"line":382,"column":1}},"line":348},"18":{"name":"(anonymous_18)","decl":{"start":{"line":389,"column":38},"end":{"line":389,"column":39}},"loc":{"start":{"line":389,"column":58},"end":{"line":413,"column":1}},"line":389},"19":{"name":"(anonymous_19)","decl":{"start":{"line":398,"column":29},"end":{"line":398,"column":30}},"loc":{"start":{"line":398,"column":34},"end":{"line":398,"column":45}},"line":398},"20":{"name":"convertToCSV","decl":{"start":{"line":418,"column":9},"end":{"line":418,"column":21}},"loc":{"start":{"line":418,"column":28},"end":{"line":449,"column":1}},"line":418},"21":{"name":"(anonymous_21)","decl":{"start":{"line":432,"column":26},"end":{"line":432,"column":27}},"loc":{"start":{"line":432,"column":33},"end":{"line":441,"column":5}},"line":432},"22":{"name":"(anonymous_22)","decl":{"start":{"line":445,"column":20},"end":{"line":445,"column":21}},"loc":{"start":{"line":445,"column":27},"end":{"line":445,"column":65}},"line":445},"23":{"name":"(anonymous_23)","decl":{"start":{"line":445,"column":35},"end":{"line":445,"column":36}},"loc":{"start":{"line":445,"column":43},"end":{"line":445,"column":54}},"line":445}},"branchMap":{"0":{"loc":{"start":{"line":20,"column":8},"end":{"line":20,"column":19}},"type":"default-arg","locations":[{"start":{"line":20,"column":16},"end":{"line":20,"column":19}}],"line":20},"1":{"loc":{"start":{"line":35,"column":8},"end":{"line":35,"column":57}},"type":"binary-expr","locations":[{"start":{"line":35,"column":8},"end":{"line":35,"column":34}},{"start":{"line":35,"column":38},"end":{"line":35,"column":57}}],"line":35},"2":{"loc":{"start":{"line":60,"column":4},"end":{"line":60,"column":54}},"type":"if","locations":[{"start":{"line":60,"column":4},"end":{"line":60,"column":54}},{"start":{},"end":{}}],"line":60},"3":{"loc":{"start":{"line":61,"column":4},"end":{"line":61,"column":48}},"type":"if","locations":[{"start":{"line":61,"column":4},"end":{"line":61,"column":48}},{"start":{},"end":{}}],"line":61},"4":{"loc":{"start":{"line":79,"column":12},"end":{"line":79,"column":23}},"type":"default-arg","locations":[{"start":{"line":79,"column":20},"end":{"line":79,"column":23}}],"line":79},"5":{"loc":{"start":{"line":104,"column":4},"end":{"line":109,"column":5}},"type":"if","locations":[{"start":{"line":104,"column":4},"end":{"line":109,"column":5}},{"start":{},"end":{}}],"line":104},"6":{"loc":{"start":{"line":126,"column":4},"end":{"line":131,"column":5}},"type":"if","locations":[{"start":{"line":126,"column":4},"end":{"line":131,"column":5}},{"start":{},"end":{}}],"line":126},"7":{"loc":{"start":{"line":126,"column":8},"end":{"line":126,"column":43}},"type":"binary-expr","locations":[{"start":{"line":126,"column":8},"end":{"line":126,"column":19}},{"start":{"line":126,"column":23},"end":{"line":126,"column":32}},{"start":{"line":126,"column":36},"end":{"line":126,"column":43}}],"line":126},"8":{"loc":{"start":{"line":137,"column":8},"end":{"line":137,"column":21}},"type":"binary-expr","locations":[{"start":{"line":137,"column":8},"end":{"line":137,"column":15}},{"start":{"line":137,"column":19},"end":{"line":137,"column":21}}],"line":137},"9":{"loc":{"start":{"line":138,"column":8},"end":{"line":138,"column":22}},"type":"binary-expr","locations":[{"start":{"line":138,"column":8},"end":{"line":138,"column":16}},{"start":{"line":138,"column":20},"end":{"line":138,"column":22}}],"line":138},"10":{"loc":{"start":{"line":156,"column":4},"end":{"line":161,"column":5}},"type":"if","locations":[{"start":{"line":156,"column":4},"end":{"line":161,"column":5}},{"start":{},"end":{}}],"line":156},"11":{"loc":{"start":{"line":156,"column":8},"end":{"line":156,"column":38}},"type":"binary-expr","locations":[{"start":{"line":156,"column":8},"end":{"line":156,"column":15}},{"start":{"line":156,"column":19},"end":{"line":156,"column":27}},{"start":{"line":156,"column":31},"end":{"line":156,"column":38}}],"line":156},"12":{"loc":{"start":{"line":180,"column":4},"end":{"line":185,"column":5}},"type":"if","locations":[{"start":{"line":180,"column":4},"end":{"line":185,"column":5}},{"start":{},"end":{}}],"line":180},"13":{"loc":{"start":{"line":180,"column":8},"end":{"line":180,"column":28}},"type":"binary-expr","locations":[{"start":{"line":180,"column":8},"end":{"line":180,"column":17}},{"start":{"line":180,"column":21},"end":{"line":180,"column":28}}],"line":180},"14":{"loc":{"start":{"line":209,"column":4},"end":{"line":214,"column":5}},"type":"if","locations":[{"start":{"line":209,"column":4},"end":{"line":214,"column":5}},{"start":{},"end":{}}],"line":209},"15":{"loc":{"start":{"line":209,"column":8},"end":{"line":209,"column":29}},"type":"binary-expr","locations":[{"start":{"line":209,"column":8},"end":{"line":209,"column":15}},{"start":{"line":209,"column":19},"end":{"line":209,"column":29}}],"line":209},"16":{"loc":{"start":{"line":219,"column":8},"end":{"line":219,"column":22}},"type":"binary-expr","locations":[{"start":{"line":219,"column":8},"end":{"line":219,"column":16}},{"start":{"line":219,"column":20},"end":{"line":219,"column":22}}],"line":219},"17":{"loc":{"start":{"line":292,"column":34},"end":{"line":292,"column":45}},"type":"default-arg","locations":[{"start":{"line":292,"column":42},"end":{"line":292,"column":45}}],"line":292},"18":{"loc":{"start":{"line":354,"column":8},"end":{"line":354,"column":23}},"type":"default-arg","locations":[{"start":{"line":354,"column":17},"end":{"line":354,"column":23}}],"line":354},"19":{"loc":{"start":{"line":365,"column":4},"end":{"line":381,"column":5}},"type":"if","locations":[{"start":{"line":365,"column":4},"end":{"line":381,"column":5}},{"start":{"line":371,"column":11},"end":{"line":381,"column":5}}],"line":365},"20":{"loc":{"start":{"line":395,"column":4},"end":{"line":399,"column":5}},"type":"if","locations":[{"start":{"line":395,"column":4},"end":{"line":399,"column":5}},{"start":{},"end":{}}],"line":395},"21":{"loc":{"start":{"line":401,"column":4},"end":{"line":406,"column":5}},"type":"if","locations":[{"start":{"line":401,"column":4},"end":{"line":406,"column":5}},{"start":{},"end":{}}],"line":401},"22":{"loc":{"start":{"line":419,"column":4},"end":{"line":419,"column":37}},"type":"if","locations":[{"start":{"line":419,"column":4},"end":{"line":419,"column":37}},{"start":{},"end":{}}],"line":419}},"s":{"0":1,"1":1,"2":1,"3":1,"4":1,"5":1,"6":1,"7":1,"8":1,"9":7,"10":1,"11":1,"12":1,"13":1,"14":1,"15":1,"16":1,"17":1,"18":0,"19":1,"20":1,"21":1,"22":1,"23":1,"24":1,"25":1,"26":1,"27":2,"28":2,"29":2,"30":1,"31":1,"32":1,"33":2,"34":2,"35":1,"36":1,"37":1,"38":1,"39":0,"40":0,"41":0,"42":0,"43":0,"44":1,"45":0,"46":0,"47":0,"48":0,"49":0,"50":1,"51":0,"52":0,"53":0,"54":0,"55":0,"56":1,"57":0,"58":0,"59":0,"60":0,"61":1,"62":0,"63":0,"64":0,"65":0,"66":0,"67":0,"68":0,"69":0,"70":1,"71":0,"72":0,"73":0,"74":0,"75":0,"76":0,"77":1,"78":0,"79":0,"80":0,"81":0,"82":1,"83":0,"84":0,"85":0,"86":0,"87":0,"88":0,"89":0,"90":0,"91":1,"92":0,"93":0,"94":0,"95":0,"96":0,"97":0,"98":0,"99":0,"100":0,"101":0,"102":0,"103":0,"104":0,"105":0,"106":0,"107":0,"108":0,"109":0,"110":1},"f":{"0":1,"1":7,"2":1,"3":1,"4":2,"5":2,"6":0,"7":0,"8":0,"9":0,"10":0,"11":0,"12":0,"13":0,"14":0,"15":0,"16":0,"17":0,"18":0,"19":0,"20":0,"21":0,"22":0,"23":0},"b":{"0":[1],"1":[7,5],"2":[1,0],"3":[0,1],"4":[1],"5":[1,1],"6":[1,1],"7":[2,1,1],"8":[1,1],"9":[1,1],"10":[0,0],"11":[0,0,0],"12":[0,0],"13":[0,0],"14":[0,0],"15":[0,0],"16":[0,0],"17":[0],"18":[0],"19":[0,0],"20":[0,0],"21":[0,0],"22":[0,0]},"_coverageSchema":"1a1c01bbd47fc00a2c39e90264f33305004495a9","hash":"ecd3a327f801a8279006ab37872157e0de1a172e"}
[...]
start":{"line":312,"column":30},"end":{"line":312,"column":48}},{"start":{"line":312,"column":51},"end":{"line":312,"column":54}}],"line":312},"22":{"loc":{"start":{"line":330,"column":19},"end":{"line":330,"column":51}},"type":"cond-expr","locations":[{"start":{"line":330,"column":30},"end":{"line":330,"column":47}},{"start":{"line":330,"column":50},"end":{"line":330,"column":51}}],"line":330},"23":{"loc":{"start":{"line":372,"column":12},"end":{"line":374,"column":13}},"type":"if","locations":[{"start":{"line":372,"column":12},"end":{"line":374,"column":13}},{"start":{},"end":{}}],"line":372}},"s":{"0":3,"1":3,"2":3,"3":3,"4":3,"5":1,"6":1,"7":1,"8":1,"9":1,"10":0,"11":0,"12":3,"13":3,"14":2,"15":1,"16":1,"17":1,"18":1,"19":0,"20":0,"21":1,"22":1,"23":1,"24":1,"25":1,"26":1,"27":1,"28":1,"29":0,"30":0,"31":0,"32":0,"33":0,"34":0,"35":0,"36":0,"37":0,"38":0,"39":0,"40":0,"41":0,"42":0,"43":0,"44":0,"45":0,"46":0,"47":0,"48":0,"49":0,"50":0,"51":0,"52":0,"53":0,"54":0,"55":0,"56":0,"57":2,"58":2,"59":2,"60":2,"61":2,"62":2,"63":2,"64":2,"65":2,"66":1,"67":2,"68":2,"69":2,"70":2,"71":2,"72":2,"73":1,"74":1,"75":1,"76":2,"77":2,"78":0,"79":2,"80":0,"81":0,"82":0,"83":2,"84":0,"85":0,"86":0,"87":2,"88":2,"89":0,"90":2,"91":2,"92":2,"93":0,"94":0,"95":0,"96":0,"97":0,"98":0,"99":0,"100":0,"101":0,"102":0,"103":0,"104":0,"105":0,"106":0,"107":0,"108":0,"109":0,"110":0,"111":0,"112":2,"113":2,"114":2,"115":2,"116":2,"117":0,"118":0,"119":3,"120":3,"121":3,"122":3,"123":3,"124":0,"125":0,"126":1,"127":1,"128":6,"129":6,"130":0,"131":0,"132":0,"133":0,"134":0,"135":0,"136":0,"137":0,"138":0,"139":0,"140":0,"141":0,"142":0,"143":3},"f":{"0":3,"1":1,"2":3,"3":1,"4":0,"5":0,"6":0,"7":0,"8":2,"9":0,"10":0,"11":2,"12":3,"13":1,"14":6,"15":0,"16":0},"b":{"0":[2,1],"1":[1,1],"2":[0,0],"3":[0,0],"4":[2,0],"5":[1,1],"6":[2,0],"7":[1,1],"8":[1,0],"9":[0,2],"10":[2,2],"11":[0,2],"12":[2,2],"13":[0,0],"14":[0,2],"15":[2,2],"16":[0,0],"17":[2,0],"18":[2,2],"19":[0,2],"20":[0,0],"21":[0,2],"22":[1,2],"23":[0,0]},"_coverageSchema":"1a1c01bbd47fc00a2c39e90264f33305004495a9","hash":"d097a65962e58939f0f9e0b36cc611e05a753b5b"}
,"C:\\Users\\RICHEY_SON\\Desktop\\AgentOS-web3\\src\\services\\x402\\SignatureService.js": {"path":"C:\\Users\\RICHEY_SON\\Desktop\\AgentOS-web3\\src\\services\\x402\\SignatureService.js","statementMap":{"0":{"start":{"line":1,"column":26},"end":{"line":1,"column":68}},"1":{"start":{"line":2,"column":15},"end":{"line":2,"column":44}},"2":{"start":{"line":6,"column":8},"end":{"line":6,"column":48}},"3":{"start":{"line":15,"column":8},"end":{"line":53,"column":9}},"4":{"start":{"line":16,"column":28},"end":{"line":16,"column":58}},"5":{"start":{"line":19,"column":28},"end":{"line":28,"column":13}},"6":{"start":{"line":31,"column":28},"end":{"line":31,"column":62}},"7":{"start":{"line":32,"column":32},"end":{"line":32,"column":66}},"8":{"start":{"line":35,"column":30},"end":{"line":38,"column":13}},"9":{"start":{"line":40,"column":12},"end":{"line":43,"column":15}},"10":{"start":{"line":45,"column":12},"end":{"line":49,"column":14}},"11":{"start":{"line":51,"column":12},"end":{"line":51,"column":77}},"12":{"start":{"line":52,"column":12},"end":{"line":52,"column":86}},"13":{"start":{"line":63,"column":8},"end":{"line":88,"column":9}},"14":{"start":{"line":65,"column":28},"end":{"line":65,"column":69}},"15":{"start":{"line":66,"column":32},"end":{"line":66,"column":66}},"16":{"start":{"line":69,"column":37},"end":{"line":72,"column":13}},"17":{"start":{"line":75,"column":28},"end":{"line":75,"column":58}},"18":{"start":{"line":76,"column":28},"end":{"line":76,"column":92}},"19":{"start":{"line":78,"column":12},"end":{"line":82,"column":15}},"20":{"start":{"line":84,"column":12},"end":{"line":84,"column":27}},"21":{"start":{"line":86,"column":12},"end":{"line":86,"column":67}},"22":{"start":{"line":87,"column":12},"end":{"line":87,"column":25}},"23":{"start":{"line":97,"column":8},"end":{"line":136,"column":9}},"24":{"start":{"line":98,"column":28},"end":{"line":98,"column":58}},"25":{"start":{"line":101,"column":28},"end":{"line":112,"column":13}},"26":{"start":{"line":103,"column":48},"end":{"line":108,"column":17}},"27":{"start":{"line":115,"column":28},"end":{"line":115,"column":66}},"28":{"start":{"line":116,"column":32},"end":{"line":116,"column":66}},"29":{"start":{"line":119,"column":30},"end":{"line":122,"column":13}},"30":{"start":{"line":124,"column":12},"end":{"line":126,"column":15}},"31":{"start":{"line":128,"column":12},"end":{"line":132,"column":14}},"32":{"start":{"line":134,"column":12},"end":{"line":134,"column":77}},"33":{"start":{"line":135,"column":12},"end":{"line":135,"column":89}},"34":{"start":{"line":147,"column":8},"end":{"line":183,"column":9}},"35":{"start":{"line":148,"column":28},"end":{"line":148,"column":58}},"36":{"start":{"line":150,"column":28},"end":{"line":158,"column":13}},"37":{"start":{"line":161,"column":28},"end":{"line":161,"column":67}},"38":{"start":{"line":162,"column":32},"end":{"line":162,"column":66}},"39":{"start":{"line":165,"column":30},"end":{"line":168,"column":13}},"40":{"start":{"line":170,"column":12},"end":{"line":173,"column":15}},"41":{"start":{"line":175,"column":12},"end":{"line":179,"column":14}},"42":{"start":{"line":181,"column":12},"end":{"line":181,"column":69}},"43":{"start":{"line":182,"column":12},"end":{"line":182,"column":78}},"44":{"start":{"line":192,"column":8},"end":{"line":201,"column":10}},"45":{"start":{"line":210,"column":30},"end":{"line":212,"column":19}},"46":{"start":{"line":211,"column":12},"end":{"line":211,"column":76}},"47":{"start":{"line":214,"column":8},"end":{"line":220,"column":10}},"48":{"start":{"line":229,"column":29},"end":{"line":229,"column":59}},"49":{"start":{"line":231,"column":8},"end":{"line":239,"column":10}},"50":{"start":{"line":248,"column":8},"end":{"line":261,"column":9}},"51":{"start":{"line":249,"column":22},"end":{"line":249,"column":44}},"52":{"start":{"line":250,"column":22},"end":{"line":250,"column":53}},"53":{"start":{"line":251,"column":22},"end":{"line":251,"column":54}},"54":{"start":{"line":253,"column":12},"end":{"line":257,"column":14}},"55":{"start":{"line":259,"column":12},"end":{"line":259,"column":67}},"56":{"start":{"line":260,"column":12},"end":{"line":260,"column":76}},"57":{"start":{"line":270,"column":20},"end":{"line":270,"column":49}},"58":{"start":{"line":271,"column":8},"end":{"line":271,"column":37}},"59":{"start":{"line":283,"column":8},"end":{"line":283,"column":25}},"60":{"start":{"line":293,"column":8},"end":{"line":334,"column":9}},"61":{"start":{"line":294,"column":28},"end":{"line":294,"column":58}},"62":{"start":{"line":296,"column":30},"end":{"line":321,"column":13}},"63":{"start":{"line":323,"column":30},"end":{"line":323,"column":68}},"64":{"start":{"line":325,"column":12},"end":{"line":325,"column":53}},"65":{"start":{"line":327,"column":12},"end":{"line":330,"column":14}},"66":{"start":{"line":332,"column":12},"end":{"line":332,"column":75}},"67":{"start":{"line":333,"column":12},"end":{"line":333,"column":84}},"68":{"start":{"line":338,"column":0},"end":{"line":338,"column":40}}},"fnMap":{"0":{"name":"(anonymous_0)","decl":{"start":{"line":5,"column":4},"end":{"line":5,"column":5}},"loc":{"start":{"line":5,"column":18},"end":{"line":7,"column":5}},"line":5},"1":{"name":"(anonymous_1)","decl":{"start":{"line":14,"column":4},"end":{"line":14,"column":5}},"loc":{"start":{"line":14,"column":51},"end":{"line":54,"column":5}},"line":14},"2":{"name":"(anonymous_2)","decl":{"start":{"line":62,"column":4},"end":{"line":62,"column":5}},"loc":{"start":{"line":62,"column":53},"end":{"line":89,"column":5}},"line":62},"3":{"name":"(anonymous_3)","decl":{"start":{"line":96,"column":4},"end":{"line":96,"column":5}},"loc":{"start":{"line":96,"column":43},"end":{"line":137,"column":5}},"line":96},"4":{"name":"(anonymous_4)","decl":{"start":{"line":103,"column":37},"end":{"line":103,"column":38}},"loc":{"start":{"line":103,"column":48},"end":{"line":108,"column":17}},"line":103},"5":{"name":"(anonymous_5)","decl":{"start":{"line":146,"column":4},"end":{"line":146,"column":5}},"loc":{"start":{"line":146,"column":60},"end":{"line":184,"column":5}},"line":146},"6":{"name":"(anonymous_6)","decl":{"start":{"line":191,"column":4},"end":{"line":191,"column":5}},"loc":{"start":{"line":191,"column":34},"end":{"line":202,"column":5}},"line":191},"7":{"name":"(anonymous_7)","decl":{"start":{"line":209,"column":4},"end":{"line":209,"column":5}},"loc":{"start":{"line":209,"column":38},"end":{"line":221,"column":5}},"line":209},"8":{"name":"(anonymous_8)","decl":{"start":{"line":210,"column":50},"end":{"line":210,"column":51}},"loc":{"start":{"line":211,"column":12},"end":{"line":211,"column":76}},"line":211},"9":{"name":"(anonymous_9)","decl":{"start":{"line":228,"column":4},"end":{"line":228,"column":5}},"loc":{"start":{"line":228,"column":39},"end":{"line":240,"column":5}},"line":228},"10":{"name":"(anonymous_10)","decl":{"start":{"line":247,"column":4},"end":{"line":247,"column":5}},"loc":{"start":{"line":247,"column":31},"end":{"line":262,"column":5}},"line":247},"11":{"name":"(anonymous_11)","decl":{"start":{"line":269,"column":4},"end":{"line":269,"column":5}},"loc":{"start":{"line":269,"column":30},"end":{"line":272,"column":5}},"line":269},"12":{"name":"(anonymous_12)","decl":{"start":{"line":280,"column":4},"end":{"line":280,"column":5}},"loc":{"start":{"line":280,"column":31},"end":{"line":284,"column":5}},"line":280},"13":{"name":"(anonymous_13)","decl":{"start":{"line":292,"column":4},"end":{"line":292,"column":5}},"loc":{"start":{"line":292,"column":58},"end":{"line":335,"column":5}},"line":292}},"branchMap":{"0":{"loc":{"start":{"line":21,"column":23},"end":{"line":21,"column":62}},"type":"binary-expr","locations":[{"start":{"line":21,"column":23},"end":{"line":21,"column":43}},{"start":{"line":21,"column":47},"end":{"line":21,"column":62}}],"line":21},"1":{"loc":{"start":{"line":26,"column":27},"end":{"line":26,"column":84}},"type":"binary-expr","locations":[{"start":{"line":26,"column":27},"end":{"line":26,"column":51}},{"start":{"line":26,"column":55},"end":{"line":26,"column":84}}],"line":26},"2":{"loc":{"start":{"line":27,"column":25},"end":{"line":27,"column":87}},"type":"binary-expr","locations":[{"start":{"line":27,"column":25},"end":{"line":27,"column":47}},{"start":{"line":27,"column":51},"end":{"line":27,"column":87}}],"line":27},"3":{"loc":{"start":{"line":106,"column":27},"end":{"line":106,"column":46}},"type":"binary-expr","locations":[{"start":{"line":106,"column":27},"end":{"line":106,"column":39}},{"start":{"line":106,"column":43},"end":{"line":106,"column":46}}],"line":106},"4":{"loc":{"start":{"line":107,"column":26},"end":{"line":107,"column":45}},"type":"binary-expr","locations":[{"start":{"line":107,"column":26},"end":{"line":107,"column":37}},{"start":{"line":107,"column":41},"end":{"line":107,"column":45}}],"line":107},"5":{"loc":{"start":{"line":292,"column":38},"end":{"line":292,"column":56}},"type":"default-arg","locations":[{"start":{"line":292,"column":47},"end":{"line":292,"column":56}}],"line":292}},"s":{"0":4,"1":4,"2":4,"3":0,"4":0,"5":0,"6":0,"7":0,"8":0,"9":0,"10":0,"11":0,"12":0,"13":0,"14":0,"15":0,"16":0,"17":0,"18":0,"19":0,"20":0,"21":0,"22":0,"23":0,"24":0,"25":0,"26":0,"27":0,"28":0,"29":0,"30":0,"31":0,"32":0,"33":0,"34":0,"35":0,"36":0,"37":0,"38":0,"39":0,"40":0,"41":0,"42":0,"43":0,"44":0,"45":0,"46":0,"47":0,"48":0,"49":0,"50":1,"51":1,"52":1,"53":1,"54":1,"55":0,"56":0,"57":2,"58":2,"59":3,"60":0,"61":0,"62":0,"63":0,"64":0,"65":0,"66":0,"67":0,"68":4},"f":{"0":4,"1":0,"2":0,"3":0,"4":0,"5":0,"6":0,"7":0,"8":0,"9":0,"10":1,"11":2,"12":3,"13":0},"b":{"0":[0,0],"1":[0,0],"2":[0,0],"3":[0,0],"4":[0,0],"5":[0]},"_coverageSchema":"1a1c01bbd47fc00a2c39e90264f33305004495a9","hash":"46c4ef51c71c825ba85a9b9006c4cd9c700ad9ff"}
,"C:\\Users\\RICHEY_SON\\Desktop\\AgentOS-web3\\src\\utils\\logger.js": {"path":"C:\\Users\\RICHEY_SON\\Desktop\\AgentOS-web3\\src\\utils\\logger.js","statementMap":{"0":{"start":{"line":1,"column":19},"end":{"line":6,"column":1}},"1":{"start":{"line":8,"column":15},"end":{"line":14,"column":1}},"2":{"start":{"line":18,"column":8},"end":{"line":18,"column":40}},"3":{"start":{"line":22,"column":25},"end":{"line":22,"column":71}},"4":{"start":{"line":23,"column":8},"end":{"line":23,"column":91}},"5":{"start":{"line":27,"column":26},"end":{"line":27,"column":50}},"6":{"start":{"line":28,"column":22},"end":{"line":28,"column":35}},"7":{"start":{"line":29,"column":22},"end":{"line":29,"column":34}},"8":{"start":{"line":31,"column":31},"end":{"line":31,"column":85}},"9":{"start":{"line":33,"column":8},"end":{"line":35,"column":9}},"10":{"start":{"line":34,"column":12},"end":{"line":34,"column":69}},"11":{"start":{"line":37,"column":8},"end":{"line":37,"column":32}},"12":{"start":{"line":41,"column":8},"end":{"line":51,"column":9}},"13":{"start":{"line":42,"column":37},"end":{"line":42,"column":77}},"14":{"start":{"line":44,"column":12},"end":{"line":50,"column":13}},"15":{"start":{"line":45,"column":16},"end":{"line":45,"column":48}},"16":{"start":{"line":46,"column":19},"end":{"line":50,"column":13}},"17":{"start":{"line":47,"column":16},"end":{"line":47,"column":47}},"18":{"start":{"line":49,"column":16},"end":{"line":49,"column":46}},"19":{"start":{"line":55,"column":8},"end":{"line":55,"column":41}},"20":{"start":{"line":59,"column":8},"end":{"line":59,"column":40}},"21":{"start":{"line":63,"column":8},"end":{"line":63,"column":40}},"22":{"start":{"line":68,"column":8},"end":{"line":71,"column":9}},"23":{"start":{"line":69,"column":12},"end":{"line":69,"column":53}},"24":{"start":{"line":70,"column":12},"end":{"line":70,"column":38}},"25":{"start":{"line":73,"column":8},"end":{"line":73,"column":41}},"26":{"start":{"line":78,"column":8},"end":{"line":78,"column":60}},"27":{"start":{"line":82,"column":8},"end":{"line":82,"column":58}},"28":{"start":{"line":86,"column":8},"end":{"line":86,"column":46}},"29":{"start":{"line":91,"column":15},"end":{"line":91,"column":27}},"30":{"start":{"line":93,"column":0},"end":{"line":93,"column":24}}},"fnMap":{"0":{"name":"(anonymous_0)","decl":{"start":{"line":17,"column":4},"end":{"line":17,"column":5}},"loc":{"start":{"line":17,"column":18},"end":{"line":19,"column":5}},"line":17},"1":{"name":"(anonymous_1)","decl":{"start":{"line":21,"column":4},"end":{"line":21,"column":5}},"loc":{"start":{"line":21,"column":18},"end":{"line":24,"column":5}},"line":21},"2":{"name":"(anonymous_2)","decl":{"start":{"line":26,"column":4},"end":{"line":26,"column":5}},"loc":{"start":{"line":26,"column":45},"end":{"line":38,"column":5}},"line":26},"3":{"name":"(anonymous_3)","decl":{"start":{"line":40,"column":4},"end":{"line":40,"column":5}},"loc":{"start":{"line":40,"column":35},"end":{"line":52,"column":5}},"line":40},"4":{"name":"(anonymous_4)","decl":{"start":{"line":54,"column":4},"end":{"line":54,"column":5}},"loc":{"start":{"line":54,"column":30},"end":{"line":56,"column":5}},"line":54},"5":{"name":"(anonymous_5)","decl":{"start":{"line":58,"column":4},"end":{"line":58,"column":5}},"loc":{"start":{"line":58,"column":29},"end":{"line":60,"column":5}},"line":58},"6":{"name":"(anonymous_6)","decl":{"start":{"line":62,"column":4},"end":{"line":62,"column":5}},"loc":{"start":{"line":62,"column":29},"end":{"line":64,"column":5}},"line":62},"7":{"name":"(anonymous_7)","decl":{"start":{"line":66,"column":4},"end":{"line":66,"column":5}},"loc":{"start":{"line":66,"column":30},"end":{"line":74,"column":5}},"line":66},"8":{"name":"(anonymous_8)","decl":{"start":{"line":77,"column":4},"end":{"line":77,"column":5}},"loc":{"start":{"line":77,"column":43},"end":{"line":79,"column":5}},"line":77},"9":{"name":"(anonymous_9)","decl":{"start":{"line":81,"column":4},"end":{"line":81,"column":5}},"loc":{"start":{"line":81,"column":41},"end":{"line":83,"column":5}},"line":81},"10":{"name":"(anonymous_10)","decl":{"start":{"line":85,"column":4},"end":{"line":85,"column":5}},"loc":{"start":{"line":85,"column":29},"end":{"line":87,"column":5}},"line":85}},"branchMap":{"0":{"loc":{"start":{"line":22,"column":25},"end":{"line":22,"column":71}},"type":"binary-expr","locations":[{"start":{"line":22,"column":25},"end":{"line":22,"column":61}},{"start":{"line":22,"column":65},"end":{"line":22,"column":71}}],"line":22},"1":{"loc":{"start":{"line":23,"column":15},"end":{"line":23,"column":90}},"type":"cond-expr","locations":[{"start":{"line":23,"column":52},"end":{"line":23,"column":72}},{"start":{"line":23,"column":75},"end":{"line":23,"column":90}}],"line":23},"2":{"loc":{"start":{"line":26,"column":34},"end":{"line":26,"column":43}},"type":"default-arg","locations":[{"start":{"line":26,"column":41},"end":{"line":26,"column":43}}],"line":26},"3":{"loc":{"start":{"line":33,"column":8},"end":{"line":35,"column":9}},"type":"if","locations":[{"start":{"line":33,"column":8},"end":{"line":35,"column":9}},{"start":{},"end":{}}],"line":33},"4":{"loc":{"start":{"line":40,"column":24},"end":{"line":40,"column":33}},"type":"default-arg","locations":[{"start":{"line":40,"column":31},"end":{"line":40,"column":33}}],"line":40},"5":{"loc":{"start":{"line":41,"column":8},"end":{"line":51,"column":9}},"type":"if","locations":[{"start":{"line":41,"column":8},"end":{"line":51,"column":9}},{"start":{},"end":{}}],"line":41},"6":{"loc":{"start":{"line":44,"column":12},"end":{"line":50,"column":13}},"type":"if","locations":[{"start":{"line":44,"column":12},"end":{"line":50,"column":13}},{"start":{"line":46,"column":19},"end":{"line":50,"column":13}}],"line":44},"7":{"loc":{"start":{"line":46,"column":19},"end":{"line":50,"column":13}},"type":"if","locations":[{"start":{"line":46,"column":19},"end":{"line":50,"column":13}},{"start":{"line":48,"column":19},"end":{"line":50,"column":13}}],"line":46},"8":{"loc":{"start":{"line":54,"column":19},"end":{"line":54,"column":28}},"type":"default-arg","locations":[{"start":{"line":54,"column":26},"end":{"line":54,"column":28}}],"line":54},"9":{"loc":{"start":{"line":58,"column":18},"end":{"line":58,"column":27}},"type":"default-arg","locations":[{"start":{"line":58,"column":25},"end":{"line":58,"column":27}}],"line":58},"10":{"loc":{"start":{"line":62,"column":18},"end":{"line":62,"column":27}},"type":"default-arg","locations":[{"start":{"line":62,"column":25},"end":{"line":62,"column":27}}],"line":62},"11":{"loc":{"start":{"line":66,"column":19},"end":{"line":66,"column":28}},"type":"default-arg","locations":[{"start":{"line":66,"column":26},"end":{"line":66,"column":28}}],"line":66},"12":{"loc":{"start":{"line":68,"column":8},"end":{"line":71,"column":9}},"type":"if","locations":[{"start":{"line":68,"column":8},"end":{"line":71,"column":9}},{"start":{},"end":{}}],"line":68},"13":{"loc":{"start":{"line":77,"column":32},"end":{"line":77,"column":41}},"type":"default-arg","locations":[{"start":{"line":77,"column":39},"end":{"line":77,"column":41}}],"line":77},"14":{"loc":{"start":{"line":81,"column":30},"end":{"line":81,"column":39}},"type":"default-arg","locations":[{"start":{"line":81,"column":37},"end":{"line":81,"column":39}}],"line":81},"15":{"loc":{"start":{"line":85,"column":18},"end":{"line":85,"column":27}},"type":"default-arg","locations":[{"start":{"line":85,"column":25},"end":{"line":85,"column":27}}],"line":85}},"s":{"0":51,"1":51,"2":51,"3":51,"4":51,"5":104,"6":104,"7":104,"8":104,"9":104,"10":78,"11":104,"12":111,"13":104,"14":104,"15":24,"16":80,"17":8,"18":72,"19":7,"20":72,"21":8,"22":24,"23":0,"24":0,"25":24,"26":0,"27":0,"28":0,"29":51,"30":51},"f":{"0":51,"1":51,"2":104,"3":111,"4":7,"5":72,"6":8,"7":24,"8":0,"9":0,"10":0},"b":{"0":[51,51],"1":[51,0],"2":[0],"3":[78,26],"4":[0],"5":[104,7],"6":[24,80],"7":[8,72],"8":[7],"9":[18],"10":[8],"11":[0],"12":[0,24],"13":[0],"14":[0],"15":[0]},"_coverageSchema":"1a1c01bbd47fc00a2c39e90264f33305004495a9","hash":"bd5e87fac1903739fce69d5300bbc33241c08b43"}
}
