TN:
SF:src\controllers\PaymentController.js
FN:11,(anonymous_0)
FN:33,(anonymous_1)
FN:55,(anonymous_2)
FN:77,(anonymous_3)
FN:99,(anonymous_4)
FN:121,(anonymous_5)
FN:141,(anonymous_6)
FN:163,(anonymous_7)
FN:185,(anonymous_8)
FN:214,(anonymous_9)
FN:226,(anonymous_10)
FN:240,(anonymous_11)
FN:269,(anonymous_12)
FN:284,(anonymous_13)
FN:306,(anonymous_14)
FN:332,(anonymous_15)
FN:354,(anonymous_16)
FNF:17
FNH:2
FNDA:0,(anonymous_0)
FNDA:1,(anonymous_1)
FNDA:0,(anonymous_2)
FNDA:0,(anonymous_3)
FNDA:0,(anonymous_4)
FNDA:0,(anonymous_5)
FNDA:0,(anonymous_6)
FNDA:1,(anonymous_7)
FNDA:0,(anonymous_8)
FNDA:0,(anonymous_9)
FNDA:0,(anonymous_10)
FNDA:0,(anonymous_11)
FNDA:0,(anonymous_12)
FNDA:0,(anonymous_13)
FNDA:0,(anonymous_14)
FNDA:0,(anonymous_15)
FNDA:0,(anonymous_16)
DA:1,1
DA:2,1
DA:3,1
DA:4,1
DA:5,1
DA:11,1
DA:12,0
DA:14,0
DA:15,0
DA:21,0
DA:23,0
DA:33,1
DA:34,1
DA:36,1
DA:37,0
DA:43,1
DA:45,1
DA:55,1
DA:56,0
DA:58,0
DA:59,0
DA:65,0
DA:67,0
DA:77,1
DA:78,0
DA:80,0
DA:81,0
DA:87,0
DA:89,0
DA:99,1
DA:100,0
DA:102,0
DA:103,0
DA:109,0
DA:111,0
DA:121,1
DA:122,0
DA:123,0
DA:125,0
DA:127,0
DA:141,1
DA:142,0
DA:144,0
DA:145,0
DA:151,0
DA:153,0
DA:163,1
DA:164,1
DA:166,1
DA:167,0
DA:173,1
DA:175,1
DA:185,1
DA:186,0
DA:188,0
DA:189,0
DA:195,0
DA:196,0
DA:198,0
DA:199,0
DA:202,0
DA:204,0
DA:214,1
DA:215,0
DA:217,0
DA:218,0
DA:224,0
DA:225,0
DA:226,0
DA:228,0
DA:230,0
DA:240,1
DA:241,0
DA:243,0
DA:244,0
DA:250,0
DA:251,0
DA:253,0
DA:254,0
DA:257,0
DA:259,0
DA:269,1
DA:270,0
DA:272,0
DA:274,0
DA:284,1
DA:285,0
DA:287,0
DA:288,0
DA:294,0
DA:296,0
DA:306,1
DA:307,0
DA:309,0
DA:310,0
DA:316,0
DA:318,0
DA:332,1
DA:333,0
DA:335,0
DA:336,0
DA:342,0
DA:344,0
DA:354,1
DA:355,0
DA:357,0
DA:358,0
DA:364,0
DA:370,0
DA:378,1
LF:110
LH:30
BRDA:14,0,0,0
BRDA:14,0,1,0
BRDA:14,1,0,0
BRDA:14,1,1,0
BRDA:36,2,0,0
BRDA:36,2,1,1
BRDA:36,3,0,1
BRDA:36,3,1,1
BRDA:43,4,0,1
BRDA:43,4,1,0
BRDA:58,5,0,0
BRDA:58,5,1,0
BRDA:80,6,0,0
BRDA:80,6,1,0
BRDA:80,7,0,0
BRDA:80,7,1,0
BRDA:102,8,0,0
BRDA:102,8,1,0
BRDA:102,9,0,0
BRDA:102,9,1,0
BRDA:123,10,0,0
BRDA:144,11,0,0
BRDA:144,11,1,0
BRDA:144,12,0,0
BRDA:144,12,1,0
BRDA:166,13,0,0
BRDA:166,13,1,1
BRDA:166,14,0,1
BRDA:166,14,1,1
BRDA:188,15,0,0
BRDA:188,15,1,0
BRDA:188,16,0,0
BRDA:188,16,1,0
BRDA:196,17,0,0
BRDA:196,17,1,0
BRDA:198,18,0,0
BRDA:198,18,1,0
BRDA:217,19,0,0
BRDA:217,19,1,0
BRDA:217,20,0,0
BRDA:217,20,1,0
BRDA:225,21,0,0
BRDA:225,21,1,0
BRDA:243,22,0,0
BRDA:243,22,1,0
BRDA:243,23,0,0
BRDA:243,23,1,0
BRDA:251,24,0,0
BRDA:251,24,1,0
BRDA:253,25,0,0
BRDA:253,25,1,0
BRDA:287,26,0,0
BRDA:287,26,1,0
BRDA:309,27,0,0
BRDA:309,27,1,0
BRDA:309,28,0,0
BRDA:309,28,1,0
BRDA:335,29,0,0
BRDA:335,29,1,0
BRDA:335,30,0,0
BRDA:335,30,1,0
BRDA:357,31,0,0
BRDA:357,31,1,0
BRDA:357,32,0,0
BRDA:357,32,1,0
BRDA:367,33,0,0
BRDA:367,33,1,0
BRF:67
BRH:7
end_of_record
TN:
SF:src\controllers\chainGPTController.js
FN:11,(anonymous_0)
FN:35,(anonymous_1)
FN:59,(anonymous_2)
FN:104,(anonymous_3)
FN:142,(anonymous_4)
FN:166,(anonymous_5)
FN:177,(anonymous_6)
FN:203,(anonymous_7)
FN:220,(anonymous_8)
FN:237,(anonymous_9)
FN:261,(anonymous_10)
FN:285,(anonymous_11)
FNF:12
FNH:0
FNDA:0,(anonymous_0)
FNDA:0,(anonymous_1)
FNDA:0,(anonymous_2)
FNDA:0,(anonymous_3)
FNDA:0,(anonymous_4)
FNDA:0,(anonymous_5)
FNDA:0,(anonymous_6)
FNDA:0,(anonymous_7)
FNDA:0,(anonymous_8)
FNDA:0,(anonymous_9)
FNDA:0,(anonymous_10)
FNDA:0,(anonymous_11)
DA:1,0
DA:2,0
DA:3,0
DA:4,0
DA:5,0
DA:11,0
DA:12,0
DA:14,0
DA:15,0
DA:21,0
DA:23,0
DA:25,0
DA:35,0
DA:36,0
DA:38,0
DA:39,0
DA:45,0
DA:47,0
DA:49,0
DA:59,0
DA:60,0
DA:62,0
DA:63,0
DA:69,0
DA:73,0
DA:75,0
DA:76,0
DA:79,0
DA:80,0
DA:82,0
DA:86,0
DA:88,0
DA:89,0
DA:91,0
DA:94,0
DA:104,0
DA:105,0
DA:107,0
DA:108,0
DA:114,0
DA:118,0
DA:120,0
DA:121,0
DA:123,0
DA:124,0
DA:126,0
DA:127,0
DA:129,0
DA:132,0
DA:142,0
DA:143,0
DA:145,0
DA:146,0
DA:152,0
DA:154,0
DA:156,0
DA:166,0
DA:167,0
DA:169,0
DA:170,0
DA:177,0
DA:178,0
DA:182,0
DA:183,0
DA:189,0
DA:191,0
DA:193,0
DA:203,0
DA:204,0
DA:206,0
DA:208,0
DA:210,0
DA:220,0
DA:221,0
DA:223,0
DA:225,0
DA:227,0
DA:237,0
DA:238,0
DA:240,0
DA:241,0
DA:247,0
DA:249,0
DA:251,0
DA:261,0
DA:262,0
DA:264,0
DA:265,0
DA:271,0
DA:273,0
DA:275,0
DA:285,0
DA:286,0
DA:288,0
DA:290,0
DA:298,0
LF:96
LH:0
BRDA:14,0,0,0
BRDA:14,0,1,0
BRDA:38,1,0,0
BRDA:38,1,1,0
BRDA:62,2,0,0
BRDA:62,2,1,0
BRDA:62,3,0,0
BRDA:62,3,1,0
BRDA:69,4,0,0
BRDA:69,4,1,0
BRDA:73,5,0,0
BRDA:73,5,1,0
BRDA:73,5,2,0
BRDA:73,5,3,0
BRDA:73,5,4,0
BRDA:73,5,5,0
BRDA:75,6,0,0
BRDA:75,6,1,0
BRDA:79,7,0,0
BRDA:79,7,1,0
BRDA:83,8,0,0
BRDA:83,8,1,0
BRDA:84,9,0,0
BRDA:84,9,1,0
BRDA:107,10,0,0
BRDA:107,10,1,0
BRDA:114,11,0,0
BRDA:114,11,1,0
BRDA:118,12,0,0
BRDA:118,12,1,0
BRDA:118,12,2,0
BRDA:118,12,3,0
BRDA:145,13,0,0
BRDA:145,13,1,0
BRDA:169,14,0,0
BRDA:169,14,1,0
BRDA:169,15,0,0
BRDA:169,15,1,0
BRDA:169,15,2,0
BRDA:178,16,0,0
BRDA:178,16,1,0
BRDA:178,16,2,0
BRDA:182,17,0,0
BRDA:182,17,1,0
BRDA:240,18,0,0
BRDA:240,18,1,0
BRDA:264,19,0,0
BRDA:264,19,1,0
BRF:48
BRH:0
end_of_record
TN:
SF:src\middleware\errorHandler.js
FN:5,(anonymous_0)
FN:16,(anonymous_1)
FN:17,(anonymous_2)
FN:23,(anonymous_3)
FN:57,(anonymous_4)
FN:95,(anonymous_5)
FN:123,(anonymous_6)
FNF:7
FNH:2
FNDA:0,(anonymous_0)
FNDA:16,(anonymous_1)
FNDA:2,(anonymous_2)
FNDA:0,(anonymous_3)
FNDA:0,(anonymous_4)
FNDA:0,(anonymous_5)
FNDA:0,(anonymous_6)
DA:1,1
DA:6,0
DA:7,0
DA:8,0
DA:9,0
DA:11,0
DA:16,1
DA:17,16
DA:18,2
DA:23,1
DA:24,0
DA:25,0
DA:28,0
DA:29,0
DA:30,0
DA:33,0
DA:34,0
DA:35,0
DA:38,0
DA:39,0
DA:40,0
DA:43,0
DA:44,0
DA:45,0
DA:48,0
DA:49,0
DA:50,0
DA:53,0
DA:57,1
DA:58,0
DA:59,0
DA:62,0
DA:71,0
DA:78,0
DA:82,0
DA:83,0
DA:84,0
DA:88,0
DA:89,0
DA:90,0
DA:94,0
DA:95,0
DA:96,0
DA:100,0
DA:101,0
DA:102,0
DA:105,0
DA:106,0
DA:107,0
DA:111,0
DA:123,1
DA:124,0
DA:125,0
DA:128,1
LF:54
LH:8
BRDA:8,0,0,0
BRDA:8,0,1,0
BRDA:28,1,0,0
BRDA:28,1,1,0
BRDA:33,2,0,0
BRDA:33,2,1,0
BRDA:38,3,0,0
BRDA:38,3,1,0
BRDA:43,4,0,0
BRDA:43,4,1,0
BRDA:48,5,0,0
BRDA:48,5,1,0
BRDA:48,6,0,0
BRDA:48,6,1,0
BRDA:71,7,0,0
BRDA:71,7,1,0
BRDA:71,8,0,0
BRDA:71,8,1,0
BRDA:71,8,2,0
BRDA:71,8,3,0
BRDA:71,8,4,0
BRDA:71,8,5,0
BRDA:82,9,0,0
BRDA:82,9,1,0
BRDA:88,10,0,0
BRDA:88,10,1,0
BRDA:94,11,0,0
BRDA:94,11,1,0
BRDA:100,12,0,0
BRDA:100,12,1,0
BRDA:105,13,0,0
BRDA:105,13,1,0
BRDA:111,14,0,0
BRDA:111,14,1,0
BRDA:114,15,0,0
BRDA:114,15,1,0
BRDA:115,16,0,0
BRDA:115,16,1,0
BRDA:116,17,0,0
BRDA:116,17,1,0
BRF:40
BRH:0
end_of_record
TN:
SF:src\middleware\validation.js
FN:4,(anonymous_0)
FN:9,(anonymous_1)
FN:14,(anonymous_2)
FN:19,(anonymous_3)
FN:25,(anonymous_4)
FN:41,(anonymous_5)
FN:68,(anonymous_6)
FN:93,(anonymous_7)
FN:94,(anonymous_8)
FN:96,(anonymous_9)
FN:107,(anonymous_10)
FN:108,(anonymous_11)
FN:113,(anonymous_12)
FN:119,(anonymous_13)
FN:129,(anonymous_14)
FN:130,(anonymous_15)
FNF:16
FNH:0
FNDA:0,(anonymous_0)
FNDA:0,(anonymous_1)
FNDA:0,(anonymous_2)
FNDA:0,(anonymous_3)
FNDA:0,(anonymous_4)
FNDA:0,(anonymous_5)
FNDA:0,(anonymous_6)
FNDA:0,(anonymous_7)
FNDA:0,(anonymous_8)
FNDA:0,(anonymous_9)
FNDA:0,(anonymous_10)
FNDA:0,(anonymous_11)
FNDA:0,(anonymous_12)
FNDA:0,(anonymous_13)
FNDA:0,(anonymous_14)
FNDA:0,(anonymous_15)
DA:1,0
DA:4,0
DA:5,0
DA:9,0
DA:10,0
DA:14,0
DA:15,0
DA:19,0
DA:20,0
DA:21,0
DA:25,0
DA:26,0
DA:28,0
DA:29,0
DA:32,0
DA:33,0
DA:36,0
DA:37,0
DA:41,0
DA:42,0
DA:44,0
DA:45,0
DA:48,0
DA:49,0
DA:52,0
DA:53,0
DA:54,0
DA:55,0
DA:59,0
DA:60,0
DA:63,0
DA:64,0
DA:68,0
DA:69,0
DA:71,0
DA:72,0
DA:75,0
DA:76,0
DA:79,0
DA:80,0
DA:82,0
DA:85,0
DA:86,0
DA:89,0
DA:93,0
DA:94,0
DA:95,0
DA:96,0
DA:98,0
DA:99,0
DA:102,0
DA:107,0
DA:108,0
DA:109,0
DA:110,0
DA:113,0
DA:114,0
DA:115,0
DA:119,0
DA:120,0
DA:121,0
DA:124,0
DA:129,0
DA:130,0
DA:131,0
DA:132,0
DA:134,0
DA:136,0
DA:138,0
DA:139,0
DA:140,0
DA:141,0
DA:145,0
DA:149,0
LF:74
LH:0
BRDA:20,0,0,0
BRDA:20,0,1,0
BRDA:28,1,0,0
BRDA:28,1,1,0
BRDA:32,2,0,0
BRDA:32,2,1,0
BRDA:44,3,0,0
BRDA:44,3,1,0
BRDA:48,4,0,0
BRDA:48,4,1,0
BRDA:52,5,0,0
BRDA:52,5,1,0
BRDA:54,6,0,0
BRDA:54,6,1,0
BRDA:54,7,0,0
BRDA:54,7,1,0
BRDA:59,8,0,0
BRDA:59,8,1,0
BRDA:59,9,0,0
BRDA:59,9,1,0
BRDA:71,10,0,0
BRDA:71,10,1,0
BRDA:75,11,0,0
BRDA:75,11,1,0
BRDA:80,12,0,0
BRDA:80,12,1,0
BRDA:85,13,0,0
BRDA:85,13,1,0
BRDA:85,14,0,0
BRDA:85,14,1,0
BRDA:98,15,0,0
BRDA:98,15,1,0
BRDA:107,16,0,0
BRDA:114,17,0,0
BRDA:114,17,1,0
BRDA:120,18,0,0
BRDA:120,18,1,0
BRDA:134,19,0,0
BRDA:134,19,1,0
BRDA:138,20,0,0
BRDA:138,20,1,0
BRDA:138,21,0,0
BRDA:138,21,1,0
BRDA:140,22,0,0
BRDA:140,22,1,0
BRDA:140,23,0,0
BRDA:140,23,1,0
BRF:47
BRH:0
end_of_record
TN:
SF:src\routes\audit.js
FN:12,(anonymous_0)
FN:34,(anonymous_1)
FN:56,(anonymous_2)
FN:77,(anonymous_3)
FN:99,(anonymous_4)
FN:123,(anonymous_5)
FN:153,(anonymous_6)
FN:177,(anonymous_7)
FN:206,(anonymous_8)
FN:234,(anonymous_9)
FN:257,(anonymous_10)
FN:269,(anonymous_11)
FN:272,(anonymous_12)
FN:273,(anonymous_13)
FN:291,(anonymous_14)
FN:304,(anonymous_15)
FN:322,(anonymous_16)
FN:348,(anonymous_17)
FN:389,(anonymous_18)
FN:398,(anonymous_19)
FN:418,convertToCSV
FN:432,(anonymous_21)
FN:445,(anonymous_22)
FN:445,(anonymous_23)
FNF:24
FNH:0
FNDA:0,(anonymous_0)
FNDA:0,(anonymous_1)
FNDA:0,(anonymous_2)
FNDA:0,(anonymous_3)
FNDA:0,(anonymous_4)
FNDA:0,(anonymous_5)
FNDA:0,(anonymous_6)
FNDA:0,(anonymous_7)
FNDA:0,(anonymous_8)
FNDA:0,(anonymous_9)
FNDA:0,(anonymous_10)
FNDA:0,(anonymous_11)
FNDA:0,(anonymous_12)
FNDA:0,(anonymous_13)
FNDA:0,(anonymous_14)
FNDA:0,(anonymous_15)
FNDA:0,(anonymous_16)
FNDA:0,(anonymous_17)
FNDA:0,(anonymous_18)
FNDA:0,(anonymous_19)
FNDA:0,convertToCSV
FNDA:0,(anonymous_21)
FNDA:0,(anonymous_22)
FNDA:0,(anonymous_23)
DA:1,0
DA:2,0
DA:3,0
DA:4,0
DA:5,0
DA:12,0
DA:21,0
DA:23,0
DA:34,0
DA:35,0
DA:38,0
DA:40,0
DA:56,0
DA:57,0
DA:59,0
DA:60,0
DA:61,0
DA:63,0
DA:65,0
DA:77,0
DA:78,0
DA:79,0
DA:81,0
DA:83,0
DA:99,0
DA:100,0
DA:102,0
DA:104,0
DA:105,0
DA:111,0
DA:123,0
DA:124,0
DA:126,0
DA:127,0
DA:133,0
DA:141,0
DA:153,0
DA:154,0
DA:156,0
DA:157,0
DA:163,0
DA:165,0
DA:177,0
DA:178,0
DA:180,0
DA:181,0
DA:187,0
DA:194,0
DA:206,0
DA:207,0
DA:209,0
DA:210,0
DA:216,0
DA:222,0
DA:234,0
DA:235,0
DA:237,0
DA:243,0
DA:245,0
DA:257,0
DA:258,0
DA:260,0
DA:266,0
DA:269,0
DA:272,0
DA:273,0
DA:276,0
DA:291,0
DA:292,0
DA:294,0
DA:300,0
DA:303,0
DA:304,0
DA:307,0
DA:322,0
DA:323,0
DA:325,0
DA:331,0
DA:333,0
DA:348,0
DA:355,0
DA:357,0
DA:365,0
DA:367,0
DA:368,0
DA:369,0
DA:370,0
DA:373,0
DA:389,0
DA:390,0
DA:393,0
DA:395,0
DA:397,0
DA:398,0
DA:401,0
DA:402,0
DA:408,0
DA:419,0
DA:421,0
DA:432,0
DA:443,0
DA:445,0
DA:448,0
DA:451,0
LF:104
LH:0
BRDA:20,0,0,0
BRDA:35,1,0,0
BRDA:35,1,1,0
BRDA:60,2,0,0
BRDA:60,2,1,0
BRDA:61,3,0,0
BRDA:61,3,1,0
BRDA:79,4,0,0
BRDA:104,5,0,0
BRDA:104,5,1,0
BRDA:126,6,0,0
BRDA:126,6,1,0
BRDA:126,7,0,0
BRDA:126,7,1,0
BRDA:126,7,2,0
BRDA:137,8,0,0
BRDA:137,8,1,0
BRDA:138,9,0,0
BRDA:138,9,1,0
BRDA:156,10,0,0
BRDA:156,10,1,0
BRDA:156,11,0,0
BRDA:156,11,1,0
BRDA:156,11,2,0
BRDA:180,12,0,0
BRDA:180,12,1,0
BRDA:180,13,0,0
BRDA:180,13,1,0
BRDA:209,14,0,0
BRDA:209,14,1,0
BRDA:209,15,0,0
BRDA:209,15,1,0
BRDA:219,16,0,0
BRDA:219,16,1,0
BRDA:292,17,0,0
BRDA:354,18,0,0
BRDA:365,19,0,0
BRDA:365,19,1,0
BRDA:395,20,0,0
BRDA:395,20,1,0
BRDA:401,21,0,0
BRDA:401,21,1,0
BRDA:419,22,0,0
BRDA:419,22,1,0
BRF:44
BRH:0
end_of_record
TN:
SF:src\routes\blockchain.js
FN:17,(anonymous_0)
FN:34,(anonymous_1)
FN:58,(anonymous_2)
FN:82,(anonymous_3)
FN:106,(anonymous_4)
FN:130,(anonymous_5)
FN:145,(anonymous_6)
FN:169,(anonymous_7)
FN:193,(anonymous_8)
FN:217,(anonymous_9)
FN:246,(anonymous_10)
FN:263,(anonymous_11)
FN:291,(anonymous_12)
FN:320,(anonymous_13)
FN:350,(anonymous_14)
FN:378,(anonymous_15)
FN:408,(anonymous_16)
FN:425,(anonymous_17)
FN:440,(anonymous_18)
FNF:19
FNH:0
FNDA:0,(anonymous_0)
FNDA:0,(anonymous_1)
FNDA:0,(anonymous_2)
FNDA:0,(anonymous_3)
FNDA:0,(anonymous_4)
FNDA:0,(anonymous_5)
FNDA:0,(anonymous_6)
FNDA:0,(anonymous_7)
FNDA:0,(anonymous_8)
FNDA:0,(anonymous_9)
FNDA:0,(anonymous_10)
FNDA:0,(anonymous_11)
FNDA:0,(anonymous_12)
FNDA:0,(anonymous_13)
FNDA:0,(anonymous_14)
FNDA:0,(anonymous_15)
FNDA:0,(anonymous_16)
FNDA:0,(anonymous_17)
FNDA:0,(anonymous_18)
DA:1,0
DA:2,0
DA:3,0
DA:4,0
DA:5,0
DA:6,0
DA:7,0
DA:8,0
DA:9,0
DA:10,0
DA:17,0
DA:18,0
DA:20,0
DA:22,0
DA:34,0
DA:35,0
DA:37,0
DA:38,0
DA:44,0
DA:46,0
DA:58,0
DA:59,0
DA:61,0
DA:62,0
DA:68,0
DA:70,0
DA:82,0
DA:83,0
DA:85,0
DA:86,0
DA:92,0
DA:94,0
DA:106,0
DA:107,0
DA:109,0
DA:110,0
DA:116,0
DA:118,0
DA:130,0
DA:131,0
DA:133,0
DA:145,0
DA:146,0
DA:148,0
DA:149,0
DA:155,0
DA:157,0
DA:169,0
DA:170,0
DA:172,0
DA:173,0
DA:179,0
DA:181,0
DA:193,0
DA:194,0
DA:196,0
DA:197,0
DA:203,0
DA:205,0
DA:217,0
DA:218,0
DA:220,0
DA:221,0
DA:227,0
DA:234,0
DA:246,0
DA:247,0
DA:249,0
DA:251,0
DA:263,0
DA:264,0
DA:266,0
DA:267,0
DA:273,0
DA:279,0
DA:291,0
DA:292,0
DA:294,0
DA:295,0
DA:301,0
DA:308,0
DA:320,0
DA:321,0
DA:323,0
DA:324,0
DA:330,0
DA:338,0
DA:350,0
DA:351,0
DA:353,0
DA:354,0
DA:360,0
DA:366,0
DA:378,0
DA:379,0
DA:381,0
DA:382,0
DA:388,0
DA:396,0
DA:408,0
DA:409,0
DA:411,0
DA:413,0
DA:425,0
DA:426,0
DA:428,0
DA:440,0
DA:441,0
DA:443,0
DA:444,0
DA:450,0
DA:452,0
DA:459,0
LF:113
LH:0
BRDA:37,0,0,0
BRDA:37,0,1,0
BRDA:37,1,0,0
BRDA:37,1,1,0
BRDA:37,1,2,0
BRDA:61,2,0,0
BRDA:61,2,1,0
BRDA:61,3,0,0
BRDA:61,3,1,0
BRDA:61,3,2,0
BRDA:85,4,0,0
BRDA:85,4,1,0
BRDA:85,5,0,0
BRDA:85,5,1,0
BRDA:85,5,2,0
BRDA:109,6,0,0
BRDA:109,6,1,0
BRDA:148,7,0,0
BRDA:148,7,1,0
BRDA:148,8,0,0
BRDA:148,8,1,0
BRDA:148,8,2,0
BRDA:172,9,0,0
BRDA:172,9,1,0
BRDA:172,10,0,0
BRDA:172,10,1,0
BRDA:172,10,2,0
BRDA:196,11,0,0
BRDA:196,11,1,0
BRDA:196,12,0,0
BRDA:196,12,1,0
BRDA:196,12,2,0
BRDA:220,13,0,0
BRDA:220,13,1,0
BRDA:220,14,0,0
BRDA:220,14,1,0
BRDA:230,15,0,0
BRDA:230,15,1,0
BRDA:266,16,0,0
BRDA:266,16,1,0
BRDA:266,17,0,0
BRDA:266,17,1,0
BRDA:276,18,0,0
BRDA:276,18,1,0
BRDA:294,19,0,0
BRDA:294,19,1,0
BRDA:294,20,0,0
BRDA:294,20,1,0
BRDA:294,20,2,0
BRDA:304,21,0,0
BRDA:304,21,1,0
BRDA:323,22,0,0
BRDA:323,22,1,0
BRDA:323,23,0,0
BRDA:323,23,1,0
BRDA:323,23,2,0
BRDA:333,24,0,0
BRDA:333,24,1,0
BRDA:353,25,0,0
BRDA:353,25,1,0
BRDA:353,26,0,0
BRDA:353,26,1,0
BRDA:363,27,0,0
BRDA:363,27,1,0
BRDA:381,28,0,0
BRDA:381,28,1,0
BRDA:381,29,0,0
BRDA:381,29,1,0
BRDA:392,30,0,0
BRDA:392,30,1,0
BRDA:393,31,0,0
BRDA:393,31,1,0
BRDA:443,32,0,0
BRDA:443,32,1,0
BRDA:443,33,0,0
BRDA:443,33,1,0
BRF:76
BRH:0
end_of_record
TN:
SF:src\routes\chainGPT.js
FNF:0
FNH:0
DA:1,0
DA:2,0
DA:3,0
DA:4,0
DA:11,0
DA:22,0
DA:33,0
DA:42,0
DA:53,0
DA:63,0
DA:74,0
DA:83,0
DA:92,0
DA:103,0
DA:114,0
DA:118,0
LF:16
LH:0
BRF:0
BRH:0
end_of_record
TN:
SF:src\routes\health.js
FN:7,(anonymous_0)
FN:35,(anonymous_1)
FN:61,(anonymous_2)
FN:62,(anonymous_3)
FN:98,(anonymous_4)
FN:106,(anonymous_5)
FN:129,(anonymous_6)
FN:142,(anonymous_7)
FNF:8
FNH:0
FNDA:0,(anonymous_0)
FNDA:0,(anonymous_1)
FNDA:0,(anonymous_2)
FNDA:0,(anonymous_3)
FNDA:0,(anonymous_4)
FNDA:0,(anonymous_5)
FNDA:0,(anonymous_6)
FNDA:0,(anonymous_7)
DA:1,0
DA:2,0
DA:3,0
DA:4,0
DA:7,0
DA:8,0
DA:11,0
DA:12,0
DA:20,0
DA:29,0
DA:30,0
DA:31,0
DA:34,0
DA:36,0
DA:43,0
DA:50,0
DA:52,0
DA:62,0
DA:66,0
DA:68,0
DA:69,0
DA:72,0
DA:74,0
DA:92,0
DA:94,0
DA:98,0
DA:99,0
DA:100,0
DA:102,0
DA:106,0
DA:109,0
DA:111,0
DA:129,0
DA:130,0
DA:131,0
DA:133,0
DA:134,0
DA:135,0
DA:137,0
DA:142,0
DA:143,0
DA:146,0
LF:42
LH:0
BRDA:50,0,0,0
BRDA:50,0,1,0
BRDA:76,1,0,0
BRDA:76,1,1,0
BRDA:80,2,0,0
BRDA:80,2,1,0
BRDA:92,3,0,0
BRDA:92,3,1,0
BRDA:122,4,0,0
BRDA:122,4,1,0
BRDA:123,5,0,0
BRDA:123,5,1,0
BRF:12
BRH:0
end_of_record
TN:
SF:src\routes\memory.js
FN:14,(anonymous_0)
FN:36,(anonymous_1)
FN:60,(anonymous_2)
FN:84,(anonymous_3)
FN:106,(anonymous_4)
FN:123,(anonymous_5)
FN:141,(anonymous_6)
FN:158,(anonymous_7)
FN:175,(anonymous_8)
FN:195,(anonymous_9)
FN:219,(anonymous_10)
FN:241,(anonymous_11)
FN:265,(anonymous_12)
FN:289,(anonymous_13)
FN:313,(anonymous_14)
FN:337,(anonymous_15)
FN:346,(anonymous_16)
FN:361,(anonymous_17)
FN:385,(anonymous_18)
FN:409,(anonymous_19)
FN:431,(anonymous_20)
FN:455,(anonymous_21)
FN:470,(anonymous_22)
FNF:23
FNH:0
FNDA:0,(anonymous_0)
FNDA:0,(anonymous_1)
FNDA:0,(anonymous_2)
FNDA:0,(anonymous_3)
FNDA:0,(anonymous_4)
FNDA:0,(anonymous_5)
FNDA:0,(anonymous_6)
FNDA:0,(anonymous_7)
FNDA:0,(anonymous_8)
FNDA:0,(anonymous_9)
FNDA:0,(anonymous_10)
FNDA:0,(anonymous_11)
FNDA:0,(anonymous_12)
FNDA:0,(anonymous_13)
FNDA:0,(anonymous_14)
FNDA:0,(anonymous_15)
FNDA:0,(anonymous_16)
FNDA:0,(anonymous_17)
FNDA:0,(anonymous_18)
FNDA:0,(anonymous_19)
FNDA:0,(anonymous_20)
FNDA:0,(anonymous_21)
FNDA:0,(anonymous_22)
DA:1,0
DA:2,0
DA:3,0
DA:4,0
DA:5,0
DA:6,0
DA:7,0
DA:14,0
DA:15,0
DA:16,0
DA:18,0
DA:20,0
DA:36,0
DA:37,0
DA:39,0
DA:40,0
DA:46,0
DA:48,0
DA:60,0
DA:61,0
DA:63,0
DA:64,0
DA:70,0
DA:72,0
DA:84,0
DA:85,0
DA:86,0
DA:88,0
DA:90,0
DA:106,0
DA:107,0
DA:109,0
DA:111,0
DA:123,0
DA:124,0
DA:125,0
DA:127,0
DA:129,0
DA:141,0
DA:142,0
DA:144,0
DA:146,0
DA:158,0
DA:159,0
DA:161,0
DA:163,0
DA:175,0
DA:176,0
DA:178,0
DA:180,0
DA:195,0
DA:196,0
DA:198,0
DA:199,0
DA:205,0
DA:207,0
DA:219,0
DA:220,0
DA:222,0
DA:224,0
DA:241,0
DA:242,0
DA:244,0
DA:245,0
DA:251,0
DA:253,0
DA:265,0
DA:266,0
DA:268,0
DA:269,0
DA:275,0
DA:277,0
DA:289,0
DA:290,0
DA:292,0
DA:293,0
DA:299,0
DA:301,0
DA:313,0
DA:314,0
DA:316,0
DA:317,0
DA:323,0
DA:325,0
DA:337,0
DA:338,0
DA:340,0
DA:342,0
DA:346,0
DA:361,0
DA:362,0
DA:364,0
DA:366,0
DA:367,0
DA:373,0
DA:385,0
DA:386,0
DA:388,0
DA:389,0
DA:395,0
DA:397,0
DA:409,0
DA:410,0
DA:411,0
DA:413,0
DA:415,0
DA:431,0
DA:432,0
DA:434,0
DA:435,0
DA:441,0
DA:443,0
DA:455,0
DA:456,0
DA:458,0
DA:470,0
DA:471,0
DA:473,0
DA:474,0
DA:480,0
DA:482,0
DA:493,0
LF:122
LH:0
BRDA:16,0,0,0
BRDA:39,1,0,0
BRDA:39,1,1,0
BRDA:39,2,0,0
BRDA:39,2,1,0
BRDA:63,3,0,0
BRDA:63,3,1,0
BRDA:63,4,0,0
BRDA:63,4,1,0
BRDA:63,4,2,0
BRDA:70,5,0,0
BRDA:70,5,1,0
BRDA:86,6,0,0
BRDA:125,7,0,0
BRDA:198,8,0,0
BRDA:198,8,1,0
BRDA:198,9,0,0
BRDA:198,9,1,0
BRDA:198,9,2,0
BRDA:198,9,3,0
BRDA:244,10,0,0
BRDA:244,10,1,0
BRDA:244,11,0,0
BRDA:244,11,1,0
BRDA:268,12,0,0
BRDA:268,12,1,0
BRDA:268,13,0,0
BRDA:268,13,1,0
BRDA:292,14,0,0
BRDA:292,14,1,0
BRDA:292,15,0,0
BRDA:292,15,1,0
BRDA:316,16,0,0
BRDA:316,16,1,0
BRDA:338,17,0,0
BRDA:366,18,0,0
BRDA:366,18,1,0
BRDA:388,19,0,0
BRDA:388,19,1,0
BRDA:388,20,0,0
BRDA:388,20,1,0
BRDA:388,20,2,0
BRDA:411,21,0,0
BRDA:434,22,0,0
BRDA:434,22,1,0
BRDA:434,23,0,0
BRDA:434,23,1,0
BRDA:471,24,0,0
BRDA:473,25,0,0
BRDA:473,25,1,0
BRDA:480,26,0,0
BRDA:480,26,1,0
BRF:52
BRH:0
end_of_record
TN:
SF:src\routes\preview.js
FN:14,(anonymous_0)
FN:38,(anonymous_1)
FN:74,(anonymous_2)
FN:128,(anonymous_3)
FN:180,(anonymous_4)
FN:213,(anonymous_5)
FN:247,(anonymous_6)
FN:259,(anonymous_7)
FN:277,(anonymous_8)
FN:302,getGasRecommendation
FN:315,compareRiskLevels
FNF:11
FNH:0
FNDA:0,(anonymous_0)
FNDA:0,(anonymous_1)
FNDA:0,(anonymous_2)
FNDA:0,(anonymous_3)
FNDA:0,(anonymous_4)
FNDA:0,(anonymous_5)
FNDA:0,(anonymous_6)
FNDA:0,(anonymous_7)
FNDA:0,(anonymous_8)
FNDA:0,getGasRecommendation
FNDA:0,compareRiskLevels
DA:1,0
DA:2,0
DA:3,0
DA:4,0
DA:5,0
DA:6,0
DA:7,0
DA:14,0
DA:15,0
DA:17,0
DA:18,0
DA:24,0
DA:26,0
DA:38,0
DA:39,0
DA:42,0
DA:45,0
DA:58,0
DA:74,0
DA:75,0
DA:76,0
DA:78,0
DA:81,0
DA:88,0
DA:89,0
DA:90,0
DA:91,0
DA:92,0
DA:100,0
DA:102,0
DA:128,0
DA:129,0
DA:131,0
DA:132,0
DA:139,0
DA:142,0
DA:152,0
DA:153,0
DA:154,0
DA:155,0
DA:157,0
DA:165,0
DA:180,0
DA:181,0
DA:183,0
DA:184,0
DA:190,0
DA:195,0
DA:197,0
DA:213,0
DA:214,0
DA:216,0
DA:217,0
DA:223,0
DA:224,0
DA:225,0
DA:227,0
DA:228,0
DA:229,0
DA:231,0
DA:233,0
DA:234,0
DA:238,0
DA:247,0
DA:259,0
DA:260,0
DA:262,0
DA:277,0
DA:278,0
DA:280,0
DA:281,0
DA:287,0
DA:289,0
DA:303,0
DA:304,0
DA:305,0
DA:306,0
DA:308,0
DA:316,0
DA:317,0
DA:320,0
LF:81
LH:0
BRDA:17,0,0,0
BRDA:17,0,1,0
BRDA:52,1,0,0
BRDA:52,1,1,0
BRDA:131,2,0,0
BRDA:131,2,1,0
BRDA:152,3,0,0
BRDA:152,3,1,0
BRDA:183,4,0,0
BRDA:183,4,1,0
BRDA:216,5,0,0
BRDA:216,5,1,0
BRDA:216,6,0,0
BRDA:216,6,1,0
BRDA:233,7,0,0
BRDA:233,7,1,0
BRDA:280,8,0,0
BRDA:280,8,1,0
BRDA:280,9,0,0
BRDA:280,9,1,0
BRDA:303,10,0,0
BRDA:303,10,1,0
BRDA:305,11,0,0
BRDA:305,11,1,0
BRF:24
BRH:0
end_of_record
TN:
SF:src\routes\x402.js
FNF:0
FNH:0
DA:1,1
DA:2,1
DA:3,1
DA:10,1
DA:17,1
DA:24,1
DA:31,1
DA:38,1
DA:45,1
DA:52,1
DA:59,1
DA:66,1
DA:73,1
DA:80,1
DA:87,1
DA:94,1
DA:101,1
DA:108,1
DA:115,1
DA:117,1
LF:20
LH:20
BRF:0
BRH:0
end_of_record
TN:
SF:src\services\audit\AuditService.js
FN:6,(anonymous_0)
FN:20,(anonymous_1)
FN:67,(anonymous_2)
FN:110,(anonymous_3)
FN:142,(anonymous_4)
FN:175,(anonymous_5)
FN:205,(anonymous_6)
FN:229,(anonymous_7)
FN:238,(anonymous_8)
FN:260,(anonymous_9)
FN:326,(anonymous_10)
FN:340,(anonymous_11)
FN:360,(anonymous_12)
FN:363,(anonymous_13)
FN:364,(anonymous_14)
FN:365,(anonymous_15)
FN:372,(anonymous_16)
FN:389,(anonymous_17)
FN:392,(anonymous_18)
FN:407,(anonymous_19)
FN:410,(anonymous_20)
FN:441,(anonymous_21)
FN:445,(anonymous_22)
FN:457,(anonymous_23)
FN:478,(anonymous_24)
FN:484,(anonymous_25)
FN:486,(anonymous_26)
FN:495,(anonymous_27)
FN:514,(anonymous_28)
FN:528,(anonymous_29)
FN:543,(anonymous_30)
FNF:31
FNH:0
FNDA:0,(anonymous_0)
FNDA:0,(anonymous_1)
FNDA:0,(anonymous_2)
FNDA:0,(anonymous_3)
FNDA:0,(anonymous_4)
FNDA:0,(anonymous_5)
FNDA:0,(anonymous_6)
FNDA:0,(anonymous_7)
FNDA:0,(anonymous_8)
FNDA:0,(anonymous_9)
FNDA:0,(anonymous_10)
FNDA:0,(anonymous_11)
FNDA:0,(anonymous_12)
FNDA:0,(anonymous_13)
FNDA:0,(anonymous_14)
FNDA:0,(anonymous_15)
FNDA:0,(anonymous_16)
FNDA:0,(anonymous_17)
FNDA:0,(anonymous_18)
FNDA:0,(anonymous_19)
FNDA:0,(anonymous_20)
FNDA:0,(anonymous_21)
FNDA:0,(anonymous_22)
FNDA:0,(anonymous_23)
FNDA:0,(anonymous_24)
FNDA:0,(anonymous_25)
FNDA:0,(anonymous_26)
FNDA:0,(anonymous_27)
FNDA:0,(anonymous_28)
FNDA:0,(anonymous_29)
FNDA:0,(anonymous_30)
DA:1,0
DA:2,0
DA:3,0
DA:7,0
DA:8,0
DA:21,0
DA:22,0
DA:41,0
DA:44,0
DA:46,0
DA:53,0
DA:55,0
DA:56,0
DA:68,0
DA:69,0
DA:71,0
DA:93,0
DA:95,0
DA:97,0
DA:98,0
DA:111,0
DA:112,0
DA:126,0
DA:128,0
DA:130,0
DA:131,0
DA:143,0
DA:144,0
DA:158,0
DA:160,0
DA:162,0
DA:163,0
DA:176,0
DA:177,0
DA:179,0
DA:191,0
DA:193,0
DA:195,0
DA:196,0
DA:206,0
DA:215,0
DA:218,0
DA:219,0
DA:220,0
DA:221,0
DA:222,0
DA:225,0
DA:228,0
DA:229,0
DA:230,0
DA:231,0
DA:232,0
DA:233,0
DA:238,0
DA:241,0
DA:243,0
DA:248,0
DA:250,0
DA:251,0
DA:261,0
DA:262,0
DA:265,0
DA:266,0
DA:271,0
DA:278,0
DA:281,0
DA:284,0
DA:287,0
DA:290,0
DA:292,0
DA:308,0
DA:313,0
DA:315,0
DA:316,0
DA:327,0
DA:328,0
DA:330,0
DA:331,0
DA:341,0
DA:342,0
DA:348,0
DA:350,0
DA:351,0
DA:361,0
DA:363,0
DA:364,0
DA:365,0
DA:372,0
DA:373,0
DA:374,0
DA:377,0
DA:378,0
DA:381,0
DA:390,0
DA:392,0
DA:393,0
DA:394,0
DA:396,0
DA:399,0
DA:408,0
DA:410,0
DA:411,0
DA:412,0
DA:421,0
DA:422,0
DA:423,0
DA:425,0
DA:426,0
DA:428,0
DA:429,0
DA:433,0
DA:442,0
DA:445,0
DA:446,0
DA:447,0
DA:456,0
DA:457,0
DA:458,0
DA:459,0
DA:469,0
DA:479,0
DA:484,0
DA:486,0
DA:496,0
DA:506,0
DA:515,0
DA:521,0
DA:529,0
DA:532,0
DA:533,0
DA:534,0
DA:544,0
DA:548,0
LF:133
LH:0
BRDA:20,0,0,0
BRDA:20,1,0,0
BRDA:29,2,0,0
BRDA:29,2,1,0
BRDA:34,3,0,0
BRDA:34,3,1,0
BRDA:35,4,0,0
BRDA:35,4,1,0
BRDA:36,5,0,0
BRDA:36,5,1,0
BRDA:37,6,0,0
BRDA:37,6,1,0
BRDA:77,7,0,0
BRDA:77,7,1,0
BRDA:79,8,0,0
BRDA:79,8,1,0
BRDA:89,9,0,0
BRDA:89,9,1,0
BRDA:142,10,0,0
BRDA:154,11,0,0
BRDA:154,11,1,0
BRDA:177,12,0,0
BRDA:177,12,1,0
BRDA:205,13,0,0
BRDA:214,14,0,0
BRDA:219,15,0,0
BRDA:219,15,1,0
BRDA:220,16,0,0
BRDA:220,16,1,0
BRDA:221,17,0,0
BRDA:221,17,1,0
BRDA:222,18,0,0
BRDA:222,18,1,0
BRDA:228,19,0,0
BRDA:228,19,1,0
BRDA:228,20,0,0
BRDA:228,20,1,0
BRDA:231,21,0,0
BRDA:231,21,1,0
BRDA:231,22,0,0
BRDA:231,22,1,0
BRDA:232,23,0,0
BRDA:232,23,1,0
BRDA:232,24,0,0
BRDA:232,24,1,0
BRDA:260,25,0,0
BRDA:265,26,0,0
BRDA:265,26,1,0
BRDA:266,27,0,0
BRDA:266,27,1,0
BRDA:326,28,0,0
BRDA:348,29,0,0
BRDA:348,29,1,0
BRDA:373,30,0,0
BRDA:373,30,1,0
BRDA:374,31,0,0
BRDA:374,31,1,0
BRDA:378,32,0,0
BRDA:378,32,1,0
BRDA:393,33,0,0
BRDA:393,33,1,0
BRDA:411,34,0,0
BRDA:411,34,1,0
BRDA:423,35,0,0
BRDA:423,35,1,0
BRDA:425,36,0,0
BRDA:425,36,1,0
BRDA:428,37,0,0
BRDA:428,37,1,0
BRDA:446,38,0,0
BRDA:446,38,1,0
BRDA:458,39,0,0
BRDA:458,39,1,0
BRDA:483,40,0,0
BRDA:483,40,1,0
BRDA:485,41,0,0
BRDA:485,41,1,0
BRDA:506,42,0,0
BRDA:506,42,1,0
BRDA:521,43,0,0
BRDA:521,43,1,0
BRDA:532,44,0,0
BRDA:532,44,1,0
BRDA:544,45,0,0
BRDA:544,45,1,0
BRF:85
BRH:0
end_of_record
TN:
SF:src\services\blockchain\BlockchainService.js
FN:5,(anonymous_0)
FN:26,(anonymous_1)
FN:54,(anonymous_2)
FN:82,(anonymous_3)
FN:103,(anonymous_4)
FN:113,(anonymous_5)
FN:161,(anonymous_6)
FN:192,(anonymous_7)
FN:206,(anonymous_8)
FN:212,(anonymous_9)
FN:235,(anonymous_10)
FN:251,(anonymous_11)
FN:276,(anonymous_12)
FN:277,(anonymous_13)
FN:284,(anonymous_14)
FN:292,(anonymous_15)
FNF:16
FNH:2
FNDA:4,(anonymous_0)
FNDA:0,(anonymous_1)
FNDA:0,(anonymous_2)
FNDA:0,(anonymous_3)
FNDA:0,(anonymous_4)
FNDA:0,(anonymous_5)
FNDA:0,(anonymous_6)
FNDA:0,(anonymous_7)
FNDA:0,(anonymous_8)
FNDA:0,(anonymous_9)
FNDA:0,(anonymous_10)
FNDA:0,(anonymous_11)
FNDA:0,(anonymous_12)
FNDA:0,(anonymous_13)
FNDA:1,(anonymous_14)
FNDA:0,(anonymous_15)
DA:1,4
DA:2,4
DA:6,4
DA:7,4
DA:8,4
DA:11,4
DA:12,4
DA:15,4
DA:16,4
DA:17,4
DA:27,0
DA:28,0
DA:29,0
DA:32,0
DA:33,0
DA:35,0
DA:37,0
DA:44,0
DA:45,0
DA:55,0
DA:56,0
DA:57,0
DA:59,0
DA:60,0
DA:62,0
DA:64,0
DA:73,0
DA:74,0
DA:83,0
DA:84,0
DA:85,0
DA:87,0
DA:93,0
DA:94,0
DA:104,0
DA:114,0
DA:115,0
DA:117,0
DA:118,0
DA:119,0
DA:121,0
DA:122,0
DA:124,0
DA:125,0
DA:126,0
DA:128,0
DA:129,0
DA:130,0
DA:142,0
DA:145,0
DA:146,0
DA:149,0
DA:151,0
DA:152,0
DA:162,0
DA:163,0
DA:164,0
DA:166,0
DA:167,0
DA:170,0
DA:183,0
DA:184,0
DA:193,0
DA:194,0
DA:195,0
DA:197,0
DA:198,0
DA:207,0
DA:208,0
DA:212,0
DA:215,0
DA:224,0
DA:225,0
DA:236,0
DA:237,0
DA:238,0
DA:240,0
DA:241,0
DA:254,0
DA:255,0
DA:256,0
DA:258,0
DA:260,0
DA:261,0
DA:262,0
DA:263,0
DA:268,0
DA:277,0
DA:285,1
DA:293,0
DA:294,0
DA:296,0
DA:300,4
LF:93
LH:12
BRDA:7,0,0,4
BRDA:7,0,1,0
BRDA:11,1,0,4
BRDA:11,1,1,0
BRDA:12,2,0,4
BRDA:12,2,1,0
BRDA:28,3,0,0
BRDA:28,3,1,0
BRDA:113,4,0,0
BRDA:124,5,0,0
BRDA:124,5,1,0
BRDA:124,6,0,0
BRDA:124,6,1,0
BRDA:128,7,0,0
BRDA:128,7,1,0
BRDA:134,8,0,0
BRDA:134,8,1,0
BRDA:138,9,0,0
BRDA:138,9,1,0
BRDA:166,10,0,0
BRDA:166,10,1,0
BRDA:179,11,0,0
BRDA:179,11,1,0
BRDA:179,12,0,0
BRDA:179,12,1,0
BRDA:217,13,0,0
BRDA:217,13,1,0
BRDA:217,14,0,0
BRDA:217,14,1,0
BRDA:251,15,0,0
BRDA:260,16,0,0
BRDA:260,16,1,0
BRDA:293,17,0,0
BRDA:293,17,1,0
BRF:34
BRH:3
end_of_record
TN:
SF:src\services\blockchain\ContractCallService.js
FN:5,(anonymous_0)
FN:17,(anonymous_1)
FN:60,(anonymous_2)
FN:149,(anonymous_3)
FN:194,(anonymous_4)
FN:239,(anonymous_5)
FN:266,(anonymous_6)
FN:287,(anonymous_7)
FN:314,(anonymous_8)
FN:321,(anonymous_9)
FN:352,(anonymous_10)
FN:362,(anonymous_11)
FN:398,(anonymous_12)
FN:400,(anonymous_13)
FN:405,(anonymous_14)
FNF:15
FNH:0
FNDA:0,(anonymous_0)
FNDA:0,(anonymous_1)
FNDA:0,(anonymous_2)
FNDA:0,(anonymous_3)
FNDA:0,(anonymous_4)
FNDA:0,(anonymous_5)
FNDA:0,(anonymous_6)
FNDA:0,(anonymous_7)
FNDA:0,(anonymous_8)
FNDA:0,(anonymous_9)
FNDA:0,(anonymous_10)
FNDA:0,(anonymous_11)
FNDA:0,(anonymous_12)
FNDA:0,(anonymous_13)
FNDA:0,(anonymous_14)
DA:1,0
DA:2,0
DA:6,0
DA:18,0
DA:19,0
DA:20,0
DA:23,0
DA:25,0
DA:26,0
DA:29,0
DA:35,0
DA:37,0
DA:46,0
DA:47,0
DA:61,0
DA:62,0
DA:64,0
DA:65,0
DA:68,0
DA:70,0
DA:71,0
DA:74,0
DA:81,0
DA:84,0
DA:89,0
DA:90,0
DA:92,0
DA:104,0
DA:109,0
DA:113,0
DA:114,0
DA:115,0
DA:117,0
DA:122,0
DA:137,0
DA:138,0
DA:150,0
DA:151,0
DA:152,0
DA:155,0
DA:156,0
DA:159,0
DA:160,0
DA:163,0
DA:164,0
DA:165,0
DA:166,0
DA:167,0
DA:170,0
DA:171,0
DA:175,0
DA:182,0
DA:183,0
DA:195,0
DA:196,0
DA:197,0
DA:199,0
DA:200,0
DA:201,0
DA:207,0
DA:209,0
DA:217,0
DA:225,0
DA:226,0
DA:240,0
DA:241,0
DA:242,0
DA:245,0
DA:248,0
DA:249,0
DA:254,0
DA:260,0
DA:266,0
DA:275,0
DA:276,0
DA:288,0
DA:289,0
DA:291,0
DA:292,0
DA:295,0
DA:297,0
DA:303,0
DA:304,0
DA:315,0
DA:316,0
DA:319,0
DA:320,0
DA:321,0
DA:322,0
DA:324,0
DA:325,0
DA:330,0
DA:339,0
DA:341,0
DA:342,0
DA:353,0
DA:354,0
DA:356,0
DA:357,0
DA:358,0
DA:360,0
DA:361,0
DA:362,0
DA:363,0
DA:365,0
DA:366,0
DA:372,0
DA:376,0
DA:381,0
DA:386,0
DA:388,0
DA:389,0
DA:399,0
DA:401,0
DA:405,0
DA:409,0
LF:116
LH:0
BRDA:17,0,0,0
BRDA:19,1,0,0
BRDA:19,1,1,0
BRDA:25,2,0,0
BRDA:25,2,1,0
BRDA:60,3,0,0
BRDA:60,4,0,0
BRDA:64,5,0,0
BRDA:64,5,1,0
BRDA:70,6,0,0
BRDA:70,6,1,0
BRDA:86,7,0,0
BRDA:86,7,1,0
BRDA:98,8,0,0
BRDA:98,8,1,0
BRDA:124,9,0,0
BRDA:124,9,1,0
BRDA:149,10,0,0
BRDA:151,11,0,0
BRDA:151,11,1,0
BRDA:159,12,0,0
BRDA:159,12,1,0
BRDA:165,13,0,0
BRDA:165,13,1,0
BRDA:204,14,0,0
BRDA:204,14,1,0
BRDA:239,15,0,0
BRDA:239,16,0,0
BRDA:239,17,0,0
BRDA:241,18,0,0
BRDA:241,18,1,0
BRDA:248,19,0,0
BRDA:248,19,1,0
BRDA:262,20,0,0
BRDA:262,20,1,0
BRDA:291,21,0,0
BRDA:291,21,1,0
BRDA:320,22,0,0
BRDA:320,22,1,0
BRDA:324,23,0,0
BRDA:324,23,1,0
BRDA:356,24,0,0
BRDA:356,24,1,0
BRDA:361,25,0,0
BRDA:361,25,1,0
BRDA:365,26,0,0
BRDA:365,26,1,0
BRDA:401,27,0,0
BRDA:401,27,1,0
BRDA:401,27,2,0
BRDA:401,27,3,0
BRF:51
BRH:0
end_of_record
TN:
SF:src\services\blockchain\ContractDeployService.js
FN:5,(anonymous_0)
FN:17,(anonymous_1)
FN:108,(anonymous_2)
FN:158,(anonymous_3)
FN:176,(anonymous_4)
FN:212,(anonymous_5)
FN:237,(anonymous_6)
FNF:7
FNH:0
FNDA:0,(anonymous_0)
FNDA:0,(anonymous_1)
FNDA:0,(anonymous_2)
FNDA:0,(anonymous_3)
FNDA:0,(anonymous_4)
FNDA:0,(anonymous_5)
FNDA:0,(anonymous_6)
DA:1,0
DA:2,0
DA:6,0
DA:18,0
DA:19,0
DA:22,0
DA:25,0
DA:28,0
DA:34,0
DA:35,0
DA:36,0
DA:37,0
DA:38,0
DA:40,0
DA:41,0
DA:45,0
DA:46,0
DA:48,0
DA:57,0
DA:64,0
DA:69,0
DA:73,0
DA:74,0
DA:77,0
DA:78,0
DA:79,0
DA:81,0
DA:86,0
DA:98,0
DA:99,0
DA:109,0
DA:110,0
DA:111,0
DA:115,0
DA:118,0
DA:120,0
DA:121,0
DA:129,0
DA:134,0
DA:136,0
DA:146,0
DA:147,0
DA:159,0
DA:162,0
DA:164,0
DA:165,0
DA:177,0
DA:178,0
DA:179,0
DA:181,0
DA:182,0
DA:187,0
DA:188,0
DA:190,0
DA:191,0
DA:193,0
DA:202,0
DA:203,0
DA:213,0
DA:214,0
DA:215,0
DA:220,0
DA:222,0
DA:227,0
DA:228,0
DA:238,0
DA:239,0
DA:240,0
DA:242,0
DA:243,0
DA:245,0
DA:246,0
DA:247,0
DA:252,0
DA:259,0
DA:267,0
DA:268,0
DA:273,0
LF:78
LH:0
BRDA:17,0,0,0
BRDA:17,1,0,0
BRDA:22,2,0,0
BRDA:22,2,1,0
BRDA:35,3,0,0
BRDA:35,3,1,0
BRDA:73,4,0,0
BRDA:73,4,1,0
BRDA:93,5,0,0
BRDA:93,5,1,0
BRDA:110,6,0,0
BRDA:110,6,1,0
BRDA:118,7,0,0
BRDA:118,7,1,0
BRDA:118,7,2,0
BRDA:120,8,0,0
BRDA:120,8,1,0
BRDA:158,9,0,0
BRDA:176,10,0,0
BRDA:179,11,0,0
BRDA:179,11,1,0
BRDA:214,12,0,0
BRDA:214,12,1,0
BRDA:243,13,0,0
BRF:24
BRH:0
end_of_record
TN:
SF:src\services\blockchain\SwapService.js
FN:5,(anonymous_0)
FN:21,(anonymous_1)
FN:137,(anonymous_2)
FN:203,(anonymous_3)
FN:249,(anonymous_4)
FN:310,(anonymous_5)
FN:325,(anonymous_6)
FN:335,(anonymous_7)
FN:392,(anonymous_8)
FNF:9
FNH:0
FNDA:0,(anonymous_0)
FNDA:0,(anonymous_1)
FNDA:0,(anonymous_2)
FNDA:0,(anonymous_3)
FNDA:0,(anonymous_4)
FNDA:0,(anonymous_5)
FNDA:0,(anonymous_6)
FNDA:0,(anonymous_7)
FNDA:0,(anonymous_8)
DA:1,0
DA:2,0
DA:6,0
DA:8,0
DA:9,0
DA:10,0
DA:22,0
DA:23,0
DA:26,0
DA:27,0
DA:30,0
DA:36,0
DA:37,0
DA:40,0
DA:45,0
DA:46,0
DA:50,0
DA:51,0
DA:54,0
DA:57,0
DA:59,0
DA:65,0
DA:67,0
DA:76,0
DA:85,0
DA:92,0
DA:93,0
DA:95,0
DA:96,0
DA:98,0
DA:99,0
DA:101,0
DA:108,0
DA:124,0
DA:125,0
DA:138,0
DA:139,0
DA:142,0
DA:143,0
DA:147,0
DA:148,0
DA:151,0
DA:152,0
DA:153,0
DA:155,0
DA:158,0
DA:163,0
DA:167,0
DA:168,0
DA:169,0
DA:171,0
DA:176,0
DA:191,0
DA:192,0
DA:204,0
DA:205,0
DA:206,0
DA:208,0
DA:213,0
DA:214,0
DA:216,0
DA:220,0
DA:221,0
DA:225,0
DA:226,0
DA:228,0
DA:238,0
DA:239,0
DA:250,0
DA:251,0
DA:252,0
DA:257,0
DA:258,0
DA:263,0
DA:267,0
DA:268,0
DA:269,0
DA:272,0
DA:274,0
DA:279,0
DA:280,0
DA:282,0
DA:292,0
DA:297,0
DA:298,0
DA:300,0
DA:301,0
DA:311,0
DA:315,0
DA:316,0
DA:327,0
DA:328,0
DA:336,0
DA:393,0
DA:425,0
LF:95
LH:0
BRDA:21,0,0,0
BRDA:26,1,0,0
BRDA:26,1,1,0
BRDA:27,2,0,0
BRDA:27,2,1,0
BRDA:36,3,0,0
BRDA:36,3,1,0
BRDA:37,4,0,0
BRDA:37,4,1,0
BRDA:57,5,0,0
BRDA:57,5,1,0
BRDA:65,6,0,0
BRDA:65,6,1,0
BRDA:89,7,0,0
BRDA:89,7,1,0
BRDA:137,8,0,0
BRDA:142,9,0,0
BRDA:142,9,1,0
BRDA:178,10,0,0
BRDA:178,10,1,0
BRDA:205,11,0,0
BRDA:205,11,1,0
BRDA:206,12,0,0
BRDA:206,12,1,0
BRDA:213,13,0,0
BRDA:213,13,1,0
BRDA:214,14,0,0
BRDA:214,14,1,0
BRDA:267,15,0,0
BRDA:267,15,1,0
BRF:30
BRH:0
end_of_record
TN:
SF:src\services\blockchain\TransferService.js
FN:5,(anonymous_0)
FN:17,(anonymous_1)
FN:95,(anonymous_2)
FN:170,(anonymous_3)
FN:188,(anonymous_4)
FN:205,(anonymous_5)
FN:247,(anonymous_6)
FN:282,(anonymous_7)
FNF:8
FNH:0
FNDA:0,(anonymous_0)
FNDA:0,(anonymous_1)
FNDA:0,(anonymous_2)
FNDA:0,(anonymous_3)
FNDA:0,(anonymous_4)
FNDA:0,(anonymous_5)
FNDA:0,(anonymous_6)
FNDA:0,(anonymous_7)
DA:1,0
DA:2,0
DA:6,0
DA:18,0
DA:19,0
DA:20,0
DA:22,0
DA:23,0
DA:28,0
DA:30,0
DA:32,0
DA:40,0
DA:41,0
DA:44,0
DA:49,0
DA:50,0
DA:54,0
DA:56,0
DA:65,0
DA:66,0
DA:69,0
DA:70,0
DA:72,0
DA:74,0
DA:82,0
DA:83,0
DA:96,0
DA:97,0
DA:99,0
DA:100,0
DA:104,0
DA:105,0
DA:108,0
DA:109,0
DA:113,0
DA:114,0
DA:118,0
DA:119,0
DA:120,0
DA:122,0
DA:125,0
DA:130,0
DA:134,0
DA:135,0
DA:136,0
DA:138,0
DA:143,0
DA:158,0
DA:159,0
DA:171,0
DA:172,0
DA:173,0
DA:175,0
DA:176,0
DA:189,0
DA:190,0
DA:191,0
DA:193,0
DA:194,0
DA:206,0
DA:207,0
DA:208,0
DA:210,0
DA:211,0
DA:212,0
DA:218,0
DA:220,0
DA:228,0
DA:236,0
DA:237,0
DA:248,0
DA:249,0
DA:254,0
DA:261,0
DA:263,0
DA:273,0
DA:274,0
DA:283,0
DA:346,0
LF:79
LH:0
BRDA:17,0,0,0
BRDA:19,1,0,0
BRDA:19,1,1,0
BRDA:22,2,0,0
BRDA:22,2,1,0
BRDA:28,3,0,0
BRDA:28,3,1,0
BRDA:40,4,0,0
BRDA:40,4,1,0
BRDA:77,5,0,0
BRDA:77,5,1,0
BRDA:95,6,0,0
BRDA:99,7,0,0
BRDA:99,7,1,0
BRDA:109,8,0,0
BRDA:109,8,1,0
BRDA:113,9,0,0
BRDA:113,9,1,0
BRDA:145,10,0,0
BRDA:145,10,1,0
BRDA:153,11,0,0
BRDA:153,11,1,0
BRDA:205,12,0,0
BRF:23
BRH:0
end_of_record
TN:
SF:src\services\chainGPT\AuditorService.js
FN:5,(anonymous_0)
FN:14,(anonymous_1)
FN:72,(anonymous_2)
FN:125,(anonymous_3)
FN:150,(anonymous_4)
FN:151,(anonymous_5)
FN:152,(anonymous_6)
FN:153,(anonymous_7)
FN:169,(anonymous_8)
FN:179,(anonymous_9)
FN:209,(anonymous_10)
FN:222,(anonymous_11)
FN:223,(anonymous_12)
FN:242,(anonymous_13)
FN:243,(anonymous_14)
FN:250,(anonymous_15)
FN:251,(anonymous_16)
FN:258,(anonymous_17)
FN:259,(anonymous_18)
FN:276,(anonymous_19)
FN:298,(anonymous_20)
FN:329,(anonymous_21)
FN:330,(anonymous_22)
FN:333,(anonymous_23)
FN:336,(anonymous_24)
FN:339,(anonymous_25)
FN:342,(anonymous_26)
FN:356,(anonymous_27)
FNF:28
FNH:0
FNDA:0,(anonymous_0)
FNDA:0,(anonymous_1)
FNDA:0,(anonymous_2)
FNDA:0,(anonymous_3)
FNDA:0,(anonymous_4)
FNDA:0,(anonymous_5)
FNDA:0,(anonymous_6)
FNDA:0,(anonymous_7)
FNDA:0,(anonymous_8)
FNDA:0,(anonymous_9)
FNDA:0,(anonymous_10)
FNDA:0,(anonymous_11)
FNDA:0,(anonymous_12)
FNDA:0,(anonymous_13)
FNDA:0,(anonymous_14)
FNDA:0,(anonymous_15)
FNDA:0,(anonymous_16)
FNDA:0,(anonymous_17)
FNDA:0,(anonymous_18)
FNDA:0,(anonymous_19)
FNDA:0,(anonymous_20)
FNDA:0,(anonymous_21)
FNDA:0,(anonymous_22)
FNDA:0,(anonymous_23)
FNDA:0,(anonymous_24)
FNDA:0,(anonymous_25)
FNDA:0,(anonymous_26)
FNDA:0,(anonymous_27)
DA:1,0
DA:2,0
DA:6,0
DA:15,0
DA:16,0
DA:45,0
DA:47,0
DA:49,0
DA:62,0
DA:63,0
DA:73,0
DA:74,0
DA:99,0
DA:101,0
DA:102,0
DA:104,0
DA:115,0
DA:116,0
DA:126,0
DA:127,0
DA:143,0
DA:145,0
DA:147,0
DA:150,0
DA:151,0
DA:152,0
DA:153,0
DA:159,0
DA:160,0
DA:170,0
DA:171,0
DA:173,0
DA:179,0
DA:197,0
DA:199,0
DA:200,0
DA:210,0
DA:220,0
DA:221,0
DA:222,0
DA:223,0
DA:224,0
DA:225,0
DA:233,0
DA:234,0
DA:235,0
DA:239,0
DA:240,0
DA:241,0
DA:242,0
DA:243,0
DA:247,0
DA:248,0
DA:249,0
DA:250,0
DA:251,0
DA:255,0
DA:256,0
DA:257,0
DA:258,0
DA:259,0
DA:263,0
DA:264,0
DA:265,0
DA:268,0
DA:277,0
DA:278,0
DA:280,0
DA:281,0
DA:282,0
DA:283,0
DA:290,0
DA:299,0
DA:302,0
DA:303,0
DA:304,0
DA:305,0
DA:306,0
DA:307,0
DA:308,0
DA:317,0
DA:318,0
DA:321,0
DA:330,0
DA:331,0
DA:333,0
DA:334,0
DA:336,0
DA:337,0
DA:339,0
DA:340,0
DA:342,0
DA:343,0
DA:345,0
DA:346,0
DA:348,0
DA:357,0
DA:358,0
DA:360,0
DA:361,0
DA:362,0
DA:363,0
DA:364,0
DA:365,0
DA:367,0
DA:372,0
LF:106
LH:0
BRDA:221,0,0,0
BRDA:221,0,1,0
BRDA:227,1,0,0
BRDA:227,1,1,0
BRDA:234,2,0,0
BRDA:234,2,1,0
BRDA:240,3,0,0
BRDA:240,3,1,0
BRDA:248,4,0,0
BRDA:248,4,1,0
BRDA:256,5,0,0
BRDA:256,5,1,0
BRDA:264,6,0,0
BRDA:264,6,1,0
BRDA:282,7,0,0
BRDA:282,7,1,0
BRDA:282,8,0,0
BRDA:282,8,1,0
BRDA:303,9,0,0
BRDA:303,9,1,0
BRDA:307,10,0,0
BRDA:307,10,1,0
BRDA:307,11,0,0
BRDA:307,11,1,0
BRDA:317,12,0,0
BRDA:317,12,1,0
BRDA:330,13,0,0
BRDA:330,13,1,0
BRDA:333,14,0,0
BRDA:333,14,1,0
BRDA:336,15,0,0
BRDA:336,15,1,0
BRDA:339,16,0,0
BRDA:339,16,1,0
BRDA:342,17,0,0
BRDA:342,17,1,0
BRDA:345,18,0,0
BRDA:345,18,1,0
BRDA:360,19,0,0
BRDA:360,19,1,0
BRDA:362,20,0,0
BRDA:362,20,1,0
BRDA:364,21,0,0
BRDA:364,21,1,0
BRF:44
BRH:0
end_of_record
TN:
SF:src\services\chainGPT\GeneratorService.js
FN:5,(anonymous_0)
FN:14,(anonymous_1)
FN:83,(anonymous_2)
FN:153,(anonymous_3)
FN:202,(anonymous_4)
FN:243,(anonymous_5)
FN:258,(anonymous_6)
FN:287,(anonymous_7)
FN:303,(anonymous_8)
FN:314,(anonymous_9)
FN:327,(anonymous_10)
FN:340,(anonymous_11)
FNF:12
FNH:0
FNDA:0,(anonymous_0)
FNDA:0,(anonymous_1)
FNDA:0,(anonymous_2)
FNDA:0,(anonymous_3)
FNDA:0,(anonymous_4)
FNDA:0,(anonymous_5)
FNDA:0,(anonymous_6)
FNDA:0,(anonymous_7)
FNDA:0,(anonymous_8)
FNDA:0,(anonymous_9)
FNDA:0,(anonymous_10)
FNDA:0,(anonymous_11)
DA:1,0
DA:2,0
DA:6,0
DA:15,0
DA:26,0
DA:28,0
DA:29,0
DA:30,0
DA:31,0
DA:32,0
DA:34,0
DA:52,0
DA:54,0
DA:55,0
DA:56,0
DA:58,0
DA:73,0
DA:74,0
DA:84,0
DA:93,0
DA:95,0
DA:96,0
DA:97,0
DA:98,0
DA:100,0
DA:120,0
DA:122,0
DA:123,0
DA:124,0
DA:126,0
DA:142,0
DA:143,0
DA:154,0
DA:155,0
DA:172,0
DA:174,0
DA:176,0
DA:193,0
DA:194,0
DA:203,0
DA:204,0
DA:217,0
DA:219,0
DA:221,0
DA:233,0
DA:234,0
DA:245,0
DA:248,0
DA:250,0
DA:259,0
DA:271,0
DA:272,0
DA:275,0
DA:276,0
DA:279,0
DA:288,0
DA:304,0
DA:315,0
DA:328,0
DA:341,0
DA:349,0
LF:61
LH:0
BRDA:17,0,0,0
BRDA:18,1,0,0
BRDA:19,2,0,0
BRDA:20,3,0,0
BRDA:21,4,0,0
BRDA:22,5,0,0
BRDA:23,6,0,0
BRDA:24,7,0,0
BRDA:25,8,0,0
BRDA:29,9,0,0
BRDA:29,9,1,0
BRDA:30,10,0,0
BRDA:30,10,1,0
BRDA:31,11,0,0
BRDA:31,11,1,0
BRDA:32,12,0,0
BRDA:32,12,1,0
BRDA:32,13,0,0
BRDA:32,13,1,0
BRDA:40,14,0,0
BRDA:40,14,1,0
BRDA:86,15,0,0
BRDA:87,16,0,0
BRDA:88,17,0,0
BRDA:89,18,0,0
BRDA:90,19,0,0
BRDA:91,20,0,0
BRDA:92,21,0,0
BRDA:96,22,0,0
BRDA:96,22,1,0
BRDA:97,23,0,0
BRDA:97,23,1,0
BRDA:98,24,0,0
BRDA:98,24,1,0
BRDA:104,25,0,0
BRDA:104,25,1,0
BRDA:105,26,0,0
BRDA:105,26,1,0
BRDA:106,27,0,0
BRDA:106,27,1,0
BRDA:107,28,0,0
BRDA:107,28,1,0
BRDA:116,29,0,0
BRDA:116,29,1,0
BRDA:271,30,0,0
BRDA:271,30,1,0
BRDA:275,31,0,0
BRDA:275,31,1,0
BRDA:329,32,0,0
BRDA:329,32,1,0
BRDA:330,33,0,0
BRDA:330,33,1,0
BRDA:331,34,0,0
BRDA:331,34,1,0
BRDA:342,35,0,0
BRDA:342,35,1,0
BRDA:343,36,0,0
BRDA:343,36,1,0
BRDA:344,37,0,0
BRDA:344,37,1,0
BRF:60
BRH:0
end_of_record
TN:
SF:src\services\chainGPT\LLMService.js
FN:5,(anonymous_0)
FN:20,(anonymous_1)
FN:62,(anonymous_2)
FN:92,(anonymous_3)
FN:115,(anonymous_4)
FN:147,(anonymous_5)
FN:179,(anonymous_6)
FN:214,(anonymous_7)
FN:230,(anonymous_8)
FN:242,(anonymous_9)
FN:258,(anonymous_10)
FN:279,(anonymous_11)
FNF:12
FNH:11
FNDA:1,(anonymous_0)
FNDA:8,(anonymous_1)
FNDA:2,(anonymous_2)
FNDA:1,(anonymous_3)
FNDA:0,(anonymous_4)
FNDA:1,(anonymous_5)
FNDA:9,(anonymous_6)
FNDA:10,(anonymous_7)
FNDA:2,(anonymous_8)
FNDA:2,(anonymous_9)
FNDA:9,(anonymous_10)
FNDA:1,(anonymous_11)
DA:1,1
DA:2,1
DA:6,1
DA:7,1
DA:8,1
DA:9,1
DA:10,1
DA:21,8
DA:22,8
DA:23,8
DA:24,8
DA:25,0
DA:26,0
DA:29,8
DA:30,8
DA:31,3
DA:33,8
DA:35,8
DA:42,5
DA:49,0
DA:50,0
DA:52,8
DA:53,8
DA:63,2
DA:64,2
DA:65,2
DA:66,2
DA:68,2
DA:69,2
DA:71,2
DA:73,2
DA:79,2
DA:80,2
DA:82,0
DA:83,0
DA:93,1
DA:94,1
DA:95,1
DA:97,1
DA:99,1
DA:105,0
DA:106,0
DA:116,0
DA:117,0
DA:118,0
DA:119,0
DA:120,0
DA:122,0
DA:123,0
DA:125,0
DA:127,0
DA:133,0
DA:134,0
DA:136,0
DA:137,0
DA:148,1
DA:149,1
DA:150,0
DA:153,1
DA:160,1
DA:168,1
DA:169,1
DA:180,9
DA:182,9
DA:184,9
DA:185,9
DA:193,7
DA:195,3
DA:196,1
DA:197,1
DA:200,2
DA:201,0
DA:202,0
DA:205,2
DA:215,10
DA:216,10
DA:217,0
DA:219,10
DA:220,0
DA:222,10
DA:231,2
DA:243,2
DA:244,2
DA:245,41
DA:246,41
DA:247,41
DA:249,2
DA:259,9
DA:267,9
DA:280,1
DA:281,1
DA:285,1
LF:92
LH:66
BRDA:6,0,0,1
BRDA:6,0,1,0
BRDA:20,1,0,5
BRDA:20,2,0,5
BRDA:24,3,0,0
BRDA:24,3,1,8
BRDA:30,4,0,3
BRDA:30,4,1,5
BRDA:44,5,0,0
BRDA:44,5,1,0
BRDA:45,6,0,0
BRDA:45,6,1,0
BRDA:66,7,0,0
BRDA:66,7,1,2
BRDA:117,8,0,0
BRDA:117,8,1,0
BRDA:120,9,0,0
BRDA:120,9,1,0
BRDA:147,10,0,1
BRDA:149,11,0,0
BRDA:149,11,1,1
BRDA:149,12,0,1
BRDA:149,12,1,1
BRDA:162,13,0,0
BRDA:162,13,1,0
BRDA:163,14,0,0
BRDA:163,14,1,0
BRDA:195,15,0,1
BRDA:195,15,1,2
BRDA:200,16,0,0
BRDA:200,16,1,2
BRDA:216,17,0,0
BRDA:216,17,1,10
BRDA:216,18,0,10
BRDA:216,18,1,0
BRDA:219,19,0,0
BRDA:219,19,1,10
BRDA:268,20,0,9
BRDA:268,20,1,0
BRF:39
BRH:18
end_of_record
TN:
SF:src\services\memory\ConversationManager.js
FN:5,(anonymous_0)
FN:16,(anonymous_1)
FN:50,(anonymous_2)
FN:125,(anonymous_3)
FN:160,(anonymous_4)
FN:182,(anonymous_5)
FN:201,(anonymous_6)
FN:208,(anonymous_7)
FN:239,(anonymous_8)
FN:277,(anonymous_9)
FN:300,(anonymous_10)
FN:311,(anonymous_11)
FN:317,(anonymous_12)
FN:332,(anonymous_13)
FN:335,(anonymous_14)
FN:347,(anonymous_15)
FN:356,(anonymous_16)
FNF:17
FNH:0
FNDA:0,(anonymous_0)
FNDA:0,(anonymous_1)
FNDA:0,(anonymous_2)
FNDA:0,(anonymous_3)
FNDA:0,(anonymous_4)
FNDA:0,(anonymous_5)
FNDA:0,(anonymous_6)
FNDA:0,(anonymous_7)
FNDA:0,(anonymous_8)
FNDA:0,(anonymous_9)
FNDA:0,(anonymous_10)
FNDA:0,(anonymous_11)
FNDA:0,(anonymous_12)
FNDA:0,(anonymous_13)
FNDA:0,(anonymous_14)
FNDA:0,(anonymous_15)
FNDA:0,(anonymous_16)
DA:1,0
DA:2,0
DA:6,0
DA:7,0
DA:17,0
DA:18,0
DA:26,0
DA:28,0
DA:30,0
DA:37,0
DA:38,0
DA:51,0
DA:52,0
DA:55,0
DA:57,0
DA:62,0
DA:63,0
DA:64,0
DA:66,0
DA:68,0
DA:76,0
DA:78,0
DA:80,0
DA:81,0
DA:88,0
DA:89,0
DA:90,0
DA:91,0
DA:93,0
DA:95,0
DA:106,0
DA:114,0
DA:115,0
DA:126,0
DA:127,0
DA:133,0
DA:135,0
DA:136,0
DA:140,0
DA:146,0
DA:148,0
DA:150,0
DA:151,0
DA:161,0
DA:162,0
DA:164,0
DA:165,0
DA:172,0
DA:173,0
DA:175,0
DA:182,0
DA:186,0
DA:188,0
DA:190,0
DA:191,0
DA:202,0
DA:203,0
DA:204,0
DA:206,0
DA:208,0
DA:209,0
DA:212,0
DA:214,0
DA:221,0
DA:229,0
DA:230,0
DA:240,0
DA:241,0
DA:243,0
DA:244,0
DA:251,0
DA:252,0
DA:253,0
DA:254,0
DA:255,0
DA:257,0
DA:267,0
DA:268,0
DA:278,0
DA:279,0
DA:280,0
DA:282,0
DA:289,0
DA:290,0
DA:301,0
DA:302,0
DA:303,0
DA:312,0
DA:313,0
DA:315,0
DA:316,0
DA:317,0
DA:318,0
DA:319,0
DA:324,0
DA:333,0
DA:335,0
DA:336,0
DA:339,0
DA:348,0
DA:357,0
DA:358,0
DA:360,0
DA:361,0
DA:362,0
DA:364,0
DA:366,0
DA:373,0
DA:378,0
DA:379,0
DA:384,0
LF:111
LH:0
BRDA:50,0,0,0
BRDA:50,1,0,0
BRDA:55,2,0,0
BRDA:55,2,1,0
BRDA:57,3,0,0
BRDA:57,3,1,0
BRDA:76,4,0,0
BRDA:76,4,1,0
BRDA:80,5,0,0
BRDA:80,5,1,0
BRDA:80,6,0,0
BRDA:80,6,1,0
BRDA:125,7,0,0
BRDA:164,8,0,0
BRDA:164,8,1,0
BRDA:201,9,0,0
BRDA:243,10,0,0
BRDA:243,10,1,0
BRDA:318,11,0,0
BRDA:318,11,1,0
BRDA:333,12,0,0
BRDA:333,12,1,0
BRDA:348,13,0,0
BRDA:348,13,1,0
BRDA:360,14,0,0
BRDA:360,14,1,0
BRF:26
BRH:0
end_of_record
TN:
SF:src\services\memory\MembaseService.js
FN:5,(anonymous_0)
FN:30,(anonymous_1)
FN:56,(anonymous_2)
FN:62,(anonymous_3)
FN:81,(anonymous_4)
FN:105,(anonymous_5)
FN:112,(anonymous_6)
FN:131,(anonymous_7)
FN:163,(anonymous_8)
FN:169,(anonymous_9)
FN:188,(anonymous_10)
FN:213,(anonymous_11)
FN:237,(anonymous_12)
FN:255,(anonymous_13)
FN:299,(anonymous_14)
FN:335,(anonymous_15)
FN:362,(anonymous_16)
FN:387,(anonymous_17)
FN:400,(anonymous_18)
FN:424,(anonymous_19)
FN:432,(anonymous_20)
FNF:21
FNH:18
FNDA:5,(anonymous_0)
FNDA:4,(anonymous_1)
FNDA:2,(anonymous_2)
FNDA:119,(anonymous_3)
FNDA:1,(anonymous_4)
FNDA:2,(anonymous_5)
FNDA:2,(anonymous_6)
FNDA:1,(anonymous_7)
FNDA:1,(anonymous_8)
FNDA:0,(anonymous_9)
FNDA:1,(anonymous_10)
FNDA:2,(anonymous_11)
FNDA:1,(anonymous_12)
FNDA:7,(anonymous_13)
FNDA:8,(anonymous_14)
FNDA:1,(anonymous_15)
FNDA:2,(anonymous_16)
FNDA:1,(anonymous_17)
FNDA:0,(anonymous_18)
FNDA:0,(anonymous_19)
FNDA:1,(anonymous_20)
DA:1,5
DA:2,5
DA:6,5
DA:7,5
DA:8,5
DA:11,5
DA:18,5
DA:19,5
DA:31,4
DA:32,4
DA:40,4
DA:42,1
DA:43,1
DA:45,3
DA:46,3
DA:57,2
DA:58,2
DA:59,2
DA:62,2
DA:63,119
DA:66,2
DA:67,2
DA:69,0
DA:70,0
DA:82,1
DA:83,1
DA:90,1
DA:92,1
DA:93,1
DA:95,0
DA:96,0
DA:106,2
DA:107,2
DA:108,2
DA:111,2
DA:112,2
DA:113,2
DA:116,2
DA:117,2
DA:119,0
DA:120,0
DA:132,1
DA:133,1
DA:147,1
DA:149,1
DA:150,1
DA:152,0
DA:153,0
DA:164,1
DA:165,1
DA:166,1
DA:169,1
DA:170,0
DA:173,1
DA:174,1
DA:176,0
DA:177,0
DA:189,1
DA:190,1
DA:198,1
DA:200,1
DA:201,1
DA:203,0
DA:204,0
DA:214,2
DA:215,2
DA:216,2
DA:218,2
DA:219,1
DA:222,1
DA:223,1
DA:225,1
DA:226,1
DA:238,1
DA:239,1
DA:241,1
DA:242,1
DA:244,0
DA:245,0
DA:256,7
DA:257,7
DA:258,0
DA:261,7
DA:277,4
DA:284,3
DA:285,1
DA:286,1
DA:288,3
DA:300,8
DA:301,8
DA:302,0
DA:305,8
DA:322,8
DA:324,0
DA:336,1
DA:338,1
DA:339,0
DA:342,1
DA:344,1
DA:346,1
DA:363,2
DA:365,2
DA:366,0
DA:369,2
DA:370,2
DA:371,1
DA:372,1
DA:374,1
DA:377,2
DA:378,2
DA:388,1
DA:401,0
DA:403,0
DA:405,0
DA:406,0
DA:408,0
DA:409,0
DA:410,0
DA:411,0
DA:414,0
DA:415,0
DA:425,0
DA:433,1
DA:446,5
LF:124
LH:93
BRDA:6,0,0,5
BRDA:6,0,1,0
BRDA:8,1,0,5
BRDA:8,1,1,0
BRDA:30,2,0,3
BRDA:56,3,0,0
BRDA:131,4,0,1
BRDA:135,5,0,1
BRDA:135,5,1,0
BRDA:163,6,0,0
BRDA:218,7,0,1
BRDA:218,7,1,1
BRDA:226,8,0,1
BRDA:226,8,1,1
BRDA:237,9,0,0
BRDA:237,10,0,0
BRDA:257,11,0,0
BRDA:257,11,1,7
BRDA:279,12,0,4
BRDA:279,12,1,0
BRDA:284,13,0,1
BRDA:284,13,1,2
BRDA:299,14,0,0
BRDA:299,15,0,2
BRDA:301,16,0,0
BRDA:301,16,1,8
BRDA:322,17,0,8
BRDA:322,17,1,0
BRDA:338,18,0,0
BRDA:338,18,1,1
BRDA:362,19,0,0
BRDA:365,20,0,0
BRDA:365,20,1,2
BRDA:371,21,0,1
BRDA:371,21,1,0
BRDA:374,22,0,0
BRDA:374,22,1,1
BRDA:401,23,0,0
BRDA:401,23,1,0
BRDA:410,24,0,0
BRDA:410,24,1,0
BRF:41
BRH:20
end_of_record
TN:
SF:src\services\memory\PreferenceManager.js
FN:5,(anonymous_0)
FN:31,(anonymous_1)
FN:60,(anonymous_2)
FN:81,(anonymous_3)
FN:127,(anonymous_4)
FN:157,(anonymous_5)
FN:187,(anonymous_6)
FN:217,(anonymous_7)
FN:241,(anonymous_8)
FN:265,(anonymous_9)
FN:302,(anonymous_10)
FN:311,(anonymous_11)
FN:337,(anonymous_12)
FN:356,(anonymous_13)
FN:358,(anonymous_14)
FN:359,(anonymous_15)
FN:360,(anonymous_16)
FN:361,(anonymous_17)
FN:362,(anonymous_18)
FN:363,(anonymous_19)
FNF:20
FNH:0
FNDA:0,(anonymous_0)
FNDA:0,(anonymous_1)
FNDA:0,(anonymous_2)
FNDA:0,(anonymous_3)
FNDA:0,(anonymous_4)
FNDA:0,(anonymous_5)
FNDA:0,(anonymous_6)
FNDA:0,(anonymous_7)
FNDA:0,(anonymous_8)
FNDA:0,(anonymous_9)
FNDA:0,(anonymous_10)
FNDA:0,(anonymous_11)
FNDA:0,(anonymous_12)
FNDA:0,(anonymous_13)
FNDA:0,(anonymous_14)
FNDA:0,(anonymous_15)
FNDA:0,(anonymous_16)
FNDA:0,(anonymous_17)
FNDA:0,(anonymous_18)
FNDA:0,(anonymous_19)
DA:1,0
DA:2,0
DA:6,0
DA:13,0
DA:32,0
DA:33,0
DA:35,0
DA:37,0
DA:39,0
DA:48,0
DA:49,0
DA:61,0
DA:62,0
DA:63,0
DA:65,0
DA:67,0
DA:69,0
DA:71,0
DA:72,0
DA:82,0
DA:83,0
DA:86,0
DA:93,0
DA:94,0
DA:95,0
DA:96,0
DA:101,0
DA:106,0
DA:108,0
DA:110,0
DA:111,0
DA:128,0
DA:129,0
DA:131,0
DA:132,0
DA:135,0
DA:142,0
DA:144,0
DA:146,0
DA:147,0
DA:158,0
DA:159,0
DA:161,0
DA:162,0
DA:165,0
DA:172,0
DA:174,0
DA:176,0
DA:177,0
DA:188,0
DA:189,0
DA:191,0
DA:192,0
DA:195,0
DA:202,0
DA:204,0
DA:206,0
DA:207,0
DA:218,0
DA:219,0
DA:226,0
DA:228,0
DA:230,0
DA:231,0
DA:242,0
DA:243,0
DA:250,0
DA:252,0
DA:254,0
DA:255,0
DA:266,0
DA:267,0
DA:269,0
DA:271,0
DA:272,0
DA:273,0
DA:277,0
DA:278,0
DA:279,0
DA:283,0
DA:285,0
DA:292,0
DA:293,0
DA:303,0
DA:312,0
DA:329,0
DA:338,0
DA:347,0
DA:357,0
DA:358,0
DA:359,0
DA:360,0
DA:361,0
DA:362,0
DA:363,0
DA:366,0
DA:367,0
DA:371,0
LF:98
LH:0
BRDA:69,0,0,0
BRDA:69,0,1,0
BRDA:95,1,0,0
BRDA:95,1,1,0
BRDA:131,2,0,0
BRDA:131,2,1,0
BRDA:161,3,0,0
BRDA:161,3,1,0
BRDA:191,4,0,0
BRDA:191,4,1,0
BRDA:191,5,0,0
BRDA:191,5,1,0
BRDA:191,5,2,0
BRDA:265,6,0,0
BRDA:269,7,0,0
BRDA:269,7,1,0
BRDA:283,8,0,0
BRDA:283,8,1,0
BRDA:288,9,0,0
BRDA:288,9,1,0
BRDA:303,10,0,0
BRDA:303,10,1,0
BRDA:329,11,0,0
BRDA:329,11,1,0
BRDA:347,12,0,0
BRDA:347,12,1,0
BRDA:360,13,0,0
BRDA:360,13,1,0
BRDA:360,13,2,0
BRDA:367,14,0,0
BRDA:367,14,1,0
BRF:31
BRH:0
end_of_record
TN:
SF:src\services\preview\PreviewService.js
FN:7,(anonymous_0)
FN:16,(anonymous_1)
FN:68,(anonymous_2)
FN:110,(anonymous_3)
FN:147,(anonymous_4)
FN:170,(anonymous_5)
FN:170,(anonymous_6)
FN:171,(anonymous_7)
FN:176,(anonymous_8)
FN:177,(anonymous_9)
FN:179,(anonymous_10)
FN:210,(anonymous_11)
FN:243,(anonymous_12)
FN:244,(anonymous_13)
FN:257,(anonymous_14)
FN:272,(anonymous_15)
FN:287,(anonymous_16)
FN:302,(anonymous_17)
FN:313,(anonymous_18)
FN:322,(anonymous_19)
FN:331,(anonymous_20)
FN:341,(anonymous_21)
FNF:22
FNH:0
FNDA:0,(anonymous_0)
FNDA:0,(anonymous_1)
FNDA:0,(anonymous_2)
FNDA:0,(anonymous_3)
FNDA:0,(anonymous_4)
FNDA:0,(anonymous_5)
FNDA:0,(anonymous_6)
FNDA:0,(anonymous_7)
FNDA:0,(anonymous_8)
FNDA:0,(anonymous_9)
FNDA:0,(anonymous_10)
FNDA:0,(anonymous_11)
FNDA:0,(anonymous_12)
FNDA:0,(anonymous_13)
FNDA:0,(anonymous_14)
FNDA:0,(anonymous_15)
FNDA:0,(anonymous_16)
FNDA:0,(anonymous_17)
FNDA:0,(anonymous_18)
FNDA:0,(anonymous_19)
FNDA:0,(anonymous_20)
FNDA:0,(anonymous_21)
DA:1,0
DA:2,0
DA:3,0
DA:4,0
DA:8,0
DA:17,0
DA:19,0
DA:22,0
DA:28,0
DA:31,0
DA:37,0
DA:39,0
DA:44,0
DA:58,0
DA:59,0
DA:69,0
DA:70,0
DA:72,0
DA:84,0
DA:85,0
DA:86,0
DA:87,0
DA:88,0
DA:91,0
DA:92,0
DA:93,0
DA:94,0
DA:97,0
DA:99,0
DA:100,0
DA:111,0
DA:112,0
DA:114,0
DA:115,0
DA:116,0
DA:118,0
DA:134,0
DA:136,0
DA:137,0
DA:148,0
DA:149,0
DA:150,0
DA:156,0
DA:162,0
DA:163,0
DA:170,0
DA:171,0
DA:172,0
DA:173,0
DA:175,0
DA:176,0
DA:177,0
DA:178,0
DA:179,0
DA:182,0
DA:197,0
DA:198,0
DA:211,0
DA:212,0
DA:213,0
DA:214,0
DA:216,0
DA:218,0
DA:221,0
DA:222,0
DA:223,0
DA:226,0
DA:227,0
DA:228,0
DA:231,0
DA:234,0
DA:244,0
DA:258,0
DA:264,0
DA:273,0
DA:279,0
DA:288,0
DA:294,0
DA:303,0
DA:304,0
DA:305,0
DA:314,0
DA:315,0
DA:323,0
DA:324,0
DA:332,0
DA:342,0
DA:343,0
DA:346,0
DA:347,0
DA:349,0
DA:365,0
LF:92
LH:0
BRDA:75,0,0,0
BRDA:75,0,1,0
BRDA:76,1,0,0
BRDA:76,1,1,0
BRDA:78,2,0,0
BRDA:78,2,1,0
BRDA:84,3,0,0
BRDA:84,3,1,0
BRDA:85,4,0,0
BRDA:85,4,1,0
BRDA:87,5,0,0
BRDA:87,5,1,0
BRDA:91,6,0,0
BRDA:91,6,1,0
BRDA:114,7,0,0
BRDA:114,7,1,0
BRDA:115,8,0,0
BRDA:115,8,1,0
BRDA:121,9,0,0
BRDA:121,9,1,0
BRDA:122,10,0,0
BRDA:122,10,1,0
BRDA:149,11,0,0
BRDA:149,11,1,0
BRDA:162,12,0,0
BRDA:162,12,1,0
BRDA:178,13,0,0
BRDA:178,13,1,0
BRDA:213,14,0,0
BRDA:213,14,1,0
BRDA:214,15,0,0
BRDA:214,15,1,0
BRDA:216,16,0,0
BRDA:216,16,1,0
BRDA:216,16,2,0
BRDA:216,16,3,0
BRDA:216,16,4,0
BRDA:221,17,0,0
BRDA:221,17,1,0
BRDA:264,18,0,0
BRDA:264,18,1,0
BRDA:279,19,0,0
BRDA:279,19,1,0
BRDA:294,20,0,0
BRDA:294,20,1,0
BRDA:303,21,0,0
BRDA:303,21,1,0
BRDA:304,22,0,0
BRDA:304,22,1,0
BRDA:342,23,0,0
BRDA:342,23,1,0
BRF:51
BRH:0
end_of_record
TN:
SF:src\services\risk\RiskAssessmentService.js
FN:6,(anonymous_0)
FN:21,(anonymous_1)
FN:47,(anonymous_2)
FN:100,(anonymous_3)
FN:105,(anonymous_4)
FN:116,(anonymous_5)
FN:127,(anonymous_6)
FN:137,(anonymous_7)
FN:148,(anonymous_8)
FN:159,(anonymous_9)
FN:191,(anonymous_10)
FN:226,(anonymous_11)
FN:249,(anonymous_12)
FN:249,(anonymous_13)
FN:250,(anonymous_14)
FN:280,(anonymous_15)
FN:300,(anonymous_16)
FN:331,(anonymous_17)
FN:385,(anonymous_18)
FN:415,(anonymous_19)
FN:456,(anonymous_20)
FN:459,(anonymous_21)
FN:462,(anonymous_22)
FN:466,(anonymous_23)
FN:477,(anonymous_24)
FN:485,(anonymous_25)
FN:497,(anonymous_26)
FN:509,(anonymous_27)
FN:518,(anonymous_28)
FNF:29
FNH:0
FNDA:0,(anonymous_0)
FNDA:0,(anonymous_1)
FNDA:0,(anonymous_2)
FNDA:0,(anonymous_3)
FNDA:0,(anonymous_4)
FNDA:0,(anonymous_5)
FNDA:0,(anonymous_6)
FNDA:0,(anonymous_7)
FNDA:0,(anonymous_8)
FNDA:0,(anonymous_9)
FNDA:0,(anonymous_10)
FNDA:0,(anonymous_11)
FNDA:0,(anonymous_12)
FNDA:0,(anonymous_13)
FNDA:0,(anonymous_14)
FNDA:0,(anonymous_15)
FNDA:0,(anonymous_16)
FNDA:0,(anonymous_17)
FNDA:0,(anonymous_18)
FNDA:0,(anonymous_19)
FNDA:0,(anonymous_20)
FNDA:0,(anonymous_21)
FNDA:0,(anonymous_22)
FNDA:0,(anonymous_23)
FNDA:0,(anonymous_24)
FNDA:0,(anonymous_25)
FNDA:0,(anonymous_26)
FNDA:0,(anonymous_27)
FNDA:0,(anonymous_28)
DA:1,0
DA:2,0
DA:3,0
DA:7,0
DA:12,0
DA:13,0
DA:22,0
DA:23,0
DA:24,0
DA:25,0
DA:27,0
DA:29,0
DA:37,0
DA:38,0
DA:48,0
DA:50,0
DA:52,0
DA:53,0
DA:56,0
DA:60,0
DA:63,0
DA:67,0
DA:70,0
DA:75,0
DA:78,0
DA:81,0
DA:84,0
DA:85,0
DA:87,0
DA:89,0
DA:90,0
DA:101,0
DA:103,0
DA:105,0
DA:106,0
DA:107,0
DA:116,0
DA:117,0
DA:118,0
DA:127,0
DA:128,0
DA:129,0
DA:137,0
DA:138,0
DA:139,0
DA:148,0
DA:149,0
DA:150,0
DA:159,0
DA:160,0
DA:161,0
DA:170,0
DA:171,0
DA:179,0
DA:181,0
DA:182,0
DA:192,0
DA:193,0
DA:194,0
DA:197,0
DA:198,0
DA:200,0
DA:201,0
DA:213,0
DA:215,0
DA:216,0
DA:227,0
DA:228,0
DA:230,0
DA:231,0
DA:234,0
DA:236,0
DA:238,0
DA:249,0
DA:250,0
DA:251,0
DA:253,0
DA:254,0
DA:267,0
DA:269,0
DA:270,0
DA:281,0
DA:282,0
DA:285,0
DA:286,0
DA:298,0
DA:299,0
DA:300,0
DA:301,0
DA:304,0
DA:305,0
DA:317,0
DA:319,0
DA:320,0
DA:332,0
DA:333,0
DA:335,0
DA:336,0
DA:338,0
DA:339,0
DA:340,0
DA:342,0
DA:343,0
DA:344,0
DA:346,0
DA:359,0
DA:360,0
DA:362,0
DA:363,0
DA:373,0
DA:375,0
DA:376,0
DA:386,0
DA:387,0
DA:389,0
DA:390,0
DA:392,0
DA:393,0
DA:403,0
DA:405,0
DA:406,0
DA:416,0
DA:418,0
DA:420,0
DA:421,0
DA:422,0
DA:433,0
DA:434,0
DA:444,0
DA:446,0
DA:447,0
DA:457,0
DA:459,0
DA:460,0
DA:462,0
DA:463,0
DA:464,0
DA:466,0
DA:467,0
DA:468,0
DA:470,0
DA:478,0
DA:479,0
DA:481,0
DA:482,0
DA:485,0
DA:486,0
DA:488,0
DA:489,0
DA:498,0
DA:500,0
DA:501,0
DA:510,0
DA:511,0
DA:519,0
DA:520,0
DA:524,0
LF:157
LH:0
BRDA:53,0,0,0
BRDA:53,0,1,0
BRDA:60,1,0,0
BRDA:60,1,1,0
BRDA:67,2,0,0
BRDA:67,2,1,0
BRDA:75,3,0,0
BRDA:75,3,1,0
BRDA:81,4,0,0
BRDA:81,4,1,0
BRDA:106,5,0,0
BRDA:106,5,1,0
BRDA:117,6,0,0
BRDA:117,6,1,0
BRDA:128,7,0,0
BRDA:128,7,1,0
BRDA:138,8,0,0
BRDA:138,8,1,0
BRDA:149,9,0,0
BRDA:149,9,1,0
BRDA:160,10,0,0
BRDA:160,10,1,0
BRDA:170,11,0,0
BRDA:170,11,1,0
BRDA:193,12,0,0
BRDA:193,12,1,0
BRDA:193,13,0,0
BRDA:193,13,1,0
BRDA:200,14,0,0
BRDA:200,14,1,0
BRDA:228,15,0,0
BRDA:228,15,1,0
BRDA:228,16,0,0
BRDA:228,16,1,0
BRDA:236,17,0,0
BRDA:236,17,1,0
BRDA:253,18,0,0
BRDA:253,18,1,0
BRDA:253,19,0,0
BRDA:253,19,1,0
BRDA:282,20,0,0
BRDA:282,20,1,0
BRDA:285,21,0,0
BRDA:285,21,1,0
BRDA:298,22,0,0
BRDA:298,22,1,0
BRDA:301,23,0,0
BRDA:301,23,1,0
BRDA:304,24,0,0
BRDA:304,24,1,0
BRDA:333,25,0,0
BRDA:333,25,1,0
BRDA:333,26,0,0
BRDA:333,26,1,0
BRDA:339,27,0,0
BRDA:339,27,1,0
BRDA:342,28,0,0
BRDA:342,28,1,0
BRDA:362,29,0,0
BRDA:362,29,1,0
BRDA:387,30,0,0
BRDA:387,30,1,0
BRDA:392,31,0,0
BRDA:392,31,1,0
BRDA:421,32,0,0
BRDA:421,32,1,0
BRDA:421,33,0,0
BRDA:421,33,1,0
BRDA:433,34,0,0
BRDA:433,34,1,0
BRDA:433,35,0,0
BRDA:433,35,1,0
BRDA:457,36,0,0
BRDA:457,36,1,0
BRDA:460,37,0,0
BRDA:460,37,1,0
BRDA:463,38,0,0
BRDA:463,38,1,0
BRDA:464,39,0,0
BRDA:464,39,1,0
BRDA:467,40,0,0
BRDA:467,40,1,0
BRDA:468,41,0,0
BRDA:468,41,1,0
BRDA:479,42,0,0
BRDA:479,42,1,0
BRDA:500,43,0,0
BRDA:500,43,1,0
BRF:88
BRH:0
end_of_record
TN:
SF:src\services\x402\PaymentService.js
FN:8,(anonymous_0)
FN:19,(anonymous_1)
FN:57,(anonymous_2)
FN:117,(anonymous_3)
FN:152,(anonymous_4)
FN:205,(anonymous_5)
FN:287,(anonymous_6)
FN:296,(anonymous_7)
FN:315,(anonymous_8)
FN:343,(anonymous_9)
FN:402,(anonymous_10)
FN:448,(anonymous_11)
FN:459,(anonymous_12)
FN:468,(anonymous_13)
FN:477,(anonymous_14)
FNF:15
FNH:9
FNDA:2,(anonymous_0)
FNDA:3,(anonymous_1)
FNDA:3,(anonymous_2)
FNDA:0,(anonymous_3)
FNDA:3,(anonymous_4)
FNDA:0,(anonymous_5)
FNDA:1,(anonymous_6)
FNDA:0,(anonymous_7)
FNDA:0,(anonymous_8)
FNDA:1,(anonymous_9)
FNDA:4,(anonymous_10)
FNDA:10,(anonymous_11)
FNDA:3,(anonymous_12)
FNDA:0,(anonymous_13)
FNDA:0,(anonymous_14)
DA:1,2
DA:2,2
DA:3,2
DA:4,2
DA:5,2
DA:9,2
DA:10,2
DA:20,3
DA:21,3
DA:22,3
DA:32,3
DA:34,3
DA:36,3
DA:45,0
DA:46,0
DA:58,3
DA:59,3
DA:60,3
DA:62,3
DA:63,1
DA:67,2
DA:80,2
DA:82,2
DA:83,1
DA:87,1
DA:88,1
DA:90,1
DA:96,1
DA:98,1
DA:106,2
DA:107,2
DA:118,0
DA:119,0
DA:131,0
DA:133,0
DA:135,0
DA:141,0
DA:142,0
DA:153,3
DA:155,3
DA:160,3
DA:161,1
DA:165,2
DA:166,2
DA:167,1
DA:171,1
DA:176,1
DA:177,0
DA:180,1
DA:182,1
DA:190,2
DA:191,2
DA:206,0
DA:208,0
DA:210,0
DA:211,0
DA:216,0
DA:217,0
DA:219,0
DA:221,0
DA:222,0
DA:228,0
DA:231,0
DA:232,0
DA:238,0
DA:241,0
DA:242,0
DA:249,0
DA:252,0
DA:256,0
DA:259,0
DA:261,0
DA:266,0
DA:276,0
DA:277,0
DA:288,1
DA:289,1
DA:296,1
DA:297,0
DA:300,1
DA:302,1
DA:304,0
DA:305,0
DA:316,0
DA:317,0
DA:330,0
DA:332,0
DA:334,0
DA:344,1
DA:345,1
DA:346,1
DA:349,1
DA:356,1
DA:362,1
DA:363,1
DA:366,1
DA:368,1
DA:391,0
DA:392,0
DA:403,4
DA:404,4
DA:407,4
DA:408,4
DA:409,4
DA:411,4
DA:412,2
DA:413,2
DA:417,4
DA:418,1
DA:419,1
DA:423,4
DA:424,0
DA:425,0
DA:429,4
DA:430,4
DA:431,0
DA:432,4
DA:433,1
DA:436,4
DA:449,10
DA:450,10
DA:451,10
DA:452,10
DA:460,3
DA:469,0
DA:478,0
DA:482,2
LF:127
LH:79
BRDA:57,0,0,0
BRDA:60,1,0,3
BRDA:60,1,1,3
BRDA:62,2,0,1
BRDA:62,2,1,2
BRDA:70,3,0,2
BRDA:70,3,1,1
BRDA:73,4,0,2
BRDA:73,4,1,2
BRDA:82,5,0,1
BRDA:82,5,1,1
BRDA:121,6,0,0
BRDA:121,6,1,0
BRDA:122,7,0,0
BRDA:122,7,1,0
BRDA:123,8,0,0
BRDA:123,8,1,0
BRDA:124,9,0,0
BRDA:124,9,1,0
BRDA:125,10,0,0
BRDA:125,10,1,0
BRDA:126,11,0,0
BRDA:126,11,1,0
BRDA:160,12,0,1
BRDA:160,12,1,2
BRDA:166,13,0,1
BRDA:166,13,1,1
BRDA:176,14,0,0
BRDA:176,14,1,1
BRDA:210,15,0,0
BRDA:210,15,1,0
BRDA:211,16,0,0
BRDA:211,16,1,0
BRDA:219,17,0,0
BRDA:219,17,1,0
BRDA:219,17,2,0
BRDA:219,17,3,0
BRDA:233,18,0,0
BRDA:233,18,1,0
BRDA:236,19,0,0
BRDA:236,19,1,0
BRDA:245,20,0,0
BRDA:245,20,1,0
BRDA:247,21,0,0
BRDA:247,21,1,0
BRDA:287,22,0,0
BRDA:373,23,0,1
BRDA:373,23,1,1
BRDA:385,24,0,1
BRDA:385,24,1,0
BRDA:411,25,0,2
BRDA:411,25,1,2
BRDA:417,26,0,1
BRDA:417,26,1,3
BRDA:423,27,0,0
BRDA:423,27,1,4
BRDA:430,28,0,0
BRDA:430,28,1,4
BRDA:432,29,0,1
BRDA:432,29,1,3
BRDA:449,30,0,10
BRDA:449,30,1,5
BRDA:469,31,0,0
BRDA:469,31,1,0
BRF:64
BRH:28
end_of_record
TN:
SF:src\services\x402\PolicyService.js
FN:6,(anonymous_0)
FN:17,(anonymous_1)
FN:40,(anonymous_2)
FN:66,(anonymous_3)
FN:96,(anonymous_4)
FN:106,(anonymous_5)
FN:130,(anonymous_6)
FN:140,(anonymous_7)
FN:164,(anonymous_8)
FN:254,(anonymous_9)
FN:270,(anonymous_10)
FN:306,(anonymous_11)
FN:324,(anonymous_12)
FN:341,(anonymous_13)
FN:359,(anonymous_14)
FN:368,(anonymous_15)
FN:385,(anonymous_16)
FNF:17
FNH:1
FNDA:2,(anonymous_0)
FNDA:0,(anonymous_1)
FNDA:0,(anonymous_2)
FNDA:0,(anonymous_3)
FNDA:0,(anonymous_4)
FNDA:0,(anonymous_5)
FNDA:0,(anonymous_6)
FNDA:0,(anonymous_7)
FNDA:0,(anonymous_8)
FNDA:0,(anonymous_9)
FNDA:0,(anonymous_10)
FNDA:0,(anonymous_11)
FNDA:0,(anonymous_12)
FNDA:0,(anonymous_13)
FNDA:0,(anonymous_14)
FNDA:0,(anonymous_15)
FNDA:0,(anonymous_16)
DA:1,2
DA:2,2
DA:3,2
DA:7,2
DA:8,2
DA:18,0
DA:19,0
DA:20,0
DA:22,0
DA:24,0
DA:30,0
DA:31,0
DA:41,0
DA:43,0
DA:44,0
DA:48,0
DA:49,0
DA:51,0
DA:53,0
DA:55,0
DA:56,0
DA:67,0
DA:68,0
DA:69,0
DA:71,0
DA:72,0
DA:74,0
DA:76,0
DA:78,0
DA:85,0
DA:86,0
DA:97,0
DA:99,0
DA:100,0
DA:101,0
DA:105,0
DA:106,0
DA:107,0
DA:109,0
DA:111,0
DA:113,0
DA:119,0
DA:120,0
DA:131,0
DA:133,0
DA:134,0
DA:135,0
DA:139,0
DA:140,0
DA:141,0
DA:143,0
DA:145,0
DA:147,0
DA:153,0
DA:154,0
DA:165,0
DA:166,0
DA:167,0
DA:168,0
DA:170,0
DA:171,0
DA:174,0
DA:175,0
DA:176,0
DA:177,0
DA:182,0
DA:183,0
DA:184,0
DA:186,0
DA:187,0
DA:188,0
DA:189,0
DA:190,0
DA:191,0
DA:196,0
DA:197,0
DA:198,0
DA:202,0
DA:203,0
DA:204,0
DA:205,0
DA:210,0
DA:211,0
DA:212,0
DA:213,0
DA:218,0
DA:219,0
DA:220,0
DA:224,0
DA:226,0
DA:232,0
DA:239,0
DA:240,0
DA:255,0
DA:256,0
DA:257,0
DA:259,0
DA:260,0
DA:271,0
DA:272,0
DA:273,0
DA:275,0
DA:281,0
DA:282,0
DA:284,0
DA:285,0
DA:286,0
DA:293,0
DA:295,0
DA:297,0
DA:307,0
DA:308,0
DA:309,0
DA:311,0
DA:312,0
DA:314,0
DA:315,0
DA:325,0
DA:326,0
DA:327,0
DA:329,0
DA:330,0
DA:332,0
DA:333,0
DA:342,0
DA:343,0
DA:360,0
DA:361,0
DA:369,0
DA:371,0
DA:372,0
DA:373,0
DA:377,0
DA:386,0
DA:387,0
DA:388,0
DA:389,0
DA:391,0
DA:393,0
DA:416,0
DA:417,0
DA:422,2
LF:142
LH:6
BRDA:43,0,0,0
BRDA:43,0,1,0
BRDA:49,1,0,0
BRDA:49,1,1,0
BRDA:100,2,0,0
BRDA:100,2,1,0
BRDA:134,3,0,0
BRDA:134,3,1,0
BRDA:174,4,0,0
BRDA:174,4,1,0
BRDA:176,5,0,0
BRDA:176,5,1,0
BRDA:186,6,0,0
BRDA:186,6,1,0
BRDA:188,7,0,0
BRDA:188,7,1,0
BRDA:190,8,0,0
BRDA:190,8,1,0
BRDA:197,9,0,0
BRDA:197,9,1,0
BRDA:197,10,0,0
BRDA:197,10,1,0
BRDA:202,11,0,0
BRDA:202,11,1,0
BRDA:202,12,0,0
BRDA:202,12,1,0
BRDA:204,13,0,0
BRDA:204,13,1,0
BRDA:210,14,0,0
BRDA:210,14,1,0
BRDA:210,15,0,0
BRDA:210,15,1,0
BRDA:212,16,0,0
BRDA:212,16,1,0
BRDA:218,17,0,0
BRDA:218,17,1,0
BRDA:218,18,0,0
BRDA:218,18,1,0
BRDA:219,19,0,0
BRDA:219,19,1,0
BRDA:275,20,0,0
BRDA:275,20,1,0
BRDA:312,21,0,0
BRDA:312,21,1,0
BRDA:330,22,0,0
BRDA:330,22,1,0
BRDA:372,23,0,0
BRDA:372,23,1,0
BRF:48
BRH:0
end_of_record
TN:
SF:src\services\x402\SignatureService.js
FN:5,(anonymous_0)
FN:14,(anonymous_1)
FN:62,(anonymous_2)
FN:96,(anonymous_3)
FN:103,(anonymous_4)
FN:146,(anonymous_5)
FN:191,(anonymous_6)
FN:209,(anonymous_7)
FN:210,(anonymous_8)
FN:228,(anonymous_9)
FN:247,(anonymous_10)
FN:269,(anonymous_11)
FN:280,(anonymous_12)
FN:292,(anonymous_13)
FNF:14
FNH:1
FNDA:2,(anonymous_0)
FNDA:0,(anonymous_1)
FNDA:0,(anonymous_2)
FNDA:0,(anonymous_3)
FNDA:0,(anonymous_4)
FNDA:0,(anonymous_5)
FNDA:0,(anonymous_6)
FNDA:0,(anonymous_7)
FNDA:0,(anonymous_8)
FNDA:0,(anonymous_9)
FNDA:0,(anonymous_10)
FNDA:0,(anonymous_11)
FNDA:0,(anonymous_12)
FNDA:0,(anonymous_13)
DA:1,2
DA:2,2
DA:6,2
DA:15,0
DA:16,0
DA:19,0
DA:31,0
DA:32,0
DA:35,0
DA:40,0
DA:45,0
DA:51,0
DA:52,0
DA:63,0
DA:65,0
DA:66,0
DA:69,0
DA:75,0
DA:76,0
DA:78,0
DA:84,0
DA:86,0
DA:87,0
DA:97,0
DA:98,0
DA:101,0
DA:103,0
DA:115,0
DA:116,0
DA:119,0
DA:124,0
DA:128,0
DA:134,0
DA:135,0
DA:147,0
DA:148,0
DA:150,0
DA:161,0
DA:162,0
DA:165,0
DA:170,0
DA:175,0
DA:181,0
DA:182,0
DA:192,0
DA:210,0
DA:211,0
DA:214,0
DA:229,0
DA:231,0
DA:248,0
DA:249,0
DA:250,0
DA:251,0
DA:253,0
DA:259,0
DA:260,0
DA:270,0
DA:271,0
DA:283,0
DA:293,0
DA:294,0
DA:296,0
DA:323,0
DA:325,0
DA:327,0
DA:332,0
DA:333,0
DA:338,2
LF:69
LH:4
BRDA:21,0,0,0
BRDA:21,0,1,0
BRDA:26,1,0,0
BRDA:26,1,1,0
BRDA:27,2,0,0
BRDA:27,2,1,0
BRDA:106,3,0,0
BRDA:106,3,1,0
BRDA:107,4,0,0
BRDA:107,4,1,0
BRDA:292,5,0,0
BRF:11
BRH:0
end_of_record
TN:
SF:src\utils\logger.js
FN:17,(anonymous_0)
FN:21,(anonymous_1)
FN:26,(anonymous_2)
FN:40,(anonymous_3)
FN:54,(anonymous_4)
FN:58,(anonymous_5)
FN:62,(anonymous_6)
FN:66,(anonymous_7)
FN:77,(anonymous_8)
FN:81,(anonymous_9)
FN:85,(anonymous_10)
FNF:11
FNH:8
FNDA:10,(anonymous_0)
FNDA:10,(anonymous_1)
FNDA:44,(anonymous_2)
FNDA:53,(anonymous_3)
FNDA:9,(anonymous_4)
FNDA:22,(anonymous_5)
FNDA:5,(anonymous_6)
FNDA:17,(anonymous_7)
FNDA:0,(anonymous_8)
FNDA:0,(anonymous_9)
FNDA:0,(anonymous_10)
DA:1,10
DA:8,10
DA:18,10
DA:22,10
DA:23,10
DA:27,44
DA:28,44
DA:29,44
DA:31,44
DA:33,44
DA:34,34
DA:37,44
DA:41,53
DA:42,44
DA:44,44
DA:45,17
DA:46,27
DA:47,5
DA:49,22
DA:55,9
DA:59,22
DA:63,5
DA:68,17
DA:69,0
DA:70,0
DA:73,17
DA:78,0
DA:82,0
DA:86,0
DA:91,10
DA:93,10
LF:31
LH:26
BRDA:22,0,0,10
BRDA:22,0,1,10
BRDA:23,1,0,10
BRDA:23,1,1,0
BRDA:26,2,0,0
BRDA:33,3,0,34
BRDA:33,3,1,10
BRDA:40,4,0,0
BRDA:41,5,0,44
BRDA:41,5,1,9
BRDA:44,6,0,17
BRDA:44,6,1,27
BRDA:46,7,0,5
BRDA:46,7,1,22
BRDA:54,8,0,9
BRDA:58,9,0,5
BRDA:62,10,0,5
BRDA:66,11,0,0
BRDA:68,12,0,0
BRDA:68,12,1,17
BRDA:77,13,0,0
BRDA:81,14,0,0
BRDA:85,15,0,0
BRF:23
BRH:15
end_of_record
